nombrecliente
--------------------------------------------------
ABRAHÁN GARRIDO GIL
ADOLFO SANTIAGO MORA
ALEJANDRO SANZ CASTILLO
ALONSO LOZANO CRESPO
ÁNGELA ESTEBAN CALVO
ANSELMO MORENO SUÁREZ
ARTURO RUBIO CAMBIL
BORJA CABALLERO MARTÍNEZ
BRUNO GUTIÉRREZ RUIZ
CAYO SUÁREZ SUÁREZ
CELIA VICENTE MOLINA
CONSUELO MORA CRUZ
EDUARDO ROMERO GIL
EVA GUTIÉRREZ ARIAS
HÉCTOR ALONSO CABALLERO
IGNACIO CAMBIL RAMOS
JACINTO GUTIÉRREZ MÁRQUEZ
JAIME RODRÍGUEZ DÍEZ
JULIA RODRÍGUEZ MOLINA
LADISLAO MUÑOZ DOMÍNGUEZ
MARCIANO REYES VELASCO
ODÓN ÁLVAREZ JIMÉNEZ
ORESTES MONTERO DURÁN
PRIMO CALVO PÉREZ
SUSANA BLANCO AGUILAR
TITO VÁZQUEZ GARRIDO
TRINIDAD CRESPO ROMÁN
VALENTÍN GALLEGO CRESPO
VIRGILIO FUENTES GARCÍA

(29 rows affected)


Completion time: 2020-07-26T00:24:44.7064820-04:00
