nombrecliente
--------------------------------------------------
ALBINA CABALLERO GONZÁLEZ
DACIO DELGADO FERRER
DÁMASO DURÁN GÓMEZ
EVA GARRIDO ROMERO
FELICIANO SERRANO FERRER
FRANCISCO DURÁN PASCUAL
GERARDO LOZANO PARRA
GONZALO GIMÉNEZ SOTO
GUSTAVO REYES VÁZQUEZ
JORGE GIMÉNEZ VEGA
JUANA BENÍTEZ NIETO
LEÓN HERRERA VELASCO
LEONARDO PASTOR BENÍTEZ
LINO SOTO ALONSO
LUCRECIA NAVARRO TORRES
MAURICIO IGLESIAS ROMERO
MONTSERRAT DURÁN MOLINA
NICOMEDES LORENZO GARRIDO
PAULA REY MORENO
PURIFICACIÓN ESTEBAN VICENTE
RAIMUNDO CAMBIL GARCÍA
RAÚL FLORES GIL
REINALDO MEDINA RUBIO
ROSARIO TORRES MARÍN
SEGISMUNDO LORENZO GALLEGO
VANESA CABRERA GONZÁLEZ
ZACARÍAS NÚÑEZ MARTÍNEZ

(27 rows affected)


Completion time: 2020-07-26T00:06:14.2808851-04:00
