numprestamo importe                fecha      numsucursal nombresucursal
----------- ---------------------- ---------- ----------- --------------------------------------------------
P-00122     77487,9                2014-10-10 141         MERIDA
P-00363     91328,07               2014-02-14 141         MERIDA
P-00365     129254,78              2013-04-13 141         MERIDA
P-00744     54942,05               2013-05-14 141         MERIDA
P-00946     69415,92               2012-05-25 141         MERIDA
P-01068     67251,24               2013-01-19 141         MERIDA
P-01426     148891,18              2014-07-13 141         MERIDA
P-02240     113100,29              2013-09-22 141         MERIDA
P-02372     47366,48               2014-09-20 141         MERIDA
P-02426     119241,2               2014-03-02 141         MERIDA
P-02537     90636,76               2012-12-14 141         MERIDA
P-03101     108099,46              2014-03-08 141         MERIDA
P-03622     29052,67               2014-03-03 141         MERIDA
P-03720     91628,24               2012-11-13 141         MERIDA
P-03736     147352,07              2012-02-27 141         MERIDA
P-03920     11815,56               2012-08-25 141         MERIDA
P-04235     126800,18              2013-01-09 141         MERIDA
P-04269     41052,23               2012-12-13 141         MERIDA
P-04324     10425,25               2013-09-28 141         MERIDA
P-04352     68475,27               2014-11-05 141         MERIDA
P-04933     11287,82               2012-05-24 141         MERIDA
P-04972     91774,73               2014-07-26 141         MERIDA
P-05057     98703,77               2012-10-30 141         MERIDA
P-05151     120458,91              2012-04-23 141         MERIDA

(24 rows affected)


Completion time: 2020-07-26T00:27:51.1029162-04:00
