numsucursal promedio
----------- ----------------------
23          69517,5161538462
92          86130,9396428571
169         88481,9781481481
89          63192,4585714286
146         81738,734516129
152         77261,8989285714
52          78253,2362068966
66          84762,4035483871
126         81429,1385
26          81819,3114814815
121         77434,0547826087
64          61002,3144186047
101         73826,3953333333
141         69716,4721052632
70          84740,9412903226
187         76332,4307407407
153         85313,1046428571
4           68750,4331034483
119         79133,8846153846
165         75281,394
142         70585,3087878788
125         59731,4034615384
65          81469,0204761905
73          68251,8540740741
25          82601,08
85          92902,5915625
148         82228,0606451613
22          76638,4890909091
16          77872,6203448276
154         73640,3970833333
34          74503,4159259259
20          81804,8458974359
68          74812,7775757576
74          64671,3375
37          70064,4711111111
51          81005,8871428572

(36 rows affected)


Completion time: 2020-07-26T00:22:02.6069586-04:00
