idcliente   nombrecliente                                      saldo                  numcta
----------- -------------------------------------------------- ---------------------- ---------------
2           JULIO FERNÁNDEZ VEGA                               96580,26               C-00002
12          TOMÁS ORTEGA LÓPEZ                                 66603,92               C-00012
16          GONZALO MÉNDEZ GONZÁLEZ                            100225,08              C-00016
24          SAMUEL TORRES LOZANO                               58544,24               C-00024
31          ANIANO NAVARRO MORENO                              120461,96              C-00031
48          DIEGO VIDAL LORENZO                                110657,79              C-00048
54          LEANDRO CALVO RAMOS                                81676,28               C-00054
58          ROBERTO VIDAL ARIAS                                51436,37               C-00058
59          GUZMÁN PEÑA SANTANA                                35180,37               C-00059
67          CONSTANTINO PASTOR FLORES                          130867,03              C-00067
78          LINO SOTO MARTÍN                                   42672                  C-00078
80          CARMEN CAMBIL CAMPOS                               12035,44               C-00080
81          JACOBO DÍAZ REYES                                  87148,32               C-00081
83          JACINTO GUTIÉRREZ MÁRQUEZ                          1234,59                C-00083
84          MIGUEL SÁNCHEZ FERRER                              118856,43              C-00084
86          CESÁREO ORTEGA LÓPEZ                               28860,24               C-00086
88          ARCADIO CORTÉS VEGA                                32001,29               C-00088
89          SIMÓN CABALLERO DURÁN                              102958,98              C-00089
90          AARÓN GÓMEZ PARRA                                  15797,95               C-00090
94          GERMÁN AGUILAR MÉNDEZ                              12331,04               C-00094
99          VIDAL RODRÍGUEZ DURÁN                              38232,68               C-00099
100         ANNA VEGA FLORES                                   38593,79               C-00100
107         BONIFACIO PASCUAL BENÍTEZ                          137739,67              C-00107
121         PURIFICACIÓN CORTÉS SANTANA                        131533,45              C-00121
131         ÁNGELA ESTEBAN CALVO                               4276,06                C-00131
142         JERÓNIMO ARIAS LORENZO                             121846,99              C-00142
145         ONÉSIMO CALVO JIMÉNEZ                              34033,22               C-00145
168         JESÚS LEÓN CAMBIL                                  96331,8                C-00168
171         MIQUEAS MORENO CRESPO                              35196,3                C-00171
173         ROMUALDO ROMÁN NIETO                               142253,14              C-00173
189         FRANCISCO DURÁN CABALLERO                          8030,21                C-00189
191         TOMAS PRIETO PRIETO                                15758,24               C-00191
194         HÉCTOR NAVARRO LEÓN                                63353,09               C-00194
202         ALMUDENA MOLINA VELASCO                            7046,89                C-00202
218         HELIODORO PÉREZ ORTEGA                             144303,92              C-00218
231         EPIFANÍA GALLARDO HERRERA                          43504,21               C-00231
234         SEGISMUNDO PRIETO MONTORO                          103923                 C-00234
239         RUPERTO MONTORO BLANCO                             10395,67               C-00239
242         VALENTÍN PARRA ROMÁN                               130031,9               C-00242
245         DOMINGO HIDALGO MONTORO                            148313,77              C-00245
246         BENEDICTO DURÁN LEÓN                               89117,38               C-00246
260         SANTIAGO GALLEGO CABALLERO                         40026,36               C-00260
262         CELINA MARTÍNEZ ARIAS                              34454,66               C-00262
264         DIEGO JIMÉNEZ RUBIO                                28089,49               C-00264
272         MATILDE MARTÍN IGLESIAS                            50099,37               C-00272
274         NIEVES CALVO VICENTE                               15512,9                C-00274
280         ADELAIDA ROMÁN MOYA                                25530,18               C-00280
287         BLANCA MÁRQUEZ PASTOR                              54039,74               C-00287
288         ALICIA ALONSO BENÍTEZ                              63789,81               C-00288
292         HUMBERTO FERRER MONTERO                            12275,02               C-00292
294         ASCENSIÓN MARTÍNEZ HERNÁNDEZ                       142390,4               C-00294
311         AITOR GIMÉNEZ FUENTES                              9706,76                C-00311
313         SIMÓN VIDAL CABRERA                                90069,79               C-00313
323         CONSUELO PASCUAL MONTERO                           14904,77               C-00323
328         AURELIANO MARTÍNEZ PRIETO                          69001,2                C-00328
336         SALOMÉ PARRA DURÁN                                 126948,22              C-00336
339         NATIVIDAD SUÁREZ AGUILAR                           95090,31               C-00339
364         EZEQUIEL MÉNDEZ MOLINA                             97461,29               C-00364
369         TEODORA AGUILAR MORALES                            144556,5               C-00369
370         GUZMÁN CAMBIL PRIETO                               146254,23              C-00370
377         AURELIANO NAVARRO CRUZ                             100699,88              C-00377
381         MARCELO HERRERO CARMONA                            122811,76              C-00381
386         OSCAR HERRERA SÁEZ                                 127271,44              C-00386
389         ERNESTO ORTIZ CASTILLO                             46952,3                C-00389
392         PABLO PASTOR BENÍTEZ                               93273,49               C-00392
394         HÉCTOR CABRERA VÁZQUEZ                             54791,82               C-00394
399         CLEOFÁS MORA RAMÍREZ                               93735,57               C-00399
408         JOSEP DELGADO NAVARRO                              108810,45              C-00408
417         NURIA PRIETO RUBIO                                 17652,01               C-00417
423         ANNA VELASCO ESTEBAN                               51555,64               C-00423
425         EUGENIO FERRER SANTANA                             145067,77              C-00425
430         OSEAS GALLEGO DÍAZ                                 81973,43               C-00430
434         AGUSTÍN DOMÍNGUEZ VARGAS                           68958                  C-00434
445         HOMERO CARRASCO SANTOS                             134220,02              C-00445
449         CIRO FERRER CARRASCO                               75616,71               C-00449
460         ABRAHÁN GARRIDO GIL                                2116,1                 C-00459
465         AARÓN VIDAL GARRIDO                                132217,98              C-00464
466         XAVIER CASTRO SÁNCHEZ                              42444,64               C-00465
469         VLADIMIRO RODRÍGUEZ SANTOS                         65187,18               C-00468
473         ASCENSIÓN FLORES GARRIDO                           51365,69               C-00472
474         MARCELO NAVARRO DURÁN                              131619,83              C-00473
475         ARIADNA ORTEGA MOLINA                              76370,03               C-00474
477         DANIEL SUÁREZ CABALLERO                            121239,36              C-00476
482         BEATRIZ DOMÍNGUEZ LÓPEZ                            75761,8                C-00481
483         OTO CANO GIL                                       126709,03              C-00482
489         SEVERINO SÁEZ MUÑOZ                                44587,24               C-00488
491         RAÚL NIETO LÓPEZ                                   40399                  C-00490
492         CÁNDIDA SOTO GUTIÉRREZ                             121466,37              C-00491
494         ANSELMO LÓPEZ MORALES                              31382,6                C-00493
495         ORIOL CAMPOS BLANCO                                128520,97              C-00494
497         SUSANA LEÓN GONZÁLEZ                               135734,47              C-00496
499         LOURDES MEDINA MÉNDEZ                              39164,01               C-00498
500         VIRGINIA TORRES DÍEZ                               68356,41               C-00499
508         MAXIMILIANO CARRASCO LEÓN                          111137,56              C-00507
511         CATALINA VELASCO GONZÁLEZ                          109823,91              C-00510
515         EPIFANÍA VARGAS VICENTE                            132520,92              C-00514
524         MONTSERRAT RAMÍREZ NIETO                           15783,25               C-00523
526         FACUNDO CABALLERO PRIETO                           95783,68               C-00525
535         MARCELO FUENTES DOMÍNGUEZ                          117224,94              C-00534
537         MARCOS ORTIZ CANO                                  52879,8                C-00536
539         ROGELIO ESTEBAN MARTÍN                             109221,54              C-00538
540         TEODOSIA GARRIDO GIMÉNEZ                           40976,53               C-00539
547         ROQUE PEÑA MARÍN                                   92780,1                C-00546
556         ROSA GUERRERO CAMBIL                               140250,94              C-00555
558         BELÉN GARCÍA ORTIZ                                 118255,15              C-00557
561         NICOLÁS PEÑA MÁRQUEZ                               100441,66              C-00560
565         MARCOS ALONSO SÁNCHEZ                              145547,9               C-00564
574         JOAQUÍN SÁEZ ORTIZ                                 15236,21               C-00573
577         VALERIANO ALONSO VIDAL                             142770,65              C-00576
578         LEOCADIA VIDAL DÍAZ                                78529,18               C-00577
595         VENANCIO BLESA FUENTES                             44198,24               C-00594
601         NICANOR DÍEZ DELGADO                               25363,86               C-00600
611         LEONCIO MONTERO DURÁN                              69568,33               C-00610
619         ISABEL GIMÉNEZ GALLARDO                            126113,1               C-00618
630         EVA CALVO GALLEGO                                  146314,47              C-00629
631         OSWALDO CABRERA VEGA                               98191,92               C-00630
638         ROGELIO HERRERO GIMÉNEZ                            8742,72                C-00637
640         NARCISO ROMERO BLESA                               57215,12               C-00639
641         MÍRIAM REYES PASCUAL                               57306,4                C-00640
643         LORENA MARTÍN PRIETO                               118973,44              C-00642
646         ATANASIO GIL LORENZO                               20704,46               C-00645
651         ROSA FUENTES ALONSO                                145159,42              C-00650
654         ADRIÁN VÁZQUEZ FUENTES                             10420,84               C-00653
657         MAGDALENA LOZANO SOLER                             29803,96               C-00656
659         MARC GALLEGO PÉREZ                                 64733,09               C-00658
665         BALDOMERO AGUILAR MORALES                          95428,58               C-00664
675         MÍRIAM RAMÍREZ IGLESIAS                            47952,94               C-00674
686         ALBINA CABALLERO NÚÑEZ                             118867,87              C-00685
687         JUSTINO NIETO CAMPOS                               12864,2                C-00686
692         PATRICIA CASTRO CRESPO                             148872,02              C-00691
694         LIDUVINA SANTOS MOLINA                             57794,14               C-00693
695         ALEJANDRO SOTO SOLER                               114883,43              C-00694
697         AARÓN SANTOS FERRER                                81900,68               C-00696
702         FELICIANO MEDINA FERRER                            78627,86               C-00701
704         BALDOMERO GARCÍA ROMERO                            114405,87              C-00703
709         SUSANA BLESA TORRES                                122544,24              C-00708
714         AMADEO GÓMEZ HERRERA                               54823,96               C-00713
720         ONÉSIMO RAMÍREZ PEÑA                               140666,74              C-00719
725         ORIOL HERNÁNDEZ SÁEZ                               101402,54              C-00724
732         GERARDO DOMÍNGUEZ PEÑA                             56328,23               C-00731
735         MARINA BLESA VIDAL                                 144260,99              C-00734
746         TEÓFANES MUÑOZ VÁZQUEZ                             136705,34              C-00745
749         GERARDO SÁEZ CRESPO                                147314,81              C-00748
751         ADALBERTO MÁRQUEZ BLESA                            53871,73               C-00750
759         DAMIÁN VEGA GUERRERO                               118115,22              C-00758
760         RODRIGO GARCÍA MOLINA                              7593,52                C-00759
761         ISABEL DÍAZ MARTÍN                                 61808,75               C-00760
770         CLOTILDE LORENZO CANO                              29977,65               C-00769
782         EULALIA RAMOS BENÍTEZ                              78672,9                C-00781
789         GISELA CANO MARTÍN                                 141841,31              C-00788
794         SERGIO VICENTE CRESPO                              33500,97               C-00793
811         ANASTASIA GUERRERO SANTIAGO                        93250,49               C-00810
816         GERTRUDIS GARCÍA CASTRO                            69939,05               C-00815
826         SOFÍA HERNÁNDEZ LOZANO                             144585,82              C-00825
828         SERGIO SOTO FERRER                                 78613,08               C-00827
834         BEATRIZ CARRASCO LEÓN                              128658,15              C-00833
835         ALIPIO ROMERO CABALLERO                            148331,33              C-00834
838         ADALBERTO FERNÁNDEZ VEGA                           114344,11              C-00837
840         PURIFICACIÓN TORRES SERRANO                        53365,13               C-00839
841         ÁNGELA PEÑA GIMÉNEZ                                130182,74              C-00840
844         VALENTÍN SUÁREZ GIL                                32077,07               C-00843
846         JEREMÍAS MÉNDEZ PARRA                              145321,71              C-00845
847         HERACLIO MARÍN MONTERO                             137946,71              C-00846
849         FABIO VICENTE LEÓN                                 78088,39               C-00848
854         SONIA MOLINA VICENTE                               97434,99               C-00853
862         ESTHER DURÁN SÁEZ                                  90641,7                C-00861
869         VELERIO BRAVO CRUZ                                 91477,47               C-00868
873         FRANCESC CRUZ CASTRO                               72016,66               C-00872
878         HONORIO ORTEGA CARMONA                             88815,16               C-00877
892         GENOVEVA ROMERO IGLESIAS                           129814,09              C-00891
893         ERNESTO HERRERO SÁEZ                               93715,95               C-00892
894         JACOB CAMPOS GIMÉNEZ                               18098,78               C-00893
895         ANSELMO SERRANO HERRERO                            117281,22              C-00894
905         FRANCESC HIDALGO DURÁN                             141288,07              C-00904
906         CLAUDIO HERRERA CANO                               102749,34              C-00905
922         ESTER SANTOS BLANCO                                69066,7                C-00921
925         LORENZO MARTÍN HIDALGO                             90179,59               C-00924
932         JORDI GARCÍA HERNÁNDEZ                             124876,63              C-00931
941         JORGE HERRERA TORRES                               46203,37               C-00940
942         TEÓFANES SANTIAGO IGLESIAS                         110679,4               C-00941
946         CARLOS GALLEGO FERRER                              63647,75               C-00945
947         DOLORES ROMÁN MONTORO                              64492,32               C-00946
950         CRISTINA BRAVO GIL                                 143213,91              C-00949
955         TITO CANO VARGAS                                   99762,44               C-00954
963         ONÉSIMO GALLARDO LEÓN                              56112,37               C-00962
971         BLAS VÁZQUEZ IGLESIAS                              45636,48               C-00970
985         GUIDO DÍEZ HERRERA                                 62809,63               C-00984
998         GONZALO PARRA PASTOR                               73771                  C-00997
1004        EZEQUIEL PASTOR ARIAS                              142808,22              C-01003
1008        TITO GUERRERO GALLEGO                              16713,57               C-01007
1018        ODÓN CRUZ CAMBIL                                   18275,95               C-01017
1026        IRENEO CARMONA GIMÉNEZ                             100675,9               C-01025
1034        MAGDALENA SERRANO FERRER                           47660,06               C-01033
1035        ANTONIO CASTRO GALLARDO                            114603,56              C-01034
1037        RAMÓN MÁRQUEZ GONZÁLEZ                             14337,73               C-01036
1048        BERNARDA LÓPEZ CAMBIL                              143929,5               C-01047
1056        PILAR CASTILLO MONTORO                             71257,87               C-01055
1066        PAULA ORTEGA GUTIÉRREZ                             70744,41               C-01065
1073        ARTURO RUBIO CAMBIL                                1306,45                C-01072
1081        DIEGO HERRERA MÁRQUEZ                              69865,98               C-01080
1082        ALONSO CAMBIL VIDAL                                54908,73               C-01081
1094        ANSELMO MORENO SUÁREZ                              2405,24                C-01093
1099        IVÁN FERNÁNDEZ ESTEBAN                             88259,11               C-01098
1127        HOMERO SOTO CALVO                                  101938,76              C-01126
1128        ALBERTO MORA SERRANO                               134990,31              C-01127
1137        FERNANDO HIDALGO PARRA                             30281,51               C-01136
1139        CLOTILDE ÁLVAREZ MORENO                            150103,5               C-01138
1151        TRINIDAD CRESPO ROMÁN                              4561,21                C-01150
1152        GERTRUDIS CASTRO MÉNDEZ                            13812,87               C-01151
1153        LUCIANO TORRES ÁLVAREZ                             92684,89               C-01152
1159        MATILDE RAMOS HERRERO                              61443,14               C-01158
1168        JACINTO BLESA GARCÍA                               77139,14               C-01167
1172        RAFAEL RUIZ CAMPOS                                 65225,64               C-01171
1187        CRISTINA FERNÁNDEZ CANO                            140249,51              C-01186
1193        LADISLAO BLANCO VEGA                               57113,88               C-01192
1195        JOSÉ GUERRERO BLESA                                140901,1               C-01194
1197        JERÓNIMO NAVARRO ALONSO                            93252,06               C-01196
1198        JULIÁN HERRERA GONZÁLEZ                            113042,36              C-01197
1201        JORGE MORENO CAMBIL                                105340,87              C-01200
1204        ELVIRA MORALES MOLINA                              42449,83               C-01203
1208        ELISA NIETO FERRER                                 26492,75               C-01207
1209        ALBINA CAMPOS RAMOS                                90821,36               C-01208
1212        ANDRÉS DÍAZ HERRERA                                150290,39              C-01211
1214        FRANCISCO VEGA FUENTES                             56118,61               C-01213
1217        SALVIO PARRA SANZ                                  104202,49              C-01216
1228        MARCIANO SANZ DURÁN                                85237,31               C-01227
1229        CLAUDIA GONZÁLEZ CORTÉS                            14442,88               C-01228
1233        BLAS ROMÁN GALLEGO                                 136768,65              C-01232
1235        SEBASTIÁN HERRERA SOLER                            126133,21              C-01234
1237        CATALINA VELASCO FERNÁNDEZ                         126774,42              C-01236
1246        VICENTA PARRA MORA                                 31817,73               C-01245
1250        EDMUNDO DURÁN PASTOR                               88429,74               C-01249
1252        ARACELI ORTEGA ÁLVAREZ                             80021,33               C-01251
1268        VIDAL DELGADO RUIZ                                 95636,47               C-01267
1278        OSWALDO VIDAL GUERRERO                             54523,41               C-01277
1283        MARINA VARGAS REY                                  16239,57               C-01282
1284        AUGUSTO FLORES CABRERA                             33664,22               C-01283
1287        DANIEL PASTOR BLANCO                               132802,78              C-01286
1291        SAMUEL CARRASCO CRESPO                             135882,44              C-01290
1295        ROMÁN PASCUAL RAMOS                                112316,98              C-01294
1297        NICODEMO ESTEBAN CALVO                             136430,46              C-01296
1300        YOLANDA GARCÍA CABRERA                             72483,95               C-01299
1302        SILVIA HERRERA GUERRERO                            47569,35               C-01301
1309        JOSÉ ÁLVAREZ GARRIDO                               85099,51               C-01308
1314        ELISEO ÁLVAREZ ORTEGA                              95626,84               C-01313
1315        TRINIDAD CARRASCO SÁNCHEZ                          34557,09               C-01314
1317        TITO VARGAS PEÑA                                   143218,77              C-01316
1339        JOAN FLORES SANZ                                   94370,31               C-01338
1361        CLAUDIO MARTÍN ÁLVAREZ                             76654,39               C-01360
1362        ÁNGELA PÉREZ SOLER                                 114364,46              C-01361
1376        VICTORINO BLESA REY                                21993,4                C-01375
1378        DANIEL BENÍTEZ CAMPOS                              11442,27               C-01377
1389        ARNALDO SÁNCHEZ MORA                               97864,67               C-01388
1398        PATRICIO SANTANA VICENTE                           147550,51              C-01397
1403        JUVENAL PEÑA MOYA                                  122158,2               C-01402
1409        RAMIRO SERRANO GÓMEZ                               62019,13               C-01408
1410        PABLO PEÑA MÉNDEZ                                  13036,47               C-01409
1415        ASCENSIÓN SUÁREZ DÍEZ                              43960,58               C-01414
1423        PABLO SOTO BRAVO                                   127858,31              C-01422
1438        BÁRBARA CRESPO CABRERA                             149013,94              C-01437
1440        HÉCTOR ALONSO CABALLERO                            3686,02                C-01439
1444        MARC RAMÍREZ MÁRQUEZ                               27864,9                C-01443
1468        EUGENIO CASTILLO CALVO                             52575,79               C-01467
1471        SIMÓN CARMONA GONZÁLEZ                             79718,26               C-01470
1478        JORGE MÉNDEZ REYES                                 112196,85              C-01477
1480        PORFIRIO MORA GIMÉNEZ                              79239,49               C-01479
1482        EVA CASTILLO MARÍN                                 86108,13               C-01481
1485        DÁMASO DÍEZ PÉREZ                                  26159,56               C-01484
1489        ROQUE ROMÁN FUENTES                                141750,04              C-01488
1491        PASCUAL LORENZO REY                                61976,64               C-01490
1492        GUZMÁN GALLEGO HERRERA                             99028,6                C-01491
1495        JAIME DOMÍNGUEZ SOTO                               111479,73              C-01494
1498        NARCISO VÁZQUEZ SANTANA                            12356,67               C-01497
1507        MARCOS AGUILAR VÁZQUEZ                             139798,59              C-01506
1514        LEONARDO GUTIÉRREZ CASTRO                          142033,76              C-01513
1520        COSME MÉNDEZ GIMÉNEZ                               11068,22               C-01519
1521        TEODOSIA MOYA CABALLERO                            133275,89              C-01520
1524        EDMUNDO SANTOS REYES                               111791,22              C-01523
1526        REMEDIOS CAMBIL VELASCO                            97497,64               C-01525
1528        PONCIO RUIZ PRIETO                                 115384,79              C-01527
1543        NEMESIO ALONSO SANTIAGO                            44874,98               C-01542
1544        VALENTÍN AGUILAR SANTIAGO                          149844,45              C-01543
1556        ORESTES ALONSO MEDINA                              18390,53               C-01555
1560        FRANCISCO CABRERA CASTILLO                         55727,65               C-01559
1574        NARCISO SÁEZ AGUILAR                               56677,72               C-01573
1575        CEFERINO ALONSO DOMÍNGUEZ                          110844,75              C-01574
1578        CLAUDIA SÁNCHEZ JIMÉNEZ                            82453,99               C-01577
1580        ADÓN SUÁREZ SANTANA                                92656,35               C-01579
1586        MARC GONZÁLEZ FUENTES                              44499,04               C-01585
1590        SALVADOR MOLINA RUBIO                              111778,54              C-01589
1596        SOLEDAD SANTIAGO ESTEBAN                           142620,9               C-01595
1600        LEOPOLDO GALLARDO PEÑA                             102954,33              C-01599
1601        ALIPIO RUBIO SANTOS                                33716,34               C-01600
1611        CLAUDIA GÓMEZ ARIAS                                146665,46              C-01610
1628        ROQUE MEDINA SANTOS                                40145,96               C-01627
1641        PATRICIO SUÁREZ NIETO                              55580,3                C-01640
1658        BENJAMÍN SANTIAGO CARMONA                          129000,54              C-01657
1665        ALEJANDRA MEDINA PÉREZ                             17292,96               C-01664
1666        ENRIQUE MORA ROMÁN                                 30345,2                C-01665
1668        VÍCTOR REY CAMPOS                                  60155,15               C-01667
1681        VICENTA CRESPO GALLARDO                            115670,39              C-01680
1682        ÁLVARO NIETO BLESA                                 16667,38               C-01681
1686        DOMINGO CALVO CRUZ                                 119969,02              C-01685
1689        LEÓN DÍAZ DURÁN                                    89858,5                C-01688
1693        DIMAS GALLEGO VICENTE                              45576,82               C-01692
1697        CONSTANTINO GARRIDO FUENTES                        106015,69              C-01696
1707        VICTORIO LEÓN CARRASCO                             112140,94              C-01706
1716        MARIO NIETO RODRÍGUEZ                              136103,21              C-01715
1718        EMILIO ÁLVAREZ VICENTE                             40157,81               C-01717
1735        GUZMÁN MUÑOZ MORALES                               12551,03               C-01734
1746        SIMÓN RAMOS BLANCO                                 53047,78               C-01745
1757        AQUILES RODRÍGUEZ CASTRO                           38698,23               C-01756
1758        ALFREDO ROMERO CANO                                8153,99                C-01757
1759        REINALDO PÉREZ MORA                                10183,64               C-01758
1760        HILDEGARDA RAMOS MÁRQUEZ                           5355,09                C-01759
1761        MARCELO MONTERO MARTÍNEZ                           40541,46               C-01760
1772        LUIS IBÁÑEZ CANO                                   146871,02              C-01771
1774        BRUNO GUTIÉRREZ RUIZ                               1773,5                 C-01773
1786        PATRICIA ÁLVAREZ ROMÁN                             103438,9               C-01785
1787        OTO ESTEBAN VIDAL                                  150317,79              C-01786
1793        FACUNDO ORTEGA DOMÍNGUEZ                           84444,62               C-01792
1799        ALFREDO ORTIZ BENÍTEZ                              108775,97              C-01798
1805        LEÓN GIL MEDINA                                    20157,03               C-01804
1806        NATALIA SÁNCHEZ REY                                69123,2                C-01805
1825        AURELIO PRIETO NAVARRO                             79565,3                C-01824
1828        ROMÁN PASCUAL JIMÉNEZ                              84419,21               C-01827
1830        PROBO LORENZO FERNÁNDEZ                            42672,45               C-01829
1835        BARTOLOMÉ CASTILLO DELGADO                         35704,65               C-01834
1836        BARTOLOMÉ AGUILAR GUERRERO                         15065,54               C-01835
1838        ADOLFO SANTIAGO MORA                               3105,73                C-01837
1840        AGUSTÍN BLESA MARTÍN                               138393,14              C-01839
1846        ADRIÁN RUIZ RODRÍGUEZ                              136944,97              C-01845
1850        MONTSERRAT RAMOS ARIAS                             106918,74              C-01849
1856        ÁNGELA NIETO CRESPO                                83184,15               C-01855
1857        JACOB ARIAS MORENO                                 9070,68                C-01856
1859        PRIMO MARTÍNEZ MUÑOZ                               136113,62              C-01858
1864        MARIO MORALES LÓPEZ                                146856,93              C-01863
1865        AGUSTÍN CASTRO NIETO                               97914,35               C-01864
1874        IRENEO HERRERA ÁLVAREZ                             62044,49               C-01873
1875        CELIA VICENTE MOLINA                               1581,23                C-01874
1877        CALIXTO FUENTES FERRER                             54134,39               C-01876
1883        FULGENCIO MONTERO CRESPO                           90402,46               C-01882
1888        JOSEP ORTIZ VIDAL                                  40991,25               C-01887
1898        JULIA RODRÍGUEZ MOLINA                             3013,57                C-01897
1902        EPIFANÍA SÁEZ ALONSO                               126086,37              C-01901
1904        MERCEDES CRUZ SÁEZ                                 34941,19               C-01903
1908        NURIA VEGA ÁLVAREZ                                 14647,55               C-01907
1909        PRIMO CALVO PÉREZ                                  3061,96                C-01908
1911        EMILIO GALLEGO SANZ                                126074,88              C-01910
1913        MARINA DÍAZ LEÓN                                   32670,73               C-01912
1914        RENATO RAMOS HERRERA                               28777,06               C-01913
1915        CESÁREO MORALES ESTEBAN                            102575,21              C-01914
1916        VICTORIA SÁNCHEZ GARCÍA                            86678,02               C-01915
1919        JOAN ESTEBAN ROMÁN                                 37119,47               C-01918
1920        NURIA SOTO BENÍTEZ                                 121196,7               C-01919
1921        JOSÉ NÚÑEZ ORTEGA                                  19013,58               C-01920
1930        LINO CAMPOS PÉREZ                                  59731,02               C-01929
1931        FAUSTINO PASCUAL REYES                             100697,06              C-01930
1932        BALTASAR GIMÉNEZ REYES                             112327,83              C-01931
1936        PANCRACIO MARTÍNEZ SANTANA                         75500,65               C-01935
1938        IVÁN GARRIDO SANTOS                                13484,94               C-01937
1944        YOLANDA IBÁÑEZ CASTILLO                            115913,92              C-01943
1948        IFIGENIA GARCÍA DÍAZ                               38141,97               C-01947
1950        VIRGILIO RUBIO BLANCO                              43827,9                C-01949
1952        MANUEL MARTÍNEZ ORTEGA                             141563,68              C-01951
1957        ISAAC SUÁREZ SANTIAGO                              93841,53               C-01956
1959        BERNABÉ GARRIDO RODRÍGUEZ                          49556,38               C-01958
1961        ARTURO ESTEBAN GALLARDO                            65679,19               C-01960
1963        NATALIA MUÑOZ CRESPO                               46555,08               C-01962
1966        VIRGILIO FUENTES GARCÍA                            1304,86                C-01965
1967        CONSUELO MORA CRUZ                                 4274,47                C-01966
1974        HUMBERTO IBÁÑEZ CARRASCO                           122978,56              C-01973
1978        BLAS CORTÉS RAMÍREZ                                131784,07              C-01977
1985        BENITO VICENTE GIMÉNEZ                             55672,84               C-01984
1990        PASCUAL SANTANA CORTÉS                             27138,72               C-01989
1991        ZACARÍAS RAMÍREZ MÁRQUEZ                           7878,75                C-01990
1998        DOLORES ARIAS FERNÁNDEZ                            32827,28               C-01997
2012        DOMINGO GIL VELASCO                                30611,45               C-02011
2022        FÁTIMA CRESPO MOYA                                 127230,72              C-02021
2028        CAROLINA VELASCO BRAVO                             61121,07               C-02027
2029        RUPERTO BRAVO ROMÁN                                64193,69               C-02028
2049        NICODEMO SANZ FERRER                               68797,6                C-02048
2051        EFRÉN DOMÍNGUEZ ARIAS                              105497,59              C-02050
2057        OTO GONZÁLEZ MARÍN                                 114308,55              C-02056
2063        BENITO GALLEGO CALVO                               116749,12              C-02062
2067        CIPRIANO RODRÍGUEZ GIL                             98256,11               C-02066
2070        LINO MÁRQUEZ VICENTE                               54878,55               C-02069
2072        CONRADO REYES PRIETO                               42133,48               C-02071
2073        TEÓFANES NAVARRO GÓMEZ                             119892,88              C-02072
2086        ISMAEL HERNÁNDEZ CALVO                             22963,14               C-02085
2094        ESIQUIO RUIZ MOYA                                  68654,9                C-02093
2099        CRISTINA DURÁN MUÑOZ                               13959,78               C-02098
2100        JUANA CORTÉS CABRERA                               102432,98              C-02099
2106        DEMÓCRITO HERRERO CANO                             110791,88              C-02105
2110        JOSAFAT SANTOS HERRERA                             17561,34               C-02109
2115        SOFÍA CAMBIL MOYA                                  88064,14               C-02114
2119        VÍCTOR MÉNDEZ GIMÉNEZ                              89478,16               C-02118
2125        ROMÁN PASTOR ROMÁN                                 133988,23              C-02124
2127        GONZALO GUTIÉRREZ LÓPEZ                            68100,21               C-02126
2131        ADÓN MORENO MÉNDEZ                                 61182,19               C-02130
2138        FERNANDO GALLEGO RAMOS                             102356,98              C-02137
2141        MATILDE MEDINA LORENZO                             27045,31               C-02140
2144        CELIA NÚÑEZ LOZANO                                 115596,55              C-02143
2150        ARTURO RAMOS RUBIO                                 72862,33               C-02149
2151        BELÉN MARTÍNEZ BRAVO                               100644,88              C-02150
2182        RAMÓN CORTÉS GUTIÉRREZ                             81792,1                C-02181
2189        ANA CASTILLO PASTOR                                78816,79               C-02188
2194        MATILDE GONZÁLEZ CASTILLO                          142499,05              C-02193
2196        BEGOÑA FERNÁNDEZ MORENO                            132203,89              C-02195
2198        ANTERO MUÑOZ CABALLERO                             141150,95              C-02197
2205        ALBERT NIETO PARRA                                 115145,3               C-02204
2210        CONSUELO CARRASCO MOLINA                           139893,38              C-02209
2211        PURIFICACIÓN SANTIAGO SÁNCHEZ                      45289,48               C-02210
2217        EMILIO SUÁREZ VICENTE                              115437,71              C-02216
2228        FABIOLA FERNÁNDEZ FERRER                           54905,39               C-02227
2229        NIEVES CANO BENÍTEZ                                26889,73               C-02228
2233        ISAÍAS NIETO CARMONA                               79030,48               C-02232
2241        RIGOBERTO GIMÉNEZ RUBIO                            39700,36               C-02240
2242        AMBROSIO DÍAZ GALLEGO                              6841,42                C-02241
2249        BRUNO VÁZQUEZ VÁZQUEZ                              57884,77               C-02248
2253        ELISEO MOLINA CANO                                 84496,75               C-02252
2256        GERMÁN FERNÁNDEZ MEDINA                            103872,78              C-02255
2259        PRISCILA HERNÁNDEZ GUERRERO                        63468,67               C-02258
2260        VALENTÍN GALLEGO CRESPO                            1027,71                C-02259
2267        CASIANO SANTANA BLESA                              117219,91              C-02266
2273        PORFIRIO MONTERO GONZÁLEZ                          81238,18               C-02272
2274        CLEOFÁS MEDINA MORA                                80416,35               C-02273
2280        AURORA SANTANA DÍAZ                                111937,43              C-02279
2281        ADÓN MÁRQUEZ DÍEZ                                  149827,15              C-02280
2282        DEMÓCRITO SANTOS CRUZ                              58689,64               C-02281
2287        DOLORES ORTIZ SERRANO                              26902,15               C-02286
2288        SALOMÓN DOMÍNGUEZ PARRA                            107528,64              C-02287
2290        ASUNCIÓN GALLARDO CALVO                            64870,3                C-02289
2291        PATRICIA ORTIZ VELASCO                             57469,94               C-02290
2292        BENIGNO GUTIÉRREZ DELGADO                          106567,87              C-02291
2301        LEONOR REYES CALVO                                 78748,53               C-02300
2310        BASILEO CANO MOYA                                  114607,9               C-02309
2311        ANNA FLORES CASTRO                                 65733,74               C-02310
2317        BENITO LOZANO LORENZO                              21190,44               C-02316
2328        MARGARITA CASTILLO VELASCO                         17927,02               C-02327
2329        JAIME TORRES SANTOS                                149927,35              C-02328
2342        TITO ESTEBAN REY                                   96289,42               C-02341
2357        BLANCA MEDINA ÁLVAREZ                              73795,36               C-02356
2363        CESÁREO ÁLVAREZ GÓMEZ                              132918,78              C-02362
2373        CATALINA CALVO FUENTES                             93039,68               C-02372
2380        ROSALIA VICENTE ALONSO                             71624,96               C-02379
2389        NICODEMO DÍAZ CRUZ                                 48470,01               C-02388
2390        MARIANO DÍEZ VARGAS                                62498,9                C-02389
2392        NICANOR RODRÍGUEZ SOLER                            6970,52                C-02391
2394        IRENE CAMPOS HERRERO                               125781,18              C-02393
2399        SALOMÉ MORALES RUIZ                                28476,59               C-02398
2405        CIRINO CARMONA CRESPO                              73094,5                C-02404
2408        EDGAR MORALES LEÓN                                 134940,7               C-02407
2418        PONCIO CRUZ VICENTE                                35198,09               C-02417
2420        ALFONSO SANTOS HIDALGO                             105790,04              C-02419
2428        JONÁS HERRERO CORTÉS                               48750,13               C-02427
2429        ATANASIO MARTÍN GIL                                19210,58               C-02428
2434        EMILIANO HIDALGO HERNÁNDEZ                         39552,51               C-02433
2436        ODÓN ÁLVAREZ JIMÉNEZ                               1841,25                C-02435
2439        PATRICIA MÉNDEZ SÁEZ                               15655,01               C-02438
2451        JAUME HERRERO VIDAL                                108318,2               C-02450
2453        JUSTINO BRAVO PRIETO                               45938,35               C-02452
2469        MERCEDES IBÁÑEZ SANZ                               5807,51                C-02468
2476        LAURA SANTANA GARRIDO                              139601,38              C-02475
2478        ORESTES MONTERO DURÁN                              1906,19                C-02477
2480        WILFREDO ORTIZ TORRES                              105396,77              C-02479
2484        JONÁS ORTEGA PÉREZ                                 136260,17              C-02483
2485        TEODORA SANTANA ORTIZ                              8811,39                C-02484
2491        TEODORA REYES VÁZQUEZ                              69732,37               C-02490
2501        JAIME RODRÍGUEZ DÍEZ                               1605,96                C-02500
2506        MARCIAL GARCÍA GALLARDO                            81993,72               C-02505
2514        EFRÉN HERNÁNDEZ ORTIZ                              65749,39               C-02513
2523        HOMERO GALLARDO GARCÍA                             75311,18               C-02522
2530        MAR RUBIO VEGA                                     59573,77               C-02529
2532        ADOLFO HIDALGO GÓMEZ                               98656,49               C-02531
2545        GUSTAVO MONTERO RAMOS                              21198,11               C-02544
2546        ISMAEL GIL BLANCO                                  50893,16               C-02545
2547        AUGUSTO HERRERO IBÁÑEZ                             122455,86              C-02546
2548        GERMÁN GUTIÉRREZ BENÍTEZ                           111961,4               C-02547
2555        HILARIÓN SÁEZ ÁLVAREZ                              122658,61              C-02554
2565        AURORA FUENTES VIDAL                               51058,31               C-02564
2571        PATRICIA NIETO FUENTES                             39068,83               C-02570
2572        NOÉ REYES VARGAS                                   104533,08              C-02571
2574        PABLO GIL CANO                                     82571                  C-02573
2575        PURIFICACIÓN VEGA IGLESIAS                         89608,22               C-02574
2576        ANDRÉS SOTO HIDALGO                                82106,14               C-02575
2584        MARCOS VIDAL LOZANO                                32907,76               C-02583
2593        HONORIO RAMOS MOLINA                               17200,29               C-02592
2594        JOEL HERRERA CRUZ                                  44007,72               C-02593
2596        ELÍAS BLESA MOLINA                                 111026,57              C-02595
2607        PANCRACIO SANTOS MARTÍNEZ                          7088,25                C-02606
2612        DACIANO MARTÍNEZ DELGADO                           28426,08               C-02611
2622        RIGOBERTO AGUILAR ÁLVAREZ                          115630,87              C-02621
2626        ALEJANDRO GIL MORALES                              17312,46               C-02625
2628        IGNACIO VÁZQUEZ ORTIZ                              76635,32               C-02627
2639        MÍRIAM DURÁN BRAVO                                 21387,21               C-02638
2644        CAYO CASTRO CRESPO                                 148455,47              C-02643
2651        MILAGROS DÍEZ BLESA                                71027,41               C-02650
2658        FABIO ORTEGA CAMPOS                                56502,56               C-02657
2666        RAMÓN CARMONA RAMÍREZ                              36668,55               C-02665
2677        LUZ BENÍTEZ MORENO                                 94016,59               C-02676
2681        ILDEFONSO CAMBIL MEDINA                            28410,83               C-02680
2687        CESÁREO BENÍTEZ ROMERO                             12910,35               C-02686
2692        MARINA NIETO RUBIO                                 78366,59               C-02691
2694        SONIA GUERRERO MÁRQUEZ                             10529,31               C-02693
2697        ADELA IGLESIAS DELGADO                             72084,24               C-02696
2708        ABELARDO MONTERO CASTILLO                          43521,67               C-02707
2709        EVARISTO PARRA CRUZ                                125362,34              C-02708
2713        EUSEBIO SERRANO HERNÁNDEZ                          84115,94               C-02712
2718        CEFERINO SERRANO MUÑOZ                             115633,52              C-02717
2720        ZACARÍAS FLORES MARTÍNEZ                           42114,68               C-02719
2723        EZEQUIEL GUTIÉRREZ DÍEZ                            43335,61               C-02722
2735        REMEDIOS MARTÍNEZ IBÁÑEZ                           77648,16               C-02734
2737        VICTORINO CRESPO PASCUAL                           133913,24              C-02736
2740        ENCARNACIÓN ORTIZ NIETO                            23929,62               C-02739
2742        HUGO ÁLVAREZ LEÓN                                  38126,39               C-02741
2743        JONÁS MARÍN ÁLVAREZ                                107868,7               C-02742
2745        DACIANO ALONSO ROMÁN                               107684,16              C-02744
2748        PORFIRIO SANTANA RODRÍGUEZ                         86516,37               C-02747
2758        RITA FUENTES PRIETO                                140925,19              C-02757
2762        ZACARÍAS VARGAS GUERRERO                           104595,05              C-02761
2766        ISMAEL BLESA VICENTE                               145069,03              C-02765
2770        VELERIO BRAVO RUBIO                                6524,5                 C-02769
2775        MELCHOR ROMERO VEGA                                52539,71               C-02774
2776        ROCÍO GÓMEZ HERRERO                                144027,71              C-02775
2777        ÁNGELES CABALLERO RUIZ                             107393,3               C-02776
2793        SIMÓN GUTIÉRREZ SANTANA                            21480,05               C-02792
2803        FERNANDO AGUILAR VELASCO                           58649,28               C-02802
2807        FERNANDO CRUZ IGLESIAS                             55574,94               C-02806
2809        SANSÓN MOYA REYES                                  90871,15               C-02808
2818        AMPARO MARTÍNEZ DELGADO                            14855,06               C-02817
2830        JOAQUÍM MEDINA ALONSO                              134554,95              C-02829
2836        FÉLIX SUÁREZ NIETO                                 30707,64               C-02835
2858        MARCIANO REYES VELASCO                             2420,35                C-02857
2862        SALOMÉ GALLARDO ARIAS                              32117,51               C-02861
2863        FULGENCIO VICENTE MEDINA                           118595,14              C-02862
2875        ÓSCAR DOMÍNGUEZ MORALES                            83228,47               C-02874
2880        JACOBO SÁEZ CASTRO                                 149145,26              C-02879
2901        ENCARNACIÓN FLORES CARRASCO                        29212,13               C-02900
2909        BERNABÉ GIMÉNEZ CALVO                              39336,61               C-02908
2912        JUVENAL VÁZQUEZ VELASCO                            21041,59               C-02911
2918        BERNABÉ HIDALGO SANTANA                            102627,5               C-02917
2925        ANIANO HERRERO PARRA                               91072,46               C-02924
2941        ESPERANZA TORRES SOLER                             106299,02              C-02940
2944        BEGOÑA CARMONA MONTORO                             126188,9               C-02943
2969        VALERIANO PRIETO NIETO                             126887,06              C-02968
2970        TRINIDAD GARRIDO CARRASCO                          132118,35              C-02969
2975        CONCEPCIÓN REYES ÁLVAREZ                           80811,37               C-02974
2982        VALENTÍN SUÁREZ CABRERA                            123774,75              C-02981
2995        URBANO ORTIZ CALVO                                 130775,39              C-02994
2997        FÁTIMA MOLINA SUÁREZ                               84665,31               C-02996
3017        ESTEBAN CARMONA SANTIAGO                           79846,89               C-03016
3025        PATRICIO GALLARDO MÉNDEZ                           145082,3               C-03024
3039        ARTEMIO PASTOR SUÁREZ                              88618,07               C-03038
3040        ANDRÉS PASCUAL PASTOR                              80996,71               C-03039
3042        BÁRBARA SUÁREZ BENÍTEZ                             148919,83              C-03041
3043        GODOFREDO MARTÍN CRUZ                              126884,55              C-03042
3044        VELERIO SANTANA VÁZQUEZ                            46750,42               C-03043
3050        ERICO BENÍTEZ MARÍN                                23150,64               C-03049
3054        JUAN MUÑOZ VEGA                                    32275,24               C-03053
3060        ALEJANDRO SANZ CASTILLO                            2255,35                C-03059
3067        DIMAS GIL AGUILAR                                  91414,98               C-03066
3068        NORBERTO SÁEZ BLANCO                               75431,05               C-03067
3069        IRENEO ORTIZ FUENTES                               81011,68               C-03068
3073        ESTER VIDAL VICENTE                                136482,51              C-03072
3078        OTO FERNÁNDEZ SANTOS                               90954,84               C-03077
3082        BENJAMÍN MORENO VÁZQUEZ                            12161,93               C-03081
3088        ROBERTO MARTÍNEZ MORENO                            87823,61               C-03087
3089        GLORIA MOYA MARTÍN                                 150867,07              C-03088
3091        NURIA MONTERO DÍAZ                                 72267,71               C-03090
3095        BLANCA VELASCO MARTÍNEZ                            124193,1               C-03094
3100        OSWALDO SÁEZ MORENO                                143191,24              C-03099
3102        VENANCIO CRUZ GIL                                  109153,43              C-03101
3103        EDMUNDO RUBIO MONTERO                              37886                  C-03102
3107        EVARISTO GARRIDO SÁEZ                              114060,5               C-03106
3115        JOSÉ LORENZO PASCUAL                               50772,3                C-03114
3116        VANESA HIDALGO TORRES                              93572,49               C-03115
3134        INÉS CASTRO MONTORO                                75750,97               C-03133
3144        SEGISMUNDO PARRA MOLINA                            35967,62               C-03143
3146        ARTURO MARTÍNEZ GIL                                40881,94               C-03145
3155        JULIÁN GÓMEZ GUTIÉRREZ                             134589,61              C-03154
3157        FABIOLA GALLEGO SANTANA                            30109,1                C-03156
3158        PORFIRIO ESTEBAN BLESA                             89434,73               C-03157
3164        LORENZO MORENO SERRANO                             38619,51               C-03163
3166        LEÓN ORTIZ BLESA                                   63761,98               C-03165
3167        GABRIEL CASTRO VICENTE                             28982,28               C-03166
3171        ROSALIA SANTOS GONZÁLEZ                            16067,02               C-03170
3172        ONÉSIMO LOZANO GALLEGO                             121296,51              C-03171
3183        ADOLFO VIDAL DELGADO                               91673,25               C-03182
3184        SONIA CRESPO MARTÍNEZ                              35422,74               C-03183
3196        SOLEDAD MÉNDEZ BLESA                               129231,66              C-03195
3205        JOSÉ GUTIÉRREZ ORTIZ                               25567,08               C-03204
3206        ANNA BRAVO HERRERO                                 97482,17               C-03205
3207        PANCRACIO SÁNCHEZ GÓMEZ                            146317,76              C-03206
3209        MAR ESTEBAN NÚÑEZ                                  98059,15               C-03208
3211        ARCADIO MOYA PARRA                                 121557,07              C-03210
3214        ANA ROMÁN MORALES                                  87813,84               C-03213
3216        FABIO ALONSO CAMPOS                                80378,97               C-03215
3226        AMARO TORRES ÁLVAREZ                               18576,99               C-03225
3236        BEATRIZ GÓMEZ ARIAS                                14242,67               C-03235
3237        ODÓN PEÑA MARTÍN                                   57506,44               C-03236
3238        GEMA MÁRQUEZ CASTRO                                22956,37               C-03237
3247        JOSEP FERRER NAVARRO                               15979,33               C-03246
3253        CIPRIANO HERRERA NIETO                             42971,36               C-03252
3260        ADÁN GARRIDO VIDAL                                 20978,18               C-03259
3265        CELIA MARTÍN GARRIDO                               140356,26              C-03264
3271        TOBÍAS ÁLVAREZ FERNÁNDEZ                           149298,84              C-03270
3274        JACOBO CABRERA DURÁN                               42807,57               C-03273
3280        MARCIANO REY GALLARDO                              36351,43               C-03279
3285        PRIMO MARTÍNEZ HERNÁNDEZ                           67388,02               C-03284
3286        ACACIO CABRERA MORENO                              57030,47               C-03285
3287        ÓSCAR VIDAL MOLINA                                 40392,71               C-03286
3289        ALMUDENA SÁEZ GARCÍA                               99357,61               C-03288
3294        BERNABÉ FLORES MORA                                134115,22              C-03293
3296        REBECA GIMÉNEZ SOLER                               27390,96               C-03295
3297        AURELIANO MORENO SERRANO                           128896,68              C-03296
3298        ADÁN RAMÍREZ BLANCO                                127290,85              C-03297
3308        AMPARO GARCÍA FUENTES                              23642,4                C-03307
3312        FRANCISCA GUTIÉRREZ CARRASCO                       98409,09               C-03311
3313        CASIMIRO VELASCO ÁLVAREZ                           37307,58               C-03312
3315        VALERIANO HERNÁNDEZ TORRES                         50359,29               C-03314
3316        EPIFANÍA AGUILAR DURÁN                             74674,09               C-03315
3327        ABEL FERRER MEDINA                                 18340,13               C-03326
3330        BALDOMERO GIMÉNEZ ESTEBAN                          26860,53               C-03329
3331        CARMEN LÓPEZ SERRANO                               66569,28               C-03330
3336        SALOMÉ IGLESIAS CAMPOS                             57720,57               C-03335
3337        PÍO BRAVO VIDAL                                    125148,01              C-03336
3348        MOISÉS BRAVO FERRER                                60271,35               C-03347
3355        LORENZO CANO SÁEZ                                  125775,9               C-03354
3357        RAFAEL IGLESIAS LÓPEZ                              71284,11               C-03356
3367        ADRIÁN RUBIO GUTIÉRREZ                             82702,95               C-03366
3370        LUCRECIA DURÁN IGLESIAS                            112208,16              C-03369
3372        BERNABÉ PASCUAL NÚÑEZ                              89427,05               C-03371
3376        FEDERICO GUERRERO CASTILLO                         80265,86               C-03375
3385        AARÓN HERRERA PASCUAL                              13832,99               C-03384
3388        JOSUÉ MOYA IBÁÑEZ                                  61526,44               C-03387
3395        MIQUEAS SANTIAGO GALLEGO                           147542,57              C-03394
3406        ÁLVARO GUTIÉRREZ FERRER                            19097,87               C-03405
3418        NOELIA NIETO PRIETO                                50285,77               C-03417
3420        BERNARDA BENÍTEZ DÍAZ                              104654,03              C-03419
3421        MARCIANO PEÑA MÉNDEZ                               148480,14              C-03420
3426        HÉCTOR GÓMEZ MARTÍNEZ                              54366,53               C-03425
3428        ADALBERTO ROMÁN LÓPEZ                              136185,54              C-03427
3431        LORENA ORTEGA SANZ                                 94270,1                C-03430
3432        ANASTASIA CAMPOS VÁZQUEZ                           146443,96              C-03431
3435        ARACELI MONTERO VIDAL                              120352,63              C-03434
3443        NICODEMO DÍEZ NAVARRO                              43748,77               C-03442
3460        NEMESIO IGLESIAS ROMÁN                             28773,2                C-03459
3463        ADELAIDA CRUZ HERRERO                              97982,09               C-03462
3472        OSCAR LORENZO RAMOS                                17304,97               C-03471
3475        HÉCTOR GALLARDO NÚÑEZ                              143814,73              C-03474
3477        RAFAEL DELGADO FERNÁNDEZ                           27455,78               C-03476
3482        RAIMUNDO MORENO MORENO                             10700,49               C-03481
3494        EDMUNDO DÍAZ ARIAS                                 136064,39              C-03493
3498        CONCEPCIÓN SANZ LOZANO                             41329,09               C-03497
3506        ALICIA FERNÁNDEZ GIL                               23546,03               C-03505
3507        NEMESIO CAMPOS RUIZ                                50389,43               C-03506
3521        ABRAHÁN HIDALGO MORALES                            124817,7               C-03520
3531        NOÉ GÓMEZ CRUZ                                     150521,85              C-03530
3540        EUGENIO GUTIÉRREZ IGLESIAS                         90119,96               C-03539
3545        ESPERANZA DÍEZ CARMONA                             28955,87               C-03544
3558        ÁNGELES ÁLVAREZ SANTANA                            77264,46               C-03557
3566        GERMÁN GUERRERO BENÍTEZ                            145328,94              C-03565
3568        EPIFANÍA REYES MORA                                22153,02               C-03567
3572        GISELA JIMÉNEZ HIDALGO                             69452,87               C-03571
3576        MONTSERRAT MEDINA LORENZO                          6458,02                C-03575
3587        CARMEN MORENO ARIAS                                107675,16              C-03586
3602        AUGUSTO VIDAL CORTÉS                               89174,72               C-03601
3606        BALDUINO MUÑOZ ROMÁN                               44305,48               C-03605
3618        AURORA GUTIÉRREZ FERNÁNDEZ                         123059,64              C-03617
3621        VENANCIO ALONSO RODRÍGUEZ                          30306,5                C-03620
3628        ABDÓN REY RAMÍREZ                                  105952,98              C-03627
3665        ARTURO SANTANA MEDINA                              66750,24               C-03664
3666        FAUSTINO PARRA CORTÉS                              140118,83              C-03665
3667        EUGENIO CORTÉS IBÁÑEZ                              126622,86              C-03666
3692        VANESA RUBIO PASCUAL                               119824,83              C-03691
3698        CELSO MONTORO PRIETO                               103505,99              C-03697
3700        CELSO ORTEGA VELASCO                               17515,3                C-03699
3703        ABDÓN MONTERO GIMÉNEZ                              61692,74               C-03702
3704        JOAN PASCUAL MOLINA                                84644,52               C-03703
3705        REINALDO MONTERO MONTERO                           104161,92              C-03704
3716        CECILIA TORRES CAMBIL                              27028,61               C-03715
3720        ÓSCAR DURÁN GIL                                    98661,18               C-03719
3726        ESIQUIO MARTÍN GUERRERO                            37144,48               C-03725
3727        CIRO PASTOR SANTIAGO                               61351,03               C-03726
3729        ANTONIA HERNÁNDEZ SERRANO                          77472,66               C-03728
3733        SUSANA BLANCO AGUILAR                              3592,06                C-03732
3736        VIDAL CORTÉS FUENTES                               56589,71               C-03735
3739        AMARO MORENO CAMBIL                                64290,63               C-03738
3743        COLUMBA HIDALGO MUÑOZ                              104443,2               C-03742
3749        CONSTANTINO CAMPOS CALVO                           83475,66               C-03748
3756        CELSO VICENTE CASTILLO                             66233,26               C-03755
3757        ADALBERTO ARIAS IGLESIAS                           91562,94               C-03756
3759        LUZ MARTÍN CRUZ                                    46592,3                C-03758
3762        MANUEL CARRASCO MARTÍNEZ                           109629,48              C-03761
3763        PRIMO REYES LOZANO                                 31928,89               C-03762
3768        VICTORIA MARTÍNEZ FUENTES                          117315,55              C-03767
3770        DAMIÁN NÚÑEZ ORTIZ                                 51012,45               C-03769
3773        ANDREA PARRA MÁRQUEZ                               137036,42              C-03772
3775        BEATRIZ BLANCO BLANCO                              87765,04               C-03774
3780        GODOFREDO MONTERO BENÍTEZ                          114212,09              C-03779
3787        ARESIO BLANCO NIETO                                105830,85              C-03786
3792        CRISTÓBAL GALLEGO MONTERO                          80850,36               C-03791
3804        EVA GUTIÉRREZ ARIAS                                2913,84                C-03803
3806        LADISLAO CABALLERO MUÑOZ                           93559,75               C-03805
3813        ACACIO VICENTE LOZANO                              80450,12               C-03812
3824        ADÓN ROMERO VÁZQUEZ                                119527,91              C-03823
3827        ROSARIO MOLINA REYES                               69001,33               C-03826
3830        ROBERTO PÉREZ MOLINA                               129552,58              C-03829
3832        FABIÁN DURÁN CARMONA                               33754,62               C-03831
3836        LAURA DELGADO DÍEZ                                 147113,99              C-03835
3837        REMEDIOS GONZÁLEZ MOYA                             127253,72              C-03836
3838        NICANOR RAMÍREZ MARTÍN                             40463,75               C-03837
3842        MAXIMILIANO MORALES BRAVO                          100639,42              C-03841
3846        FELICIANO FERRER GIMÉNEZ                           113303,17              C-03845
3847        ISMAEL ÁLVAREZ SOTO                                45903,18               C-03846
3850        ÁUREA SANZ FUENTES                                 22852,06               C-03849
3852        DARIO MEDINA SÁNCHEZ                               5813,78                C-03851
3853        VICTORINO RAMOS DÍAZ                               7450,62                C-03852
3857        MATÍAS LOZANO NIETO                                76678,84               C-03856
3862        ALONSO LOZANO CRESPO                               2090,72                C-03861
3863        ÚRSULA IGLESIAS CAMPOS                             124847,88              C-03862
3864        CONRADO PARRA ÁLVAREZ                              32072,7                C-03863
3866        DÁMASO MÉNDEZ NAVARRO                              53490,99               C-03865
3868        TOBÍAS CARRASCO ARIAS                              76756,27               C-03867
3880        CAYETANO HERRERO PASTOR                            51084,44               C-03879
3881        FERNANDO DÍEZ ROMÁN                                98476,23               C-03880
3892        AARÓN IGLESIAS NÚÑEZ                               129155,84              C-03891
3899        EDUVIGIS DÍEZ DELGADO                              74800,57               C-03898
3900        JOAN SANTANA SOLER                                 101973,27              C-03899
3902        HONORATO MOLINA GALLEGO                            93617,79               C-03901
3904        ORESTES ORTIZ PASTOR                               126987,76              C-03903
3915        PONCIO PASTOR AGUILAR                              23290,35               C-03914
3919        LINO GÓMEZ GÓMEZ                                   135165,01              C-03918
3929        CECILIA HERRERA BLESA                              34207,13               C-03928
3932        TORIBIO GALLEGO FERRER                             27608,93               C-03931
3934        ADOLFO VICENTE GARRIDO                             35783,62               C-03933
3936        LEÓN ARIAS VARGAS                                  118069,76              C-03935
3943        ELENA GUTIÉRREZ NAVARRO                            43681,46               C-03942
3958        ANANÍAS MONTERO LORENZO                            54504,24               C-03957
3961        VIRGINIA RODRÍGUEZ GUTIÉRREZ                       131424,07              C-03960
3970        AURELIANO ESTEBAN CORTÉS                           149563,92              C-03969
3977        ABRAHÁN HERRERA LOZANO                             6766,7                 C-03976
3980        SANSÓN GIL CORTÉS                                  67644,86               C-03979
3985        ADÓN CAMPOS IBÁÑEZ                                 69235,52               C-03984
3987        SEBASTIÁN MÁRQUEZ PARRA                            122893,82              C-03986
3988        ROSA AGUILAR JIMÉNEZ                               112164,21              C-03987
3994        ROSA SÁEZ CARMONA                                  81119,31               C-03993
4000        HERACLIO ROMÁN MARÍN                               102456,16              C-03999
4006        MATEO MARTÍNEZ SANTIAGO                            11518,1                C-04005
4011        JULIO IBÁÑEZ PASTOR                                13864,77               C-04010
4012        IVÁN FLORES CAMPOS                                 57679,91               C-04011
4014        GODOFREDO GUERRERO MARTÍNEZ                        66368,5                C-04013
4020        EUGENIA DÍAZ BLANCO                                91692,31               C-04019
4036        JOAQUÍM FUENTES ÁLVAREZ                            74341,9                C-04035
4041        MARIANO GUERRERO TORRES                            90075,81               C-04040
4050        CELSO GUTIÉRREZ IBÁÑEZ                             44343,99               C-04049
4053        SIMÓN FERNÁNDEZ IGLESIAS                           13088,97               C-04052
4054        LINO PRIETO MUÑOZ                                  32277,89               C-04053
4077        BEATRIZ CABRERA GUERRERO                           10840,08               C-04076
4080        FELICIANO ROMERO PASTOR                            47769,47               C-04079
4086        ADELA CALVO CARRASCO                               32948,51               C-04085
4087        FÉLIX GIL AGUILAR                                  70891,71               C-04086
4091        ADOLFO JIMÉNEZ CABALLERO                           129191,37              C-04090
4096        ANTONIA ESTEBAN HERRERO                            26786,84               C-04095
4100        VALENTÍN DOMÍNGUEZ LÓPEZ                           33178,63               C-04099
4102        INÉS BRAVO ARIAS                                   124051,73              C-04101
4103        CIRILO RUBIO SÁEZ                                  45669,38               C-04102
4106        EZEQUIEL SÁEZ GUTIÉRREZ                            142111,08              C-04105
4111        ATANASIO MÉNDEZ MÉNDEZ                             122578,86              C-04110
4118        RUPERTO CAMPOS GIMÉNEZ                             130373,75              C-04117
4123        VICENTA HERRERO JIMÉNEZ                            10855,65               C-04122
4127        CONSTANCIO CRUZ VÁZQUEZ                            70523,2                C-04126
4132        ISAÍAS VIDAL HERNÁNDEZ                             92148,32               C-04131
4134        MARTÍN PARRA ROMÁN                                 33698,22               C-04133
4141        RENATO MARÍN SANTOS                                93202,88               C-04140
4142        AARÓN CAMPOS MARÍN                                 51128,76               C-04141
4145        CÉSAR BENÍTEZ SANTOS                               46421,05               C-04144
4150        SOLEDAD REY RUIZ                                   32024,89               C-04149
4154        CRISTINA HIDALGO REY                               64814,37               C-04153
4159        IGNACIO CAMBIL RAMOS                               2248,19                C-04158
4164        MANUEL CALVO MARTÍNEZ                              87877,21               C-04163
4166        EDUARDO ROMERO GIL                                 2997,32                C-04165
4167        YOLANDA HERNÁNDEZ VELASCO                          21494,65               C-04166
4168        SEBASTIÁN ÁLVAREZ MARTÍN                           78657,67               C-04167
4169        EMILIANO BLANCO SANTOS                             95424,62               C-04168
4173        LOURDES MOLINA RAMÍREZ                             32974,7                C-04172
4193        ACACIO PRIETO REY                                  82710,55               C-04192
4194        AMBROSIO VELASCO CANO                              34110,5                C-04193
4195        ALBINA MONTERO MÁRQUEZ                             97360,5                C-04194
4204        FABIO PASTOR MEDINA                                121488,68              C-04203
4213        LIDIA SÁNCHEZ PARRA                                146810,51              C-04212
4217        SALOMÓN HERNÁNDEZ MONTERO                          18186,62               C-04216
4232        MARTÍN MONTERO DELGADO                             36512,4                C-04231
4245        ANSELMO ROMÁN PEÑA                                 40268,64               C-04244
4254        AMARO HERNÁNDEZ ARIAS                              63081,72               C-04253
4260        CAYO SUÁREZ SUÁREZ                                 2293,51                C-04259
4270        MARCIAL HIDALGO VICENTE                            57195,63               C-04269
4273        ANDRÉS VÁZQUEZ PRIETO                              135230,23              C-04272
4281        ANIANO CARRASCO HERRERO                            28033,08               C-04280
4283        ADÓN SANZ ESTEBAN                                  74901,99               C-04282
4296        DIMAS CABALLERO SÁNCHEZ                            42324,59               C-04295
4298        DANIEL PASCUAL ROMERO                              97387,74               C-04297
4304        MERCEDES IGLESIAS PRIETO                           71370,03               C-04303
4313        NOÉ VÁZQUEZ VEGA                                   57989,02               C-04312
4331        RITA MEDINA CORTÉS                                 145551,19              C-04330
4337        PONCIO CASTRO LEÓN                                 28067,84               C-04336
4340        LUCANO ARIAS GUERRERO                              150541,05              C-04339
4353        CELINA MORENO BLESA                                64743,09               C-04352
4354        SILVIA MORA FUENTES                                46421,23               C-04353
4359        INMACULADA MOLINA GUERRERO                         150187,94              C-04358
4363        MIGUEL HERNÁNDEZ IBÁÑEZ                            116272,23              C-04362
4374        NARCISO GÓMEZ ÁLVAREZ                              56800,43               C-04373
4379        MIQUEAS GARCÍA FERNÁNDEZ                           53824,79               C-04378
4383        MOHAMED GIL CANO                                   83794,48               C-04382
4384        MOISÉS RUIZ ROMÁN                                  139605,73              C-04383
4388        LEANDRO SANTOS AGUILAR                             37489,06               C-04387
4389        FACUNDO CASTRO CARRASCO                            20676,43               C-04388
4392        ORIOL FUENTES VELASCO                              20803,3                C-04391
4396        EDUARDO MORENO JIMÉNEZ                             5431,83                C-04395
4403        ANIANO CARRASCO BLESA                              49624,79               C-04402
4411        BRUNO GARRIDO VÁZQUEZ                              57615,72               C-04410
4414        SALOMÉ PEÑA LÓPEZ                                  128423,02              C-04413
4418        TEODORA SANTIAGO GÓMEZ                             44685,13               C-04417
4435        AURELIANO MORA SANTOS                              107307,26              C-04434
4445        FABIÁN GALLEGO TORRES                              133711,06              C-04444
4451        AURELIA GARRIDO VELASCO                            126977,88              C-04450
4459        NORBERTO HERRERO JIMÉNEZ                           139967,26              C-04458
4467        VIRGINIA MORA MOLINA                               9558,04                C-04466
4471        JAVIER CARRASCO SÁNCHEZ                            57596,65               C-04470
4474        CRISTÓBAL ROMÁN MUÑOZ                              33340,62               C-04473
4477        RAÚL NAVARRO DELGADO                               139516,71              C-04476
4480        ADÁN LOZANO MARÍN                                  87358,92               C-04479
4482        EULALIA SANTIAGO VARGAS                            75882,31               C-04481
4495        ÚRSULA LÓPEZ NAVARRO                               101975,83              C-04494
4506        MERCEDES RUIZ RAMOS                                106729,29              C-04505
4517        JUVENAL LEÓN ORTEGA                                131547,19              C-04516
4523        COLUMBA RUBIO BRAVO                                55812,08               C-04522
4525        BEGOÑA PÉREZ CALVO                                 40616,94               C-04524
4527        BERNARDA GUERRERO ORTIZ                            32570,46               C-04526
4529        SUSANA RAMÍREZ RODRÍGUEZ                           123278,92              C-04528
4531        JONÁS GIL DÍEZ                                     118079,04              C-04530
4532        LADISLAO MUÑOZ DOMÍNGUEZ                           2695,49                C-04531
4533        EUGENIO REY CASTILLO                               150768,04              C-04532
4535        REBECA TORRES MOLINA                               119785,79              C-04534
4537        JAVIER MÁRQUEZ MARTÍN                              140189,56              C-04536
4544        CARINA GIMÉNEZ CALVO                               34850,68               C-04543
4545        ARÁNZAZU AGUILAR VARGAS                            121319,31              C-04544
4546        OSEAS DÍAZ SANTOS                                  120525,92              C-04545
4547        GUZMÁN VARGAS TORRES                               18289,33               C-04546
4548        GISELA ROMERO CRESPO                               66675,3                C-04547
4554        VIDAL MARTÍN FERRER                                11922,55               C-04553
4557        ROSALIA JIMÉNEZ REYES                              28830,97               C-04556
4563        LEOCADIA FERRER GONZÁLEZ                           56465,42               C-04562
4587        SILVIA CANO CALVO                                  71244,89               C-04586
4588        GUIDO VEGA MARTÍNEZ                                47324,5                C-04587
4595        ZACARÍAS SANTIAGO RAMOS                            63027,44               C-04594
4596        GISELA BLANCO HERRERA                              134851,58              C-04595
4602        FRANCISCO LEÓN IBÁÑEZ                              130658,75              C-04601
4607        PETRONILA ROMERO RAMOS                             17233,9                C-04606
4609        LUCAS SANTANA MARTÍNEZ                             140871,16              C-04608
4613        ROSALIA CAMPOS PÉREZ                               111355,37              C-04612
4619        SALVIO PRIETO CAMBIL                               27012,46               C-04618
4621        ASUNCIÓN ÁLVAREZ CANO                              9945,15                C-04620
4625        SALOMÉ CAMPOS HERNÁNDEZ                            140452,54              C-04624
4630        JUVENAL ARIAS ARIAS                                46516,64               C-04629
4633        CAYETANO CORTÉS LORENZO                            42559,76               C-04632
4644        PABLO MONTERO NAVARRO                              90457,68               C-04643
4647        JULIO DELGADO GALLEGO                              54550,54               C-04646
4648        EDUVIGIS GIMÉNEZ SANTANA                           29265,25               C-04647
4649        EUGENIO VÁZQUEZ GIL                                100504,7               C-04648
4650        ROSALIA FUENTES BRAVO                              147095,11              C-04649
4670        FABIOLA RUBIO NIETO                                108834,59              C-04669
4698        ALBINA MORENO SANTOS                               9807,45                C-04697
4710        PONCIO ARIAS FUENTES                               97884,58               C-04709
4717        NOELIA GIMÉNEZ TORRES                              36862,78               C-04716
4720        CONSTANTINO HIDALGO SANTIAGO                       83809,66               C-04719
4730        VÍCTOR FUENTES BRAVO                               108076,67              C-04729
4747        CASIMIRO VICENTE PÉREZ                             68394,71               C-04746
4759        LINO CABRERA BRAVO                                 30262,25               C-04758
4771        ESDRAS FERNÁNDEZ CARMONA                           100893,03              C-04770
4775        ANIANO FERRER BENÍTEZ                              120935,6               C-04774
4777        NARCISO CALVO ÁLVAREZ                              24454,84               C-04776
4779        CONSUELO DELGADO SÁEZ                              100071,84              C-04778
4783        IFIGENIA MONTERO FUENTES                           61519,11               C-04782
4784        ABRAHÁN CALVO DURÁN                                128532,33              C-04783
4791        HÉCTOR RODRÍGUEZ MARTÍNEZ                          85291,31               C-04790
4796        LUIS CABALLERO GARCÍA                              123798,49              C-04795
4801        URBANO MARTÍNEZ SOLER                              90769,7                C-04800
4809        FAUSTINO BRAVO VÁZQUEZ                             10974,79               C-04808
4811        FRANCISCA FERNÁNDEZ MARTÍN                         42530,21               C-04810
4812        ASUNCIÓN BLANCO GARCÍA                             90449,22               C-04811
4828        LEANDRO BLESA MOLINA                               122868,7               C-04827
4833        FEDERICO GALLEGO LEÓN                              64411,34               C-04832
4835        LORENZO HIDALGO HERRERO                            61654,45               C-04834
4840        CONSTANCIO PEÑA NAVARRO                            96816,61               C-04839
4866        CARMELO SANTOS SÁNCHEZ                             124435,46              C-04865
4871        FAUSTO CRUZ CAMPOS                                 47151,6                C-04870
4884        ESIQUIO VÁZQUEZ FERRER                             55455,27               C-04883
4890        ARACELI CASTILLO GUERRERO                          99193,45               C-04889
4894        PRIMO SERRANO ROMÁN                                62746,81               C-04893
4912        ESDRAS MONTORO VARGAS                              138426,29              C-04911
4916        AITOR GIMÉNEZ LOZANO                               140505,1               C-04915
4918        DEMÓCRITO ARIAS GARRIDO                            113987,55              C-04917
4924        TITO VÁZQUEZ GARRIDO                               2317,02                C-04923
4930        FERMÍN MONTERO ESTEBAN                             139361,73              C-04929
4938        LUCIANO PARRA VICENTE                              76085,77               C-04937
4942        NORBERTO CALVO AGUILAR                             114921,66              C-04941
4943        MÍRIAM VICENTE MUÑOZ                               107831,57              C-04942
4944        LEANDRO FERNÁNDEZ IGLESIAS                         58905,96               C-04943
4948        EULALIA CRESPO MORALES                             101174,51              C-04947
4951        JORDI MÁRQUEZ SERRANO                              70798,65               C-04950
4953        BÁRBARA FLORES HERNÁNDEZ                           128805,57              C-04952
4955        NIEVES CAMBIL JIMÉNEZ                              82755,5                C-04954
4957        RAFAEL VÁZQUEZ RAMOS                               68538,7                C-04956
4959        LUCAS SÁNCHEZ GALLARDO                             80756,03               C-04958
4965        SONIA LEÓN GUERRERO                                11794,13               C-04964
4966        ANTONIA MÉNDEZ ÁLVAREZ                             6551,61                C-04965
4976        ANTERO MORENO LÓPEZ                                130972,13              C-04975
4986        SUSANA SERRANO HERRERA                             68109                  C-04985
4987        SIMEÓN SANTANA MUÑOZ                               30727,71               C-04986
4990        MARIO BRAVO DELGADO                                43890,61               C-04989
4995        MARTÍN HERNÁNDEZ LÓPEZ                             109028,8               C-04994
5004        FAUSTINO FUENTES HERRERO                           13129,66               C-05003
5023        OSCAR CABRERA NAVARRO                              55752,07               C-05022
5037        ILDEFONSO ALONSO MARTÍNEZ                          105874,01              C-05036
5047        FABIO NÚÑEZ ORTIZ                                  140861,27              C-05046
5052        SAMUEL SANTIAGO NAVARRO                            126691,11              C-05051
5055        CAMILO NAVARRO SANTANA                             107699,59              C-05054
5062        ALFREDO SERRANO SÁEZ                               46310,2                C-05061
5067        ÁUREA RAMOS CRESPO                                 77149,87               C-05066
5076        SALVADOR PASTOR IBÁÑEZ                             144320,24              C-05075
5077        ESDRAS FLORES GALLEGO                              32221,28               C-05076
5081        TIMOTEO DÍAZ PARRA                                 104359,07              C-05080
5089        SAMUEL HERNÁNDEZ GONZÁLEZ                          124465,6               C-05088
5093        RAMÓN MEDINA VIDAL                                 150360,69              C-05092
5100        ESDRAS ORTEGA SANTIAGO                             101366,2               C-05099
5113        NORBERTO TORRES FLORES                             49711,75               C-05112
5114        ALBINA MUÑOZ MARÍN                                 60906,37               C-05113
5123        LUCAS PARRA DÍEZ                                   128140,54              C-05122
5124        MARTÍN BRAVO ESTEBAN                               94588,79               C-05123
5127        CASIO RODRÍGUEZ CAMPOS                             145181,42              C-05126
5139        EUSEBIO MONTORO CASTRO                             7641,58                C-05138
5140        ENRIQUE HERNÁNDEZ BENÍTEZ                          57518,51               C-05139
5146        RAMÓN ORTIZ VÁZQUEZ                                59452,99               C-05145
5148        EDUARDO PARRA NÚÑEZ                                39896,61               C-05147
5149        MARCELINO CARMONA MEDINA                           104703,09              C-05148
5154        MOISÉS MARÍN JIMÉNEZ                               118394,2               C-05153
5157        CASIMIRO GARCÍA CORTÉS                             17991,31               C-05156
5163        CLARA GUERRERO CANO                                86418,24               C-05162
5169        FACUNDO REY LOZANO                                 94051,9                C-05168
5173        BERNARDO BRAVO MÉNDEZ                              121847,93              C-05172
5180        ANTERO NIETO MORENO                                104490,25              C-05179
5183        LEONCIO CASTILLO VÁZQUEZ                           135412,48              C-05182
5185        CASIANO DOMÍNGUEZ CAMPOS                           105901,88              C-05184
5187        ODÓN CARMONA BENÍTEZ                               40988,18               C-05186
5190        LUCIANO FUENTES SANTOS                             136229,46              C-05189
5191        NARCISO GIMÉNEZ IBÁÑEZ                             57083,45               C-05190
5195        FAUSTINO ESTEBAN CAMBIL                            75169,32               C-05194
5203        RUPERTO MARTÍN RODRÍGUEZ                           60857,18               C-05202
5204        FERNANDO VIDAL CARRASCO                            86699,65               C-05203
5205        ANASTASIA GONZÁLEZ NAVARRO                         132326,21              C-05204
5220        RIGOBERTO MONTERO MOLINA                           54321,97               C-05219
5223        BORJA CABALLERO MARTÍNEZ                           1953,14                C-05222
5229        DIEGO SANTOS TORRES                                137221,51              C-05228
5242        ACACIO IBÁÑEZ CRUZ                                 104169,42              C-05241
5248        BERNARDO RODRÍGUEZ FUENTES                         105937,06              C-05247
5251        HUGO SOLER PARRA                                   65727,98               C-05250
5252        CLAUDIO CORTÉS CRUZ                                55273,19               C-05251
5255        FRANCISCA CRESPO LOZANO                            9855,77                C-05254
5258        MANUEL GUERRERO RAMÍREZ                            98046,67               C-05257
5260        ARNALDO PARRA SANTOS                               56209,55               C-05259
5264        ARÁNZAZU BRAVO AGUILAR                             128007,14              C-05263
5268        HILARIÓN BRAVO GALLARDO                            31326,71               C-05267
5272        CONRADO HERRERO IBÁÑEZ                             11988,13               C-05271
5281        MARCIANO HIDALGO VELASCO                           12624,66               C-05280
5282        LUIS FERRER SÁNCHEZ                                41453,83               C-05281
5285        NOELIA RAMOS DÍAZ                                  81795,31               C-05284
5292        ALBERTO RUBIO CANO                                 150314,89              C-05291
5296        JACOB MÉNDEZ CASTRO                                120208,43              C-05295
5298        ALIPIO ARIAS CANO                                  40483,77               C-05297
5303        OSEAS SÁNCHEZ CALVO                                52569,29               C-05302
5306        AITOR CRUZ MARÍN                                   62362,81               C-05305
5310        JACOBO FERRER MONTERO                              39235,11               C-05309
5312        ANNA FERNÁNDEZ PÉREZ                               100603,55              C-05311
5313        IRENEO CARMONA RUBIO                               126985,88              C-05312
5314        RAMIRO SUÁREZ BRAVO                                77039,91               C-05313
5326        NAZARIO RUIZ ORTEGA                                99242,2                C-05325
5334        OSWALDO PARRA CABALLERO                            68133,18               C-05333
5336        ALBINA PARRA FERNÁNDEZ                             127408,43              C-05335
5337        ELENA CABALLERO IBÁÑEZ                             147441,6               C-05336
5347        ALEJANDRA LORENZO CAMPOS                           35337,03               C-05346
5348        SIXTO NIETO GUTIÉRREZ                              71364,77               C-05347
5352        ROCÍO SANTANA GONZÁLEZ                             15478,22               C-05351
5358        BENITO PÉREZ MEDINA                                36845,81               C-05357
5359        NARCISO NÚÑEZ AGUILAR                              46581,56               C-05358
5365        ABDÓN CANO BLANCO                                  135826,07              C-05364
5374        MAURICIO GUERRERO BLANCO                           120245,59              C-05373
5379        DIMAS CRUZ NAVARRO                                 8199,72                C-05378
5380        ASUNCIÓN CAMBIL MONTERO                            137354,71              C-05379

(1000 rows affected)


Completion time: 2020-07-26T18:03:24.0349050-04:00
