idcliente   nombrecliente                                      saldo                  numcta
----------- -------------------------------------------------- ---------------------- ---------------
2           JULIO FERNÁNDEZ VEGA                               112676,97              C-00002
12          TOMÁS ORTEGA LÓPEZ                                 69934,116              C-00012
16          GONZALO MÉNDEZ GONZÁLEZ                            105236,334             C-00016
24          SAMUEL TORRES LOZANO                               61471,452              C-00024
31          ANIANO NAVARRO MORENO                              126485,058             C-00031
48          DIEGO VIDAL LORENZO                                116190,6795            C-00048
54          LEANDRO CALVO RAMOS                                85760,094              C-00054
58          ROBERTO VIDAL ARIAS                                54008,1885             C-00058
59          GUZMÁN PEÑA SANTANA                                36939,3885             C-00059
67          CONSTANTINO PASTOR FLORES                          137410,3815            C-00067
78          LINO SOTO MARTÍN                                   44805,6                C-00078
80          CARMEN CAMBIL CAMPOS                               12637,212              C-00080
81          JACOBO DÍAZ REYES                                  91505,736              C-00081
83          JACINTO GUTIÉRREZ MÁRQUEZ                          1296,3195              C-00083
84          MIGUEL SÁNCHEZ FERRER                              124799,2515            C-00084
86          CESÁREO ORTEGA LÓPEZ                               30303,252              C-00086
88          ARCADIO CORTÉS VEGA                                33601,3545             C-00088
89          SIMÓN CABALLERO DURÁN                              108106,929             C-00089
90          AARÓN GÓMEZ PARRA                                  16587,8475             C-00090
94          GERMÁN AGUILAR MÉNDEZ                              12947,592              C-00094
99          VIDAL RODRÍGUEZ DURÁN                              40144,314              C-00099
100         ANNA VEGA FLORES                                   40523,4795             C-00100
107         BONIFACIO PASCUAL BENÍTEZ                          144626,6535            C-00107
121         PURIFICACIÓN CORTÉS SANTANA                        138110,1225            C-00121
131         ÁNGELA ESTEBAN CALVO                               4489,863               C-00131
142         JERÓNIMO ARIAS LORENZO                             127939,3395            C-00142
145         ONÉSIMO CALVO JIMÉNEZ                              35734,881              C-00145
168         JESÚS LEÓN CAMBIL                                  101148,39              C-00168
171         MIQUEAS MORENO CRESPO                              36956,115              C-00171
173         ROMUALDO ROMÁN NIETO                               149365,797             C-00173
189         FRANCISCO DURÁN CABALLERO                          8431,7205              C-00189
191         TOMAS PRIETO PRIETO                                16546,152              C-00191
194         HÉCTOR NAVARRO LEÓN                                66520,7445             C-00194
202         ALMUDENA MOLINA VELASCO                            7399,2345              C-00202
218         HELIODORO PÉREZ ORTEGA                             151519,116             C-00218
231         EPIFANÍA GALLARDO HERRERA                          45679,4205             C-00231
234         SEGISMUNDO PRIETO MONTORO                          109119,15              C-00234
239         RUPERTO MONTORO BLANCO                             10915,4535             C-00239
242         VALENTÍN PARRA ROMÁN                               136533,495             C-00242
245         DOMINGO HIDALGO MONTORO                            155729,4585            C-00245
246         BENEDICTO DURÁN LEÓN                               93573,249              C-00246
260         SANTIAGO GALLEGO CABALLERO                         42027,678              C-00260
262         CELINA MARTÍNEZ ARIAS                              36177,393              C-00262
264         DIEGO JIMÉNEZ RUBIO                                29493,9645             C-00264
272         MATILDE MARTÍN IGLESIAS                            52604,3385             C-00272
274         NIEVES CALVO VICENTE                               16288,545              C-00274
280         ADELAIDA ROMÁN MOYA                                26806,689              C-00280
287         BLANCA MÁRQUEZ PASTOR                              56741,727              C-00287
288         ALICIA ALONSO BENÍTEZ                              66979,3005             C-00288
292         HUMBERTO FERRER MONTERO                            12888,771              C-00292
294         ASCENSIÓN MARTÍNEZ HERNÁNDEZ                       149509,92              C-00294
311         AITOR GIMÉNEZ FUENTES                              10192,098              C-00311
313         SIMÓN VIDAL CABRERA                                94573,2795             C-00313
323         CONSUELO PASCUAL MONTERO                           15650,0085             C-00323
328         AURELIANO MARTÍNEZ PRIETO                          72451,26               C-00328
336         SALOMÉ PARRA DURÁN                                 133295,631             C-00336
339         NATIVIDAD SUÁREZ AGUILAR                           99844,8255             C-00339
364         EZEQUIEL MÉNDEZ MOLINA                             102334,3545            C-00364
369         TEODORA AGUILAR MORALES                            151784,325             C-00369
370         GUZMÁN CAMBIL PRIETO                               153566,9415            C-00370
377         AURELIANO NAVARRO CRUZ                             105734,874             C-00377
381         MARCELO HERRERO CARMONA                            128952,348             C-00381
386         OSCAR HERRERA SÁEZ                                 133635,012             C-00386
389         ERNESTO ORTIZ CASTILLO                             49299,915              C-00389
392         PABLO PASTOR BENÍTEZ                               97937,1645             C-00392
394         HÉCTOR CABRERA VÁZQUEZ                             57531,411              C-00394
399         CLEOFÁS MORA RAMÍREZ                               98422,3485             C-00399
408         JOSEP DELGADO NAVARRO                              114250,9725            C-00408
417         NURIA PRIETO RUBIO                                 18534,6105             C-00417
423         ANNA VELASCO ESTEBAN                               54133,422              C-00423
425         EUGENIO FERRER SANTANA                             152321,1585            C-00425
430         OSEAS GALLEGO DÍAZ                                 86072,1015             C-00430
434         AGUSTÍN DOMÍNGUEZ VARGAS                           72405,9                C-00434
445         HOMERO CARRASCO SANTOS                             140931,021             C-00445
449         CIRO FERRER CARRASCO                               79397,5455             C-00449
460         ABRAHÁN GARRIDO GIL                                2221,905               C-00459
465         AARÓN VIDAL GARRIDO                                138828,879             C-00464
466         XAVIER CASTRO SÁNCHEZ                              44566,872              C-00465
469         VLADIMIRO RODRÍGUEZ SANTOS                         68446,539              C-00468
473         ASCENSIÓN FLORES GARRIDO                           53933,9745             C-00472
474         MARCELO NAVARRO DURÁN                              138200,8215            C-00473
475         ARIADNA ORTEGA MOLINA                              80188,5315             C-00474
477         DANIEL SUÁREZ CABALLERO                            127301,328             C-00476
482         BEATRIZ DOMÍNGUEZ LÓPEZ                            79549,89               C-00481
483         OTO CANO GIL                                       133044,4815            C-00482
489         SEVERINO SÁEZ MUÑOZ                                46816,602              C-00488
491         RAÚL NIETO LÓPEZ                                   42418,95               C-00490
492         CÁNDIDA SOTO GUTIÉRREZ                             127539,6885            C-00491
494         ANSELMO LÓPEZ MORALES                              32951,73               C-00493
495         ORIOL CAMPOS BLANCO                                134947,0185            C-00494
497         SUSANA LEÓN GONZÁLEZ                               142521,1935            C-00496
499         LOURDES MEDINA MÉNDEZ                              41122,2105             C-00498
500         VIRGINIA TORRES DÍEZ                               71774,2305             C-00499
508         MAXIMILIANO CARRASCO LEÓN                          116694,438             C-00507
511         CATALINA VELASCO GONZÁLEZ                          115315,1055            C-00510
515         EPIFANÍA VARGAS VICENTE                            139146,966             C-00514
524         MONTSERRAT RAMÍREZ NIETO                           16572,4125             C-00523
526         FACUNDO CABALLERO PRIETO                           100572,864             C-00525
535         MARCELO FUENTES DOMÍNGUEZ                          123086,187             C-00534
537         MARCOS ORTIZ CANO                                  55523,79               C-00536
539         ROGELIO ESTEBAN MARTÍN                             114682,617             C-00538
540         TEODOSIA GARRIDO GIMÉNEZ                           43025,3565             C-00539
547         ROQUE PEÑA MARÍN                                   97419,105              C-00546
556         ROSA GUERRERO CAMBIL                               147263,487             C-00555
558         BELÉN GARCÍA ORTIZ                                 124167,9075            C-00557
561         NICOLÁS PEÑA MÁRQUEZ                               105463,743             C-00560
565         MARCOS ALONSO SÁNCHEZ                              152825,295             C-00564
574         JOAQUÍN SÁEZ ORTIZ                                 15998,0205             C-00573
577         VALERIANO ALONSO VIDAL                             149909,1825            C-00576
578         LEOCADIA VIDAL DÍAZ                                82455,639              C-00577
595         VENANCIO BLESA FUENTES                             46408,152              C-00594
601         NICANOR DÍEZ DELGADO                               26632,053              C-00600
611         LEONCIO MONTERO DURÁN                              73046,7465             C-00610
619         ISABEL GIMÉNEZ GALLARDO                            132418,755             C-00618
630         EVA CALVO GALLEGO                                  153630,1935            C-00629
631         OSWALDO CABRERA VEGA                               103101,516             C-00630
638         ROGELIO HERRERO GIMÉNEZ                            9179,856               C-00637
640         NARCISO ROMERO BLESA                               60075,876              C-00639
641         MÍRIAM REYES PASCUAL                               60171,72               C-00640
643         LORENA MARTÍN PRIETO                               124922,112             C-00642
646         ATANASIO GIL LORENZO                               21739,683              C-00645
651         ROSA FUENTES ALONSO                                152417,391             C-00650
654         ADRIÁN VÁZQUEZ FUENTES                             10941,882              C-00653
657         MAGDALENA LOZANO SOLER                             31294,158              C-00656
659         MARC GALLEGO PÉREZ                                 67969,7445             C-00658
665         BALDOMERO AGUILAR MORALES                          100200,009             C-00664
675         MÍRIAM RAMÍREZ IGLESIAS                            50350,587              C-00674
686         ALBINA CABALLERO NÚÑEZ                             124811,2635            C-00685
687         JUSTINO NIETO CAMPOS                               13507,41               C-00686
692         PATRICIA CASTRO CRESPO                             156315,621             C-00691
694         LIDUVINA SANTOS MOLINA                             60683,847              C-00693
695         ALEJANDRO SOTO SOLER                               120627,6015            C-00694
697         AARÓN SANTOS FERRER                                85995,714              C-00696
702         FELICIANO MEDINA FERRER                            82559,253              C-00701
704         BALDOMERO GARCÍA ROMERO                            120126,1635            C-00703
709         SUSANA BLESA TORRES                                128671,452             C-00708
714         AMADEO GÓMEZ HERRERA                               57565,158              C-00713
720         ONÉSIMO RAMÍREZ PEÑA                               147700,077             C-00719
725         ORIOL HERNÁNDEZ SÁEZ                               106472,667             C-00724
732         GERARDO DOMÍNGUEZ PEÑA                             59144,6415             C-00731
735         MARINA BLESA VIDAL                                 151474,0395            C-00734
746         TEÓFANES MUÑOZ VÁZQUEZ                             143540,607             C-00745
749         GERARDO SÁEZ CRESPO                                154680,5505            C-00748
751         ADALBERTO MÁRQUEZ BLESA                            56565,3165             C-00750
759         DAMIÁN VEGA GUERRERO                               124020,981             C-00758
760         RODRIGO GARCÍA MOLINA                              7973,196               C-00759
761         ISABEL DÍAZ MARTÍN                                 64899,1875             C-00760
770         CLOTILDE LORENZO CANO                              31476,5325             C-00769
782         EULALIA RAMOS BENÍTEZ                              82606,545              C-00781
789         GISELA CANO MARTÍN                                 148933,3755            C-00788
794         SERGIO VICENTE CRESPO                              35176,0185             C-00793
811         ANASTASIA GUERRERO SANTIAGO                        97913,0145             C-00810
816         GERTRUDIS GARCÍA CASTRO                            73436,0025             C-00815
826         SOFÍA HERNÁNDEZ LOZANO                             151815,111             C-00825
828         SERGIO SOTO FERRER                                 82543,734              C-00827
834         BEATRIZ CARRASCO LEÓN                              135091,0575            C-00833
835         ALIPIO ROMERO CABALLERO                            155747,8965            C-00834
838         ADALBERTO FERNÁNDEZ VEGA                           120061,3155            C-00837
840         PURIFICACIÓN TORRES SERRANO                        56033,3865             C-00839
841         ÁNGELA PEÑA GIMÉNEZ                                136691,877             C-00840
844         VALENTÍN SUÁREZ GIL                                33680,9235             C-00843
846         JEREMÍAS MÉNDEZ PARRA                              152587,7955            C-00845
847         HERACLIO MARÍN MONTERO                             144844,0455            C-00846
849         FABIO VICENTE LEÓN                                 81992,8095             C-00848
854         SONIA MOLINA VICENTE                               102306,7395            C-00853
862         ESTHER DURÁN SÁEZ                                  95173,785              C-00861
869         VELERIO BRAVO CRUZ                                 96051,3435             C-00868
873         FRANCESC CRUZ CASTRO                               75617,493              C-00872
878         HONORIO ORTEGA CARMONA                             93255,918              C-00877
892         GENOVEVA ROMERO IGLESIAS                           136304,7945            C-00891
893         ERNESTO HERRERO SÁEZ                               98401,7475             C-00892
894         JACOB CAMPOS GIMÉNEZ                               19003,719              C-00893
895         ANSELMO SERRANO HERRERO                            123145,281             C-00894
905         FRANCESC HIDALGO DURÁN                             148352,4735            C-00904
906         CLAUDIO HERRERA CANO                               107886,807             C-00905
922         ESTER SANTOS BLANCO                                72520,035              C-00921
925         LORENZO MARTÍN HIDALGO                             94688,5695             C-00924
932         JORDI GARCÍA HERNÁNDEZ                             131120,4615            C-00931
941         JORGE HERRERA TORRES                               48513,5385             C-00940
942         TEÓFANES SANTIAGO IGLESIAS                         116213,37              C-00941
946         CARLOS GALLEGO FERRER                              66830,1375             C-00945
947         DOLORES ROMÁN MONTORO                              67716,936              C-00946
950         CRISTINA BRAVO GIL                                 150374,6055            C-00949
955         TITO CANO VARGAS                                   104750,562             C-00954
963         ONÉSIMO GALLARDO LEÓN                              58917,9885             C-00962
971         BLAS VÁZQUEZ IGLESIAS                              47918,304              C-00970
985         GUIDO DÍEZ HERRERA                                 65950,1115             C-00984
998         GONZALO PARRA PASTOR                               77459,55               C-00997
1004        EZEQUIEL PASTOR ARIAS                              149948,631             C-01003
1008        TITO GUERRERO GALLEGO                              17549,2485             C-01007
1018        ODÓN CRUZ CAMBIL                                   19189,7475             C-01017
1026        IRENEO CARMONA GIMÉNEZ                             105709,695             C-01025
1034        MAGDALENA SERRANO FERRER                           50043,063              C-01033
1035        ANTONIO CASTRO GALLARDO                            120333,738             C-01034
1037        RAMÓN MÁRQUEZ GONZÁLEZ                             15054,6165             C-01036
1048        BERNARDA LÓPEZ CAMBIL                              151125,975             C-01047
1056        PILAR CASTILLO MONTORO                             74820,7635             C-01055
1066        PAULA ORTEGA GUTIÉRREZ                             74281,6305             C-01065
1073        ARTURO RUBIO CAMBIL                                1371,7725              C-01072
1081        DIEGO HERRERA MÁRQUEZ                              73359,279              C-01080
1082        ALONSO CAMBIL VIDAL                                57654,1665             C-01081
1094        ANSELMO MORENO SUÁREZ                              2525,502               C-01093
1099        IVÁN FERNÁNDEZ ESTEBAN                             92672,0655             C-01098
1127        HOMERO SOTO CALVO                                  107035,698             C-01126
1128        ALBERTO MORA SERRANO                               141739,8255            C-01127
1137        FERNANDO HIDALGO PARRA                             31795,5855             C-01136
1139        CLOTILDE ÁLVAREZ MORENO                            157608,675             C-01138
1151        TRINIDAD CRESPO ROMÁN                              4789,2705              C-01150
1152        GERTRUDIS CASTRO MÉNDEZ                            14503,5135             C-01151
1153        LUCIANO TORRES ÁLVAREZ                             97319,1345             C-01152
1159        MATILDE RAMOS HERRERO                              64515,297              C-01158
1168        JACINTO BLESA GARCÍA                               80996,097              C-01167
1172        RAFAEL RUIZ CAMPOS                                 68486,922              C-01171
1187        CRISTINA FERNÁNDEZ CANO                            147261,9855            C-01186
1193        LADISLAO BLANCO VEGA                               59969,574              C-01192
1195        JOSÉ GUERRERO BLESA                                147946,155             C-01194
1197        JERÓNIMO NAVARRO ALONSO                            97914,663              C-01196
1198        JULIÁN HERRERA GONZÁLEZ                            118694,478             C-01197
1201        JORGE MORENO CAMBIL                                110607,9135            C-01200
1204        ELVIRA MORALES MOLINA                              44572,3215             C-01203
1208        ELISA NIETO FERRER                                 27817,3875             C-01207
1209        ALBINA CAMPOS RAMOS                                95362,428              C-01208
1212        ANDRÉS DÍAZ HERRERA                                157804,9095            C-01211
1214        FRANCISCO VEGA FUENTES                             58924,5405             C-01213
1217        SALVIO PARRA SANZ                                  109412,6145            C-01216
1228        MARCIANO SANZ DURÁN                                89499,1755             C-01227
1229        CLAUDIA GONZÁLEZ CORTÉS                            15165,024              C-01228
1233        BLAS ROMÁN GALLEGO                                 143607,0825            C-01232
1235        SEBASTIÁN HERRERA SOLER                            132439,8705            C-01234
1237        CATALINA VELASCO FERNÁNDEZ                         133113,141             C-01236
1246        VICENTA PARRA MORA                                 33408,6165             C-01245
1250        EDMUNDO DURÁN PASTOR                               92851,227              C-01249
1252        ARACELI ORTEGA ÁLVAREZ                             84022,3965             C-01251
1268        VIDAL DELGADO RUIZ                                 100418,2935            C-01267
1278        OSWALDO VIDAL GUERRERO                             57249,5805             C-01277
1283        MARINA VARGAS REY                                  17051,5485             C-01282
1284        AUGUSTO FLORES CABRERA                             35347,431              C-01283
1287        DANIEL PASTOR BLANCO                               139442,919             C-01286
1291        SAMUEL CARRASCO CRESPO                             142676,562             C-01290
1295        ROMÁN PASCUAL RAMOS                                117932,829             C-01294
1297        NICODEMO ESTEBAN CALVO                             143251,983             C-01296
1300        YOLANDA GARCÍA CABRERA                             76108,1475             C-01299
1302        SILVIA HERRERA GUERRERO                            49947,8175             C-01301
1309        JOSÉ ÁLVAREZ GARRIDO                               89354,4855             C-01308
1314        ELISEO ÁLVAREZ ORTEGA                              100408,182             C-01313
1315        TRINIDAD CARRASCO SÁNCHEZ                          36284,9445             C-01314
1317        TITO VARGAS PEÑA                                   150379,7085            C-01316
1339        JOAN FLORES SANZ                                   99088,8255             C-01338
1361        CLAUDIO MARTÍN ÁLVAREZ                             80487,1095             C-01360
1362        ÁNGELA PÉREZ SOLER                                 120082,683             C-01361
1376        VICTORINO BLESA REY                                23093,07               C-01375
1378        DANIEL BENÍTEZ CAMPOS                              12014,3835             C-01377
1389        ARNALDO SÁNCHEZ MORA                               102757,9035            C-01388
1398        PATRICIO SANTANA VICENTE                           154928,0355            C-01397
1403        JUVENAL PEÑA MOYA                                  128266,11              C-01402
1409        RAMIRO SERRANO GÓMEZ                               65120,0865             C-01408
1410        PABLO PEÑA MÉNDEZ                                  13688,2935             C-01409
1415        ASCENSIÓN SUÁREZ DÍEZ                              46158,609              C-01414
1423        PABLO SOTO BRAVO                                   134251,2255            C-01422
1438        BÁRBARA CRESPO CABRERA                             156464,637             C-01437
1440        HÉCTOR ALONSO CABALLERO                            3870,321               C-01439
1444        MARC RAMÍREZ MÁRQUEZ                               29258,145              C-01443
1468        EUGENIO CASTILLO CALVO                             55204,5795             C-01467
1471        SIMÓN CARMONA GONZÁLEZ                             83704,173              C-01470
1478        JORGE MÉNDEZ REYES                                 117806,6925            C-01477
1480        PORFIRIO MORA GIMÉNEZ                              83201,4645             C-01479
1482        EVA CASTILLO MARÍN                                 90413,5365             C-01481
1485        DÁMASO DÍEZ PÉREZ                                  27467,538              C-01484
1489        ROQUE ROMÁN FUENTES                                148837,542             C-01488
1491        PASCUAL LORENZO REY                                65075,472              C-01490
1492        GUZMÁN GALLEGO HERRERA                             103980,03              C-01491
1495        JAIME DOMÍNGUEZ SOTO                               117053,7165            C-01494
1498        NARCISO VÁZQUEZ SANTANA                            12974,5035             C-01497
1507        MARCOS AGUILAR VÁZQUEZ                             146788,5195            C-01506
1514        LEONARDO GUTIÉRREZ CASTRO                          149135,448             C-01513
1520        COSME MÉNDEZ GIMÉNEZ                               11621,631              C-01519
1521        TEODOSIA MOYA CABALLERO                            139939,6845            C-01520
1524        EDMUNDO SANTOS REYES                               117380,781             C-01523
1526        REMEDIOS CAMBIL VELASCO                            102372,522             C-01525
1528        PONCIO RUIZ PRIETO                                 121154,0295            C-01527
1543        NEMESIO ALONSO SANTIAGO                            47118,729              C-01542
1544        VALENTÍN AGUILAR SANTIAGO                          157336,6725            C-01543
1556        ORESTES ALONSO MEDINA                              19310,0565             C-01555
1560        FRANCISCO CABRERA CASTILLO                         58514,0325             C-01559
1574        NARCISO SÁEZ AGUILAR                               59511,606              C-01573
1575        CEFERINO ALONSO DOMÍNGUEZ                          116386,9875            C-01574
1578        CLAUDIA SÁNCHEZ JIMÉNEZ                            86576,6895             C-01577
1580        ADÓN SUÁREZ SANTANA                                97289,1675             C-01579
1586        MARC GONZÁLEZ FUENTES                              46723,992              C-01585
1590        SALVADOR MOLINA RUBIO                              117367,467             C-01589
1596        SOLEDAD SANTIAGO ESTEBAN                           149751,945             C-01595
1600        LEOPOLDO GALLARDO PEÑA                             108102,0465            C-01599
1601        ALIPIO RUBIO SANTOS                                35402,157              C-01600
1611        CLAUDIA GÓMEZ ARIAS                                153998,733             C-01610
1628        ROQUE MEDINA SANTOS                                42153,258              C-01627
1641        PATRICIO SUÁREZ NIETO                              58359,315              C-01640
1658        BENJAMÍN SANTIAGO CARMONA                          135450,567             C-01657
1665        ALEJANDRA MEDINA PÉREZ                             18157,608              C-01664
1666        ENRIQUE MORA ROMÁN                                 31862,46               C-01665
1668        VÍCTOR REY CAMPOS                                  63162,9075             C-01667
1681        VICENTA CRESPO GALLARDO                            121453,9095            C-01680
1682        ÁLVARO NIETO BLESA                                 17500,749              C-01681
1686        DOMINGO CALVO CRUZ                                 125967,471             C-01685
1689        LEÓN DÍAZ DURÁN                                    94351,425              C-01688
1693        DIMAS GALLEGO VICENTE                              47855,661              C-01692
1697        CONSTANTINO GARRIDO FUENTES                        111316,4745            C-01696
1707        VICTORIO LEÓN CARRASCO                             117747,987             C-01706
1716        MARIO NIETO RODRÍGUEZ                              142908,3705            C-01715
1718        EMILIO ÁLVAREZ VICENTE                             42165,7005             C-01717
1735        GUZMÁN MUÑOZ MORALES                               13178,5815             C-01734
1746        SIMÓN RAMOS BLANCO                                 55700,169              C-01745
1757        AQUILES RODRÍGUEZ CASTRO                           40633,1415             C-01756
1758        ALFREDO ROMERO CANO                                8561,6895              C-01757
1759        REINALDO PÉREZ MORA                                10692,822              C-01758
1760        HILDEGARDA RAMOS MÁRQUEZ                           5622,8445              C-01759
1761        MARCELO MONTERO MARTÍNEZ                           42568,533              C-01760
1772        LUIS IBÁÑEZ CANO                                   154214,571             C-01771
1774        BRUNO GUTIÉRREZ RUIZ                               1862,175               C-01773
1786        PATRICIA ÁLVAREZ ROMÁN                             108610,845             C-01785
1787        OTO ESTEBAN VIDAL                                  157833,6795            C-01786
1793        FACUNDO ORTEGA DOMÍNGUEZ                           88666,851              C-01792
1799        ALFREDO ORTIZ BENÍTEZ                              114214,7685            C-01798
1805        LEÓN GIL MEDINA                                    21164,8815             C-01804
1806        NATALIA SÁNCHEZ REY                                72579,36               C-01805
1825        AURELIO PRIETO NAVARRO                             83543,565              C-01824
1828        ROMÁN PASCUAL JIMÉNEZ                              88640,1705             C-01827
1830        PROBO LORENZO FERNÁNDEZ                            44806,0725             C-01829
1835        BARTOLOMÉ CASTILLO DELGADO                         37489,8825             C-01834
1836        BARTOLOMÉ AGUILAR GUERRERO                         15818,817              C-01835
1838        ADOLFO SANTIAGO MORA                               3261,0165              C-01837
1840        AGUSTÍN BLESA MARTÍN                               145312,797             C-01839
1846        ADRIÁN RUIZ RODRÍGUEZ                              143792,2185            C-01845
1850        MONTSERRAT RAMOS ARIAS                             112264,677             C-01849
1856        ÁNGELA NIETO CRESPO                                87343,3575             C-01855
1857        JACOB ARIAS MORENO                                 9524,214               C-01856
1859        PRIMO MARTÍNEZ MUÑOZ                               142919,301             C-01858
1864        MARIO MORALES LÓPEZ                                154199,7765            C-01863
1865        AGUSTÍN CASTRO NIETO                               102810,0675            C-01864
1874        IRENEO HERRERA ÁLVAREZ                             65146,7145             C-01873
1875        CELIA VICENTE MOLINA                               1660,2915              C-01874
1877        CALIXTO FUENTES FERRER                             56841,1095             C-01876
1883        FULGENCIO MONTERO CRESPO                           94922,583              C-01882
1888        JOSEP ORTIZ VIDAL                                  43040,8125             C-01887
1898        JULIA RODRÍGUEZ MOLINA                             3164,2485              C-01897
1902        EPIFANÍA SÁEZ ALONSO                               132390,6885            C-01901
1904        MERCEDES CRUZ SÁEZ                                 36688,2495             C-01903
1908        NURIA VEGA ÁLVAREZ                                 15379,9275             C-01907
1909        PRIMO CALVO PÉREZ                                  3215,058               C-01908
1911        EMILIO GALLEGO SANZ                                132378,624             C-01910
1913        MARINA DÍAZ LEÓN                                   34304,2665             C-01912
1914        RENATO RAMOS HERRERA                               30215,913              C-01913
1915        CESÁREO MORALES ESTEBAN                            107703,9705            C-01914
1916        VICTORIA SÁNCHEZ GARCÍA                            91011,921              C-01915
1919        JOAN ESTEBAN ROMÁN                                 38975,4435             C-01918
1920        NURIA SOTO BENÍTEZ                                 127256,535             C-01919
1921        JOSÉ NÚÑEZ ORTEGA                                  19964,259              C-01920
1930        LINO CAMPOS PÉREZ                                  62717,571              C-01929
1931        FAUSTINO PASCUAL REYES                             105731,913             C-01930
1932        BALTASAR GIMÉNEZ REYES                             117944,2215            C-01931
1936        PANCRACIO MARTÍNEZ SANTANA                         79275,6825             C-01935
1938        IVÁN GARRIDO SANTOS                                14159,187              C-01937
1944        YOLANDA IBÁÑEZ CASTILLO                            121709,616             C-01943
1948        IFIGENIA GARCÍA DÍAZ                               40049,0685             C-01947
1950        VIRGILIO RUBIO BLANCO                              46019,295              C-01949
1952        MANUEL MARTÍNEZ ORTEGA                             148641,864             C-01951
1957        ISAAC SUÁREZ SANTIAGO                              98533,6065             C-01956
1959        BERNABÉ GARRIDO RODRÍGUEZ                          52034,199              C-01958
1961        ARTURO ESTEBAN GALLARDO                            68963,1495             C-01960
1963        NATALIA MUÑOZ CRESPO                               48882,834              C-01962
1966        VIRGILIO FUENTES GARCÍA                            1370,103               C-01965
1967        CONSUELO MORA CRUZ                                 4488,1935              C-01966
1974        HUMBERTO IBÁÑEZ CARRASCO                           129127,488             C-01973
1978        BLAS CORTÉS RAMÍREZ                                138373,2735            C-01977
1985        BENITO VICENTE GIMÉNEZ                             58456,482              C-01984
1990        PASCUAL SANTANA CORTÉS                             28495,656              C-01989
1991        ZACARÍAS RAMÍREZ MÁRQUEZ                           8272,6875              C-01990
1998        DOLORES ARIAS FERNÁNDEZ                            34468,644              C-01997
2012        DOMINGO GIL VELASCO                                32142,0225             C-02011
2022        FÁTIMA CRESPO MOYA                                 133592,256             C-02021
2028        CAROLINA VELASCO BRAVO                             64177,1235             C-02027
2029        RUPERTO BRAVO ROMÁN                                67403,3745             C-02028
2049        NICODEMO SANZ FERRER                               72237,48               C-02048
2051        EFRÉN DOMÍNGUEZ ARIAS                              110772,4695            C-02050
2057        OTO GONZÁLEZ MARÍN                                 120023,9775            C-02056
2063        BENITO GALLEGO CALVO                               122586,576             C-02062
2067        CIPRIANO RODRÍGUEZ GIL                             103168,9155            C-02066
2070        LINO MÁRQUEZ VICENTE                               57622,4775             C-02069
2072        CONRADO REYES PRIETO                               44240,154              C-02071
2073        TEÓFANES NAVARRO GÓMEZ                             125887,524             C-02072
2086        ISMAEL HERNÁNDEZ CALVO                             24111,297              C-02085
2094        ESIQUIO RUIZ MOYA                                  72087,645              C-02093
2099        CRISTINA DURÁN MUÑOZ                               14657,769              C-02098
2100        JUANA CORTÉS CABRERA                               107554,629             C-02099
2106        DEMÓCRITO HERRERO CANO                             116331,474             C-02105
2110        JOSAFAT SANTOS HERRERA                             18439,407              C-02109
2115        SOFÍA CAMBIL MOYA                                  92467,347              C-02114
2119        VÍCTOR MÉNDEZ GIMÉNEZ                              93952,068              C-02118
2125        ROMÁN PASTOR ROMÁN                                 140687,6415            C-02124
2127        GONZALO GUTIÉRREZ LÓPEZ                            71505,2205             C-02126
2131        ADÓN MORENO MÉNDEZ                                 64241,2995             C-02130
2138        FERNANDO GALLEGO RAMOS                             107474,829             C-02137
2141        MATILDE MEDINA LORENZO                             28397,5755             C-02140
2144        CELIA NÚÑEZ LOZANO                                 121376,3775            C-02143
2150        ARTURO RAMOS RUBIO                                 76505,4465             C-02149
2151        BELÉN MARTÍNEZ BRAVO                               105677,124             C-02150
2182        RAMÓN CORTÉS GUTIÉRREZ                             85881,705              C-02181
2189        ANA CASTILLO PASTOR                                82757,6295             C-02188
2194        MATILDE GONZÁLEZ CASTILLO                          149624,0025            C-02193
2196        BEGOÑA FERNÁNDEZ MORENO                            138814,0845            C-02195
2198        ANTERO MUÑOZ CABALLERO                             148208,4975            C-02197
2205        ALBERT NIETO PARRA                                 120902,565             C-02204
2210        CONSUELO CARRASCO MOLINA                           146888,049             C-02209
2211        PURIFICACIÓN SANTIAGO SÁNCHEZ                      47553,954              C-02210
2217        EMILIO SUÁREZ VICENTE                              121209,5955            C-02216
2228        FABIOLA FERNÁNDEZ FERRER                           57650,6595             C-02227
2229        NIEVES CANO BENÍTEZ                                28234,2165             C-02228
2233        ISAÍAS NIETO CARMONA                               82982,004              C-02232
2241        RIGOBERTO GIMÉNEZ RUBIO                            41685,378              C-02240
2242        AMBROSIO DÍAZ GALLEGO                              7183,491               C-02241
2249        BRUNO VÁZQUEZ VÁZQUEZ                              60779,0085             C-02248
2253        ELISEO MOLINA CANO                                 88721,5875             C-02252
2256        GERMÁN FERNÁNDEZ MEDINA                            109066,419             C-02255
2259        PRISCILA HERNÁNDEZ GUERRERO                        66642,1035             C-02258
2260        VALENTÍN GALLEGO CRESPO                            1079,0955              C-02259
2267        CASIANO SANTANA BLESA                              123080,9055            C-02266
2273        PORFIRIO MONTERO GONZÁLEZ                          85300,089              C-02272
2274        CLEOFÁS MEDINA MORA                                84437,1675             C-02273
2280        AURORA SANTANA DÍAZ                                117534,3015            C-02279
2281        ADÓN MÁRQUEZ DÍEZ                                  157318,5075            C-02280
2282        DEMÓCRITO SANTOS CRUZ                              61624,122              C-02281
2287        DOLORES ORTIZ SERRANO                              28247,2575             C-02286
2288        SALOMÓN DOMÍNGUEZ PARRA                            112905,072             C-02287
2290        ASUNCIÓN GALLARDO CALVO                            68113,815              C-02289
2291        PATRICIA ORTIZ VELASCO                             60343,437              C-02290
2292        BENIGNO GUTIÉRREZ DELGADO                          111896,2635            C-02291
2301        LEONOR REYES CALVO                                 82685,9565             C-02300
2310        BASILEO CANO MOYA                                  120338,295             C-02309
2311        ANNA FLORES CASTRO                                 69020,427              C-02310
2317        BENITO LOZANO LORENZO                              22249,962              C-02316
2328        MARGARITA CASTILLO VELASCO                         18823,371              C-02327
2329        JAIME TORRES SANTOS                                157423,7175            C-02328
2342        TITO ESTEBAN REY                                   101103,891             C-02341
2357        BLANCA MEDINA ÁLVAREZ                              77485,128              C-02356
2363        CESÁREO ÁLVAREZ GÓMEZ                              139564,719             C-02362
2373        CATALINA CALVO FUENTES                             97691,664              C-02372
2380        ROSALIA VICENTE ALONSO                             75206,208              C-02379
2389        NICODEMO DÍAZ CRUZ                                 50893,5105             C-02388
2390        MARIANO DÍEZ VARGAS                                65623,845              C-02389
2392        NICANOR RODRÍGUEZ SOLER                            7319,046               C-02391
2394        IRENE CAMPOS HERRERO                               132070,239             C-02393
2399        SALOMÉ MORALES RUIZ                                29900,4195             C-02398
2405        CIRINO CARMONA CRESPO                              76749,225              C-02404
2408        EDGAR MORALES LEÓN                                 141687,735             C-02407
2418        PONCIO CRUZ VICENTE                                36957,9945             C-02417
2420        ALFONSO SANTOS HIDALGO                             111079,542             C-02419
2428        JONÁS HERRERO CORTÉS                               51187,6365             C-02427
2429        ATANASIO MARTÍN GIL                                20171,109              C-02428
2434        EMILIANO HIDALGO HERNÁNDEZ                         41530,1355             C-02433
2436        ODÓN ÁLVAREZ JIMÉNEZ                               1933,3125              C-02435
2439        PATRICIA MÉNDEZ SÁEZ                               16437,7605             C-02438
2451        JAUME HERRERO VIDAL                                113734,11              C-02450
2453        JUSTINO BRAVO PRIETO                               48235,2675             C-02452
2469        MERCEDES IBÁÑEZ SANZ                               6097,8855              C-02468
2476        LAURA SANTANA GARRIDO                              146581,449             C-02475
2478        ORESTES MONTERO DURÁN                              2001,4995              C-02477
2480        WILFREDO ORTIZ TORRES                              110666,6085            C-02479
2484        JONÁS ORTEGA PÉREZ                                 143073,1785            C-02483
2485        TEODORA SANTANA ORTIZ                              9251,9595              C-02484
2491        TEODORA REYES VÁZQUEZ                              73218,9885             C-02490
2501        JAIME RODRÍGUEZ DÍEZ                               1686,258               C-02500
2506        MARCIAL GARCÍA GALLARDO                            86093,406              C-02505
2514        EFRÉN HERNÁNDEZ ORTIZ                              69036,8595             C-02513
2523        HOMERO GALLARDO GARCÍA                             79076,739              C-02522
2530        MAR RUBIO VEGA                                     62552,4585             C-02529
2532        ADOLFO HIDALGO GÓMEZ                               103589,3145            C-02531
2545        GUSTAVO MONTERO RAMOS                              22258,0155             C-02544
2546        ISMAEL GIL BLANCO                                  53437,818              C-02545
2547        AUGUSTO HERRERO IBÁÑEZ                             128578,653             C-02546
2548        GERMÁN GUTIÉRREZ BENÍTEZ                           117559,47              C-02547
2555        HILARIÓN SÁEZ ÁLVAREZ                              128791,5405            C-02554
2565        AURORA FUENTES VIDAL                               53611,2255             C-02564
2571        PATRICIA NIETO FUENTES                             41022,2715             C-02570
2572        NOÉ REYES VARGAS                                   109759,734             C-02571
2574        PABLO GIL CANO                                     86699,55               C-02573
2575        PURIFICACIÓN VEGA IGLESIAS                         94088,631              C-02574
2576        ANDRÉS SOTO HIDALGO                                86211,447              C-02575
2584        MARCOS VIDAL LOZANO                                34553,148              C-02583
2593        HONORIO RAMOS MOLINA                               18060,3045             C-02592
2594        JOEL HERRERA CRUZ                                  46208,106              C-02593
2596        ELÍAS BLESA MOLINA                                 116577,8985            C-02595
2607        PANCRACIO SANTOS MARTÍNEZ                          7442,6625              C-02606
2612        DACIANO MARTÍNEZ DELGADO                           29847,384              C-02611
2622        RIGOBERTO AGUILAR ÁLVAREZ                          121412,4135            C-02621
2626        ALEJANDRO GIL MORALES                              18178,083              C-02625
2628        IGNACIO VÁZQUEZ ORTIZ                              80467,086              C-02627
2639        MÍRIAM DURÁN BRAVO                                 22456,5705             C-02638
2644        CAYO CASTRO CRESPO                                 155878,2435            C-02643
2651        MILAGROS DÍEZ BLESA                                74578,7805             C-02650
2658        FABIO ORTEGA CAMPOS                                59327,688              C-02657
2666        RAMÓN CARMONA RAMÍREZ                              38501,9775             C-02665
2677        LUZ BENÍTEZ MORENO                                 98717,4195             C-02676
2681        ILDEFONSO CAMBIL MEDINA                            29831,3715             C-02680
2687        CESÁREO BENÍTEZ ROMERO                             13555,8675             C-02686
2692        MARINA NIETO RUBIO                                 82284,9195             C-02691
2694        SONIA GUERRERO MÁRQUEZ                             11055,7755             C-02693
2697        ADELA IGLESIAS DELGADO                             75688,452              C-02696
2708        ABELARDO MONTERO CASTILLO                          45697,7535             C-02707
2709        EVARISTO PARRA CRUZ                                131630,457             C-02708
2713        EUSEBIO SERRANO HERNÁNDEZ                          88321,737              C-02712
2718        CEFERINO SERRANO MUÑOZ                             121415,196             C-02717
2720        ZACARÍAS FLORES MARTÍNEZ                           44220,414              C-02719
2723        EZEQUIEL GUTIÉRREZ DÍEZ                            45502,3905             C-02722
2735        REMEDIOS MARTÍNEZ IBÁÑEZ                           81530,568              C-02734
2737        VICTORINO CRESPO PASCUAL                           140608,902             C-02736
2740        ENCARNACIÓN ORTIZ NIETO                            25126,101              C-02739
2742        HUGO ÁLVAREZ LEÓN                                  40032,7095             C-02741
2743        JONÁS MARÍN ÁLVAREZ                                113262,135             C-02742
2745        DACIANO ALONSO ROMÁN                               113068,368             C-02744
2748        PORFIRIO SANTANA RODRÍGUEZ                         90842,1885             C-02747
2758        RITA FUENTES PRIETO                                147971,4495            C-02757
2762        ZACARÍAS VARGAS GUERRERO                           109824,8025            C-02761
2766        ISMAEL BLESA VICENTE                               152322,4815            C-02765
2770        VELERIO BRAVO RUBIO                                6850,725               C-02769
2775        MELCHOR ROMERO VEGA                                55166,6955             C-02774
2776        ROCÍO GÓMEZ HERRERO                                151229,0955            C-02775
2777        ÁNGELES CABALLERO RUIZ                             112762,965             C-02776
2793        SIMÓN GUTIÉRREZ SANTANA                            22554,0525             C-02792
2803        FERNANDO AGUILAR VELASCO                           61581,744              C-02802
2807        FERNANDO CRUZ IGLESIAS                             58353,687              C-02806
2809        SANSÓN MOYA REYES                                  95414,7075             C-02808
2818        AMPARO MARTÍNEZ DELGADO                            15597,813              C-02817
2830        JOAQUÍM MEDINA ALONSO                              141282,6975            C-02829
2836        FÉLIX SUÁREZ NIETO                                 32243,022              C-02835
2858        MARCIANO REYES VELASCO                             2541,3675              C-02857
2862        SALOMÉ GALLARDO ARIAS                              33723,3855             C-02861
2863        FULGENCIO VICENTE MEDINA                           124524,897             C-02862
2875        ÓSCAR DOMÍNGUEZ MORALES                            87389,8935             C-02874
2880        JACOBO SÁEZ CASTRO                                 156602,523             C-02879
2901        ENCARNACIÓN FLORES CARRASCO                        30672,7365             C-02900
2909        BERNABÉ GIMÉNEZ CALVO                              41303,4405             C-02908
2912        JUVENAL VÁZQUEZ VELASCO                            22093,6695             C-02911
2918        BERNABÉ HIDALGO SANTANA                            107758,875             C-02917
2925        ANIANO HERRERO PARRA                               95626,083              C-02924
2941        ESPERANZA TORRES SOLER                             111613,971             C-02940
2944        BEGOÑA CARMONA MONTORO                             132498,345             C-02943
2969        VALERIANO PRIETO NIETO                             133231,413             C-02968
2970        TRINIDAD GARRIDO CARRASCO                          138724,2675            C-02969
2975        CONCEPCIÓN REYES ÁLVAREZ                           84851,9385             C-02974
2982        VALENTÍN SUÁREZ CABRERA                            129963,4875            C-02981
2995        URBANO ORTIZ CALVO                                 137314,1595            C-02994
2997        FÁTIMA MOLINA SUÁREZ                               88898,5755             C-02996
3017        ESTEBAN CARMONA SANTIAGO                           83839,2345             C-03016
3025        PATRICIO GALLARDO MÉNDEZ                           152336,415             C-03024
3039        ARTEMIO PASTOR SUÁREZ                              93048,9735             C-03038
3040        ANDRÉS PASCUAL PASTOR                              85046,5455             C-03039
3042        BÁRBARA SUÁREZ BENÍTEZ                             156365,8215            C-03041
3043        GODOFREDO MARTÍN CRUZ                              133228,7775            C-03042
3044        VELERIO SANTANA VÁZQUEZ                            49087,941              C-03043
3050        ERICO BENÍTEZ MARÍN                                24308,172              C-03049
3054        JUAN MUÑOZ VEGA                                    33889,002              C-03053
3060        ALEJANDRO SANZ CASTILLO                            2368,1175              C-03059
3067        DIMAS GIL AGUILAR                                  95985,729              C-03066
3068        NORBERTO SÁEZ BLANCO                               79202,6025             C-03067
3069        IRENEO ORTIZ FUENTES                               85062,264              C-03068
3073        ESTER VIDAL VICENTE                                143306,6355            C-03072
3078        OTO FERNÁNDEZ SANTOS                               95502,582              C-03077
3082        BENJAMÍN MORENO VÁZQUEZ                            12770,0265             C-03081
3088        ROBERTO MARTÍNEZ MORENO                            92214,7905             C-03087
3089        GLORIA MOYA MARTÍN                                 158410,4235            C-03088
3091        NURIA MONTERO DÍAZ                                 75881,0955             C-03090
3095        BLANCA VELASCO MARTÍNEZ                            130402,755             C-03094
3100        OSWALDO SÁEZ MORENO                                150350,802             C-03099
3102        VENANCIO CRUZ GIL                                  114611,1015            C-03101
3103        EDMUNDO RUBIO MONTERO                              39780,3                C-03102
3107        EVARISTO GARRIDO SÁEZ                              119763,525             C-03106
3115        JOSÉ LORENZO PASCUAL                               53310,915              C-03114
3116        VANESA HIDALGO TORRES                              98251,1145             C-03115
3134        INÉS CASTRO MONTORO                                79538,5185             C-03133
3144        SEGISMUNDO PARRA MOLINA                            37766,001              C-03143
3146        ARTURO MARTÍNEZ GIL                                42926,037              C-03145
3155        JULIÁN GÓMEZ GUTIÉRREZ                             141319,0905            C-03154
3157        FABIOLA GALLEGO SANTANA                            31614,555              C-03156
3158        PORFIRIO ESTEBAN BLESA                             93906,4665             C-03157
3164        LORENZO MORENO SERRANO                             40550,4855             C-03163
3166        LEÓN ORTIZ BLESA                                   66950,079              C-03165
3167        GABRIEL CASTRO VICENTE                             30431,394              C-03166
3171        ROSALIA SANTOS GONZÁLEZ                            16870,371              C-03170
3172        ONÉSIMO LOZANO GALLEGO                             127361,3355            C-03171
3183        ADOLFO VIDAL DELGADO                               96256,9125             C-03182
3184        SONIA CRESPO MARTÍNEZ                              37193,877              C-03183
3196        SOLEDAD MÉNDEZ BLESA                               135693,243             C-03195
3205        JOSÉ GUTIÉRREZ ORTIZ                               26845,434              C-03204
3206        ANNA BRAVO HERRERO                                 102356,2785            C-03205
3207        PANCRACIO SÁNCHEZ GÓMEZ                            153633,648             C-03206
3209        MAR ESTEBAN NÚÑEZ                                  102962,1075            C-03208
3211        ARCADIO MOYA PARRA                                 127634,9235            C-03210
3214        ANA ROMÁN MORALES                                  92204,532              C-03213
3216        FABIO ALONSO CAMPOS                                84397,9185             C-03215
3226        AMARO TORRES ÁLVAREZ                               19505,8395             C-03225
3236        BEATRIZ GÓMEZ ARIAS                                14954,8035             C-03235
3237        ODÓN PEÑA MARTÍN                                   60381,762              C-03236
3238        GEMA MÁRQUEZ CASTRO                                24104,1885             C-03237
3247        JOSEP FERRER NAVARRO                               16778,2965             C-03246
3253        CIPRIANO HERRERA NIETO                             45119,928              C-03252
3260        ADÁN GARRIDO VIDAL                                 22027,089              C-03259
3265        CELIA MARTÍN GARRIDO                               147374,073             C-03264
3271        TOBÍAS ÁLVAREZ FERNÁNDEZ                           156763,782             C-03270
3274        JACOBO CABRERA DURÁN                               44947,9485             C-03273
3280        MARCIANO REY GALLARDO                              38169,0015             C-03279
3285        PRIMO MARTÍNEZ HERNÁNDEZ                           70757,421              C-03284
3286        ACACIO CABRERA MORENO                              59881,9935             C-03285
3287        ÓSCAR VIDAL MOLINA                                 42412,3455             C-03286
3289        ALMUDENA SÁEZ GARCÍA                               104325,4905            C-03288
3294        BERNABÉ FLORES MORA                                140820,981             C-03293
3296        REBECA GIMÉNEZ SOLER                               28760,508              C-03295
3297        AURELIANO MORENO SERRANO                           135341,514             C-03296
3298        ADÁN RAMÍREZ BLANCO                                133655,3925            C-03297
3308        AMPARO GARCÍA FUENTES                              24824,52               C-03307
3312        FRANCISCA GUTIÉRREZ CARRASCO                       103329,5445            C-03311
3313        CASIMIRO VELASCO ÁLVAREZ                           39172,959              C-03312
3315        VALERIANO HERNÁNDEZ TORRES                         52877,2545             C-03314
3316        EPIFANÍA AGUILAR DURÁN                             78407,7945             C-03315
3327        ABEL FERRER MEDINA                                 19257,1365             C-03326
3330        BALDOMERO GIMÉNEZ ESTEBAN                          28203,5565             C-03329
3331        CARMEN LÓPEZ SERRANO                               69897,744              C-03330
3336        SALOMÉ IGLESIAS CAMPOS                             60606,5985             C-03335
3337        PÍO BRAVO VIDAL                                    131405,4105            C-03336
3348        MOISÉS BRAVO FERRER                                63284,9175             C-03347
3355        LORENZO CANO SÁEZ                                  132064,695             C-03354
3357        RAFAEL IGLESIAS LÓPEZ                              74848,3155             C-03356
3367        ADRIÁN RUBIO GUTIÉRREZ                             86838,0975             C-03366
3370        LUCRECIA DURÁN IGLESIAS                            117818,568             C-03369
3372        BERNABÉ PASCUAL NÚÑEZ                              93898,4025             C-03371
3376        FEDERICO GUERRERO CASTILLO                         84279,153              C-03375
3385        AARÓN HERRERA PASCUAL                              14524,6395             C-03384
3388        JOSUÉ MOYA IBÁÑEZ                                  64602,762              C-03387
3395        MIQUEAS SANTIAGO GALLEGO                           154919,6985            C-03394
3406        ÁLVARO GUTIÉRREZ FERRER                            20052,7635             C-03405
3418        NOELIA NIETO PRIETO                                52800,0585             C-03417
3420        BERNARDA BENÍTEZ DÍAZ                              109886,7315            C-03419
3421        MARCIANO PEÑA MÉNDEZ                               155904,147             C-03420
3426        HÉCTOR GÓMEZ MARTÍNEZ                              57084,8565             C-03425
3428        ADALBERTO ROMÁN LÓPEZ                              142994,817             C-03427
3431        LORENA ORTEGA SANZ                                 98983,605              C-03430
3432        ANASTASIA CAMPOS VÁZQUEZ                           153766,158             C-03431
3435        ARACELI MONTERO VIDAL                              126370,2615            C-03434
3443        NICODEMO DÍEZ NAVARRO                              45936,2085             C-03442
3460        NEMESIO IGLESIAS ROMÁN                             30211,86               C-03459
3463        ADELAIDA CRUZ HERRERO                              102881,1945            C-03462
3472        OSCAR LORENZO RAMOS                                18170,2185             C-03471
3475        HÉCTOR GALLARDO NÚÑEZ                              151005,4665            C-03474
3477        RAFAEL DELGADO FERNÁNDEZ                           28828,569              C-03476
3482        RAIMUNDO MORENO MORENO                             11235,5145             C-03481
3494        EDMUNDO DÍAZ ARIAS                                 142867,6095            C-03493
3498        CONCEPCIÓN SANZ LOZANO                             43395,5445             C-03497
3506        ALICIA FERNÁNDEZ GIL                               24723,3315             C-03505
3507        NEMESIO CAMPOS RUIZ                                52908,9015             C-03506
3521        ABRAHÁN HIDALGO MORALES                            131058,585             C-03520
3531        NOÉ GÓMEZ CRUZ                                     158047,9425            C-03530
3540        EUGENIO GUTIÉRREZ IGLESIAS                         94625,958              C-03539
3545        ESPERANZA DÍEZ CARMONA                             30403,6635             C-03544
3558        ÁNGELES ÁLVAREZ SANTANA                            81127,683              C-03557
3566        GERMÁN GUERRERO BENÍTEZ                            152595,387             C-03565
3568        EPIFANÍA REYES MORA                                23260,671              C-03567
3572        GISELA JIMÉNEZ HIDALGO                             72925,5135             C-03571
3576        MONTSERRAT MEDINA LORENZO                          6780,921               C-03575
3587        CARMEN MORENO ARIAS                                113058,918             C-03586
3602        AUGUSTO VIDAL CORTÉS                               93633,456              C-03601
3606        BALDUINO MUÑOZ ROMÁN                               46520,754              C-03605
3618        AURORA GUTIÉRREZ FERNÁNDEZ                         129212,622             C-03617
3621        VENANCIO ALONSO RODRÍGUEZ                          31821,825              C-03620
3628        ABDÓN REY RAMÍREZ                                  111250,629             C-03627
3665        ARTURO SANTANA MEDINA                              70087,752              C-03664
3666        FAUSTINO PARRA CORTÉS                              147124,7715            C-03665
3667        EUGENIO CORTÉS IBÁÑEZ                              132954,003             C-03666
3692        VANESA RUBIO PASCUAL                               125816,0715            C-03691
3698        CELSO MONTORO PRIETO                               108681,2895            C-03697
3700        CELSO ORTEGA VELASCO                               18391,065              C-03699
3703        ABDÓN MONTERO GIMÉNEZ                              64777,377              C-03702
3704        JOAN PASCUAL MOLINA                                88876,746              C-03703
3705        REINALDO MONTERO MONTERO                           109370,016             C-03704
3716        CECILIA TORRES CAMBIL                              28380,0405             C-03715
3720        ÓSCAR DURÁN GIL                                    103594,239             C-03719
3726        ESIQUIO MARTÍN GUERRERO                            39001,704              C-03725
3727        CIRO PASTOR SANTIAGO                               64418,5815             C-03726
3729        ANTONIA HERNÁNDEZ SERRANO                          81346,293              C-03728
3733        SUSANA BLANCO AGUILAR                              3771,663               C-03732
3736        VIDAL CORTÉS FUENTES                               59419,1955             C-03735
3739        AMARO MORENO CAMBIL                                67505,1615             C-03738
3743        COLUMBA HIDALGO MUÑOZ                              109665,36              C-03742
3749        CONSTANTINO CAMPOS CALVO                           87649,443              C-03748
3756        CELSO VICENTE CASTILLO                             69544,923              C-03755
3757        ADALBERTO ARIAS IGLESIAS                           96141,087              C-03756
3759        LUZ MARTÍN CRUZ                                    48921,915              C-03758
3762        MANUEL CARRASCO MARTÍNEZ                           115110,954             C-03761
3763        PRIMO REYES LOZANO                                 33525,3345             C-03762
3768        VICTORIA MARTÍNEZ FUENTES                          123181,3275            C-03767
3770        DAMIÁN NÚÑEZ ORTIZ                                 53563,0725             C-03769
3773        ANDREA PARRA MÁRQUEZ                               143888,241             C-03772
3775        BEATRIZ BLANCO BLANCO                              92153,292              C-03774
3780        GODOFREDO MONTERO BENÍTEZ                          119922,6945            C-03779
3787        ARESIO BLANCO NIETO                                111122,3925            C-03786
3792        CRISTÓBAL GALLEGO MONTERO                          84892,878              C-03791
3804        EVA GUTIÉRREZ ARIAS                                3059,532               C-03803
3806        LADISLAO CABALLERO MUÑOZ                           98237,7375             C-03805
3813        ACACIO VICENTE LOZANO                              84472,626              C-03812
3824        ADÓN ROMERO VÁZQUEZ                                125504,3055            C-03823
3827        ROSARIO MOLINA REYES                               72451,3965             C-03826
3830        ROBERTO PÉREZ MOLINA                               136030,209             C-03829
3832        FABIÁN DURÁN CARMONA                               35442,351              C-03831
3836        LAURA DELGADO DÍEZ                                 154469,6895            C-03835
3837        REMEDIOS GONZÁLEZ MOYA                             133616,406             C-03836
3838        NICANOR RAMÍREZ MARTÍN                             42486,9375             C-03837
3842        MAXIMILIANO MORALES BRAVO                          105671,391             C-03841
3846        FELICIANO FERRER GIMÉNEZ                           118968,3285            C-03845
3847        ISMAEL ÁLVAREZ SOTO                                48198,339              C-03846
3850        ÁUREA SANZ FUENTES                                 23994,663              C-03849
3852        DARIO MEDINA SÁNCHEZ                               6104,469               C-03851
3853        VICTORINO RAMOS DÍAZ                               7823,151               C-03852
3857        MATÍAS LOZANO NIETO                                80512,782              C-03856
3862        ALONSO LOZANO CRESPO                               2195,256               C-03861
3863        ÚRSULA IGLESIAS CAMPOS                             131090,274             C-03862
3864        CONRADO PARRA ÁLVAREZ                              33676,335              C-03863
3866        DÁMASO MÉNDEZ NAVARRO                              56165,5395             C-03865
3868        TOBÍAS CARRASCO ARIAS                              80594,0835             C-03867
3880        CAYETANO HERRERO PASTOR                            53638,662              C-03879
3881        FERNANDO DÍEZ ROMÁN                                103400,0415            C-03880
3892        AARÓN IGLESIAS NÚÑEZ                               135613,632             C-03891
3899        EDUVIGIS DÍEZ DELGADO                              78540,5985             C-03898
3900        JOAN SANTANA SOLER                                 107071,9335            C-03899
3902        HONORATO MOLINA GALLEGO                            98298,6795             C-03901
3904        ORESTES ORTIZ PASTOR                               133337,148             C-03903
3915        PONCIO PASTOR AGUILAR                              24454,8675             C-03914
3919        LINO GÓMEZ GÓMEZ                                   141923,2605            C-03918
3929        CECILIA HERRERA BLESA                              35917,4865             C-03928
3932        TORIBIO GALLEGO FERRER                             28989,3765             C-03931
3934        ADOLFO VICENTE GARRIDO                             37572,801              C-03933
3936        LEÓN ARIAS VARGAS                                  123973,248             C-03935
3943        ELENA GUTIÉRREZ NAVARRO                            45865,533              C-03942
3958        ANANÍAS MONTERO LORENZO                            57229,452              C-03957
3961        VIRGINIA RODRÍGUEZ GUTIÉRREZ                       137995,2735            C-03960
3970        AURELIANO ESTEBAN CORTÉS                           157042,116             C-03969
3977        ABRAHÁN HERRERA LOZANO                             7105,035               C-03976
3980        SANSÓN GIL CORTÉS                                  71027,103              C-03979
3985        ADÓN CAMPOS IBÁÑEZ                                 72697,296              C-03984
3987        SEBASTIÁN MÁRQUEZ PARRA                            129038,511             C-03986
3988        ROSA AGUILAR JIMÉNEZ                               117772,4205            C-03987
3994        ROSA SÁEZ CARMONA                                  85175,2755             C-03993
4000        HERACLIO ROMÁN MARÍN                               107578,968             C-03999
4006        MATEO MARTÍNEZ SANTIAGO                            12094,005              C-04005
4011        JULIO IBÁÑEZ PASTOR                                14558,0085             C-04010
4012        IVÁN FLORES CAMPOS                                 60563,9055             C-04011
4014        GODOFREDO GUERRERO MARTÍNEZ                        69686,925              C-04013
4020        EUGENIA DÍAZ BLANCO                                96276,9255             C-04019
4036        JOAQUÍM FUENTES ÁLVAREZ                            78058,995              C-04035
4041        MARIANO GUERRERO TORRES                            94579,6005             C-04040
4050        CELSO GUTIÉRREZ IBÁÑEZ                             46561,1895             C-04049
4053        SIMÓN FERNÁNDEZ IGLESIAS                           13743,4185             C-04052
4054        LINO PRIETO MUÑOZ                                  33891,7845             C-04053
4077        BEATRIZ CABRERA GUERRERO                           11382,084              C-04076
4080        FELICIANO ROMERO PASTOR                            50157,9435             C-04079
4086        ADELA CALVO CARRASCO                               34595,9355             C-04085
4087        FÉLIX GIL AGUILAR                                  74436,2955             C-04086
4091        ADOLFO JIMÉNEZ CABALLERO                           135650,9385            C-04090
4096        ANTONIA ESTEBAN HERRERO                            28126,182              C-04095
4100        VALENTÍN DOMÍNGUEZ LÓPEZ                           34837,5615             C-04099
4102        INÉS BRAVO ARIAS                                   130254,3165            C-04101
4103        CIRILO RUBIO SÁEZ                                  47952,849              C-04102
4106        EZEQUIEL SÁEZ GUTIÉRREZ                            149216,634             C-04105
4111        ATANASIO MÉNDEZ MÉNDEZ                             128707,803             C-04110
4118        RUPERTO CAMPOS GIMÉNEZ                             136892,4375            C-04117
4123        VICENTA HERRERO JIMÉNEZ                            11398,4325             C-04122
4127        CONSTANCIO CRUZ VÁZQUEZ                            74049,36               C-04126
4132        ISAÍAS VIDAL HERNÁNDEZ                             96755,736              C-04131
4134        MARTÍN PARRA ROMÁN                                 35383,131              C-04133
4141        RENATO MARÍN SANTOS                                97863,024              C-04140
4142        AARÓN CAMPOS MARÍN                                 53685,198              C-04141
4145        CÉSAR BENÍTEZ SANTOS                               48742,1025             C-04144
4150        SOLEDAD REY RUIZ                                   33626,1345             C-04149
4154        CRISTINA HIDALGO REY                               68055,0885             C-04153
4159        IGNACIO CAMBIL RAMOS                               2360,5995              C-04158
4164        MANUEL CALVO MARTÍNEZ                              92271,0705             C-04163
4166        EDUARDO ROMERO GIL                                 3147,186               C-04165
4167        YOLANDA HERNÁNDEZ VELASCO                          22569,3825             C-04166
4168        SEBASTIÁN ÁLVAREZ MARTÍN                           82590,5535             C-04167
4169        EMILIANO BLANCO SANTOS                             100195,851             C-04168
4173        LOURDES MOLINA RAMÍREZ                             34623,435              C-04172
4193        ACACIO PRIETO REY                                  86846,0775             C-04192
4194        AMBROSIO VELASCO CANO                              35816,025              C-04193
4195        ALBINA MONTERO MÁRQUEZ                             102228,525             C-04194
4204        FABIO PASTOR MEDINA                                127563,114             C-04203
4213        LIDIA SÁNCHEZ PARRA                                154151,0355            C-04212
4217        SALOMÓN HERNÁNDEZ MONTERO                          19095,951              C-04216
4232        MARTÍN MONTERO DELGADO                             38338,02               C-04231
4245        ANSELMO ROMÁN PEÑA                                 42282,072              C-04244
4254        AMARO HERNÁNDEZ ARIAS                              66235,806              C-04253
4260        CAYO SUÁREZ SUÁREZ                                 2408,1855              C-04259
4270        MARCIAL HIDALGO VICENTE                            60055,4115             C-04269
4273        ANDRÉS VÁZQUEZ PRIETO                              141991,7415            C-04272
4281        ANIANO CARRASCO HERRERO                            29434,734              C-04280
4283        ADÓN SANZ ESTEBAN                                  78647,0895             C-04282
4296        DIMAS CABALLERO SÁNCHEZ                            44440,8195             C-04295
4298        DANIEL PASCUAL ROMERO                              102257,127             C-04297
4304        MERCEDES IGLESIAS PRIETO                           74938,5315             C-04303
4313        NOÉ VÁZQUEZ VEGA                                   60888,471              C-04312
4331        RITA MEDINA CORTÉS                                 152828,7495            C-04330
4337        PONCIO CASTRO LEÓN                                 29471,232              C-04336
4340        LUCANO ARIAS GUERRERO                              158068,1025            C-04339
4353        CELINA MORENO BLESA                                67980,2445             C-04352
4354        SILVIA MORA FUENTES                                48742,2915             C-04353
4359        INMACULADA MOLINA GUERRERO                         157697,337             C-04358
4363        MIGUEL HERNÁNDEZ IBÁÑEZ                            122085,8415            C-04362
4374        NARCISO GÓMEZ ÁLVAREZ                              59640,4515             C-04373
4379        MIQUEAS GARCÍA FERNÁNDEZ                           56516,0295             C-04378
4383        MOHAMED GIL CANO                                   87984,204              C-04382
4384        MOISÉS RUIZ ROMÁN                                  146586,0165            C-04383
4388        LEANDRO SANTOS AGUILAR                             39363,513              C-04387
4389        FACUNDO CASTRO CARRASCO                            21710,2515             C-04388
4392        ORIOL FUENTES VELASCO                              21843,465              C-04391
4396        EDUARDO MORENO JIMÉNEZ                             5703,4215              C-04395
4403        ANIANO CARRASCO BLESA                              52106,0295             C-04402
4411        BRUNO GARRIDO VÁZQUEZ                              60496,506              C-04410
4414        SALOMÉ PEÑA LÓPEZ                                  134844,171             C-04413
4418        TEODORA SANTIAGO GÓMEZ                             46919,3865             C-04417
4435        AURELIANO MORA SANTOS                              112672,623             C-04434
4445        FABIÁN GALLEGO TORRES                              140396,613             C-04444
4451        AURELIA GARRIDO VELASCO                            133326,774             C-04450
4459        NORBERTO HERRERO JIMÉNEZ                           146965,623             C-04458
4467        VIRGINIA MORA MOLINA                               10035,942              C-04466
4471        JAVIER CARRASCO SÁNCHEZ                            60476,4825             C-04470
4474        CRISTÓBAL ROMÁN MUÑOZ                              35007,651              C-04473
4477        RAÚL NAVARRO DELGADO                               146492,5455            C-04476
4480        ADÁN LOZANO MARÍN                                  91726,866              C-04479
4482        EULALIA SANTIAGO VARGAS                            79676,4255             C-04481
4495        ÚRSULA LÓPEZ NAVARRO                               107074,6215            C-04494
4506        MERCEDES RUIZ RAMOS                                112065,7545            C-04505
4517        JUVENAL LEÓN ORTEGA                                138124,5495            C-04516
4523        COLUMBA RUBIO BRAVO                                58602,684              C-04522
4525        BEGOÑA PÉREZ CALVO                                 42647,787              C-04524
4527        BERNARDA GUERRERO ORTIZ                            34198,983              C-04526
4529        SUSANA RAMÍREZ RODRÍGUEZ                           129442,866             C-04528
4531        JONÁS GIL DÍEZ                                     123982,992             C-04530
4532        LADISLAO MUÑOZ DOMÍNGUEZ                           2830,2645              C-04531
4533        EUGENIO REY CASTILLO                               158306,442             C-04532
4535        REBECA TORRES MOLINA                               125775,0795            C-04534
4537        JAVIER MÁRQUEZ MARTÍN                              147199,038             C-04536
4544        CARINA GIMÉNEZ CALVO                               36593,214              C-04543
4545        ARÁNZAZU AGUILAR VARGAS                            127385,2755            C-04544
4546        OSEAS DÍAZ SANTOS                                  126552,216             C-04545
4547        GUZMÁN VARGAS TORRES                               19203,7965             C-04546
4548        GISELA ROMERO CRESPO                               70009,065              C-04547
4554        VIDAL MARTÍN FERRER                                12518,6775             C-04553
4557        ROSALIA JIMÉNEZ REYES                              30272,5185             C-04556
4563        LEOCADIA FERRER GONZÁLEZ                           59288,691              C-04562
4587        SILVIA CANO CALVO                                  74807,1345             C-04586
4588        GUIDO VEGA MARTÍNEZ                                49690,725              C-04587
4595        ZACARÍAS SANTIAGO RAMOS                            66178,812              C-04594
4596        GISELA BLANCO HERRERA                              141594,159             C-04595
4602        FRANCISCO LEÓN IBÁÑEZ                              137191,6875            C-04601
4607        PETRONILA ROMERO RAMOS                             18095,595              C-04606
4609        LUCAS SANTANA MARTÍNEZ                             147914,718             C-04608
4613        ROSALIA CAMPOS PÉREZ                               116923,1385            C-04612
4619        SALVIO PRIETO CAMBIL                               28363,083              C-04618
4621        ASUNCIÓN ÁLVAREZ CANO                              10442,4075             C-04620
4625        SALOMÉ CAMPOS HERNÁNDEZ                            147475,167             C-04624
4630        JUVENAL ARIAS ARIAS                                48842,472              C-04629
4633        CAYETANO CORTÉS LORENZO                            44687,748              C-04632
4644        PABLO MONTERO NAVARRO                              94980,564              C-04643
4647        JULIO DELGADO GALLEGO                              57278,067              C-04646
4648        EDUVIGIS GIMÉNEZ SANTANA                           30728,5125             C-04647
4649        EUGENIO VÁZQUEZ GIL                                105529,935             C-04648
4650        ROSALIA FUENTES BRAVO                              154449,8655            C-04649
4670        FABIOLA RUBIO NIETO                                114276,3195            C-04669
4698        ALBINA MORENO SANTOS                               10297,8225             C-04697
4710        PONCIO ARIAS FUENTES                               102778,809             C-04709
4717        NOELIA GIMÉNEZ TORRES                              38705,919              C-04716
4720        CONSTANTINO HIDALGO SANTIAGO                       88000,143              C-04719
4730        VÍCTOR FUENTES BRAVO                               113480,5035            C-04729
4747        CASIMIRO VICENTE PÉREZ                             71814,4455             C-04746
4759        LINO CABRERA BRAVO                                 31775,3625             C-04758
4771        ESDRAS FERNÁNDEZ CARMONA                           105937,6815            C-04770
4775        ANIANO FERRER BENÍTEZ                              126982,38              C-04774
4777        NARCISO CALVO ÁLVAREZ                              25677,582              C-04776
4779        CONSUELO DELGADO SÁEZ                              105075,432             C-04778
4783        IFIGENIA MONTERO FUENTES                           64595,0655             C-04782
4784        ABRAHÁN CALVO DURÁN                                134958,9465            C-04783
4791        HÉCTOR RODRÍGUEZ MARTÍNEZ                          89555,8755             C-04790
4796        LUIS CABALLERO GARCÍA                              129988,4145            C-04795
4801        URBANO MARTÍNEZ SOLER                              95308,185              C-04800
4809        FAUSTINO BRAVO VÁZQUEZ                             11523,5295             C-04808
4811        FRANCISCA FERNÁNDEZ MARTÍN                         44656,7205             C-04810
4812        ASUNCIÓN BLANCO GARCÍA                             94971,681              C-04811
4828        LEANDRO BLESA MOLINA                               129012,135             C-04827
4833        FEDERICO GALLEGO LEÓN                              67631,907              C-04832
4835        LORENZO HIDALGO HERRERO                            64737,1725             C-04834
4840        CONSTANCIO PEÑA NAVARRO                            101657,4405            C-04839
4866        CARMELO SANTOS SÁNCHEZ                             130657,233             C-04865
4871        FAUSTO CRUZ CAMPOS                                 49509,18               C-04870
4884        ESIQUIO VÁZQUEZ FERRER                             58228,0335             C-04883
4890        ARACELI CASTILLO GUERRERO                          104153,1225            C-04889
4894        PRIMO SERRANO ROMÁN                                65884,1505             C-04893
4912        ESDRAS MONTORO VARGAS                              145347,6045            C-04911
4916        AITOR GIMÉNEZ LOZANO                               147530,355             C-04915
4918        DEMÓCRITO ARIAS GARRIDO                            119686,9275            C-04917
4924        TITO VÁZQUEZ GARRIDO                               2432,871               C-04923
4930        FERMÍN MONTERO ESTEBAN                             146329,8165            C-04929
4938        LUCIANO PARRA VICENTE                              79890,0585             C-04937
4942        NORBERTO CALVO AGUILAR                             120667,743             C-04941
4943        MÍRIAM VICENTE MUÑOZ                               113223,1485            C-04942
4944        LEANDRO FERNÁNDEZ IGLESIAS                         61851,258              C-04943
4948        EULALIA CRESPO MORALES                             106233,2355            C-04947
4951        JORDI MÁRQUEZ SERRANO                              74338,5825             C-04950
4953        BÁRBARA FLORES HERNÁNDEZ                           135245,8485            C-04952
4955        NIEVES CAMBIL JIMÉNEZ                              86893,275              C-04954
4957        RAFAEL VÁZQUEZ RAMOS                               71965,635              C-04956
4959        LUCAS SÁNCHEZ GALLARDO                             84793,8315             C-04958
4965        SONIA LEÓN GUERRERO                                12383,8365             C-04964
4966        ANTONIA MÉNDEZ ÁLVAREZ                             6879,1905              C-04965
4976        ANTERO MORENO LÓPEZ                                137520,7365            C-04975
4986        SUSANA SERRANO HERRERA                             71514,45               C-04985
4987        SIMEÓN SANTANA MUÑOZ                               32264,0955             C-04986
4990        MARIO BRAVO DELGADO                                46085,1405             C-04989
4995        MARTÍN HERNÁNDEZ LÓPEZ                             114480,24              C-04994
5004        FAUSTINO FUENTES HERRERO                           13786,143              C-05003
5023        OSCAR CABRERA NAVARRO                              58539,6735             C-05022
5037        ILDEFONSO ALONSO MARTÍNEZ                          111167,7105            C-05036
5047        FABIO NÚÑEZ ORTIZ                                  147904,3335            C-05046
5052        SAMUEL SANTIAGO NAVARRO                            133025,6655            C-05051
5055        CAMILO NAVARRO SANTANA                             113084,5695            C-05054
5062        ALFREDO SERRANO SÁEZ                               48625,71               C-05061
5067        ÁUREA RAMOS CRESPO                                 81007,3635             C-05066
5076        SALVADOR PASTOR IBÁÑEZ                             151536,252             C-05075
5077        ESDRAS FLORES GALLEGO                              33832,344              C-05076
5081        TIMOTEO DÍAZ PARRA                                 109577,0235            C-05080
5089        SAMUEL HERNÁNDEZ GONZÁLEZ                          130688,88              C-05088
5093        RAMÓN MEDINA VIDAL                                 157878,7245            C-05092
5100        ESDRAS ORTEGA SANTIAGO                             106434,51              C-05099
5113        NORBERTO TORRES FLORES                             52197,3375             C-05112
5114        ALBINA MUÑOZ MARÍN                                 63951,6885             C-05113
5123        LUCAS PARRA DÍEZ                                   134547,567             C-05122
5124        MARTÍN BRAVO ESTEBAN                               99318,2295             C-05123
5127        CASIO RODRÍGUEZ CAMPOS                             152440,491             C-05126
5139        EUSEBIO MONTORO CASTRO                             8023,659               C-05138
5140        ENRIQUE HERNÁNDEZ BENÍTEZ                          60394,4355             C-05139
5146        RAMÓN ORTIZ VÁZQUEZ                                62425,6395             C-05145
5148        EDUARDO PARRA NÚÑEZ                                41891,4405             C-05147
5149        MARCELINO CARMONA MEDINA                           109938,2445            C-05148
5154        MOISÉS MARÍN JIMÉNEZ                               124313,91              C-05153
5157        CASIMIRO GARCÍA CORTÉS                             18890,8755             C-05156
5163        CLARA GUERRERO CANO                                90739,152              C-05162
5169        FACUNDO REY LOZANO                                 98754,495              C-05168
5173        BERNARDO BRAVO MÉNDEZ                              127940,3265            C-05172
5180        ANTERO NIETO MORENO                                109714,7625            C-05179
5183        LEONCIO CASTILLO VÁZQUEZ                           142183,104             C-05182
5185        CASIANO DOMÍNGUEZ CAMPOS                           111196,974             C-05184
5187        ODÓN CARMONA BENÍTEZ                               43037,589              C-05186
5190        LUCIANO FUENTES SANTOS                             143040,933             C-05189
5191        NARCISO GIMÉNEZ IBÁÑEZ                             59937,6225             C-05190
5195        FAUSTINO ESTEBAN CAMBIL                            78927,786              C-05194
5203        RUPERTO MARTÍN RODRÍGUEZ                           63900,039              C-05202
5204        FERNANDO VIDAL CARRASCO                            91034,6325             C-05203
5205        ANASTASIA GONZÁLEZ NAVARRO                         138942,5205            C-05204
5220        RIGOBERTO MONTERO MOLINA                           57038,0685             C-05219
5223        BORJA CABALLERO MARTÍNEZ                           2050,797               C-05222
5229        DIEGO SANTOS TORRES                                144082,5855            C-05228
5242        ACACIO IBÁÑEZ CRUZ                                 109377,891             C-05241
5248        BERNARDO RODRÍGUEZ FUENTES                         111233,913             C-05247
5251        HUGO SOLER PARRA                                   69014,379              C-05250
5252        CLAUDIO CORTÉS CRUZ                                58036,8495             C-05251
5255        FRANCISCA CRESPO LOZANO                            10348,5585             C-05254
5258        MANUEL GUERRERO RAMÍREZ                            102949,0035            C-05257
5260        ARNALDO PARRA SANTOS                               59020,0275             C-05259
5264        ARÁNZAZU BRAVO AGUILAR                             134407,497             C-05263
5268        HILARIÓN BRAVO GALLARDO                            32893,0455             C-05267
5272        CONRADO HERRERO IBÁÑEZ                             12587,5365             C-05271
5281        MARCIANO HIDALGO VELASCO                           13255,893              C-05280
5282        LUIS FERRER SÁNCHEZ                                43526,5215             C-05281
5285        NOELIA RAMOS DÍAZ                                  85885,0755             C-05284
5292        ALBERTO RUBIO CANO                                 157830,6345            C-05291
5296        JACOB MÉNDEZ CASTRO                                126218,8515            C-05295
5298        ALIPIO ARIAS CANO                                  42507,9585             C-05297
5303        OSEAS SÁNCHEZ CALVO                                55197,7545             C-05302
5306        AITOR CRUZ MARÍN                                   65480,9505             C-05305
5310        JACOBO FERRER MONTERO                              41196,8655             C-05309
5312        ANNA FERNÁNDEZ PÉREZ                               105633,7275            C-05311
5313        IRENEO CARMONA RUBIO                               133335,174             C-05312
5314        RAMIRO SUÁREZ BRAVO                                80891,9055             C-05313
5326        NAZARIO RUIZ ORTEGA                                104204,31              C-05325
5334        OSWALDO PARRA CABALLERO                            71539,839              C-05333
5336        ALBINA PARRA FERNÁNDEZ                             133778,8515            C-05335
5337        ELENA CABALLERO IBÁÑEZ                             154813,68              C-05336
5347        ALEJANDRA LORENZO CAMPOS                           37103,8815             C-05346
5348        SIXTO NIETO GUTIÉRREZ                              74933,0085             C-05347
5352        ROCÍO SANTANA GONZÁLEZ                             16252,131              C-05351
5358        BENITO PÉREZ MEDINA                                38688,1005             C-05357
5359        NARCISO NÚÑEZ AGUILAR                              48910,638              C-05358
5365        ABDÓN CANO BLANCO                                  142617,3735            C-05364
5374        MAURICIO GUERRERO BLANCO                           126257,8695            C-05373
5379        DIMAS CRUZ NAVARRO                                 8609,706               C-05378
5380        ASUNCIÓN CAMBIL MONTERO                            144222,4455            C-05379

(1000 rows affected)


Completion time: 2020-07-26T18:03:51.0047911-04:00
