idcliente   nombrecliente                                      saldo                  numcta
----------- -------------------------------------------------- ---------------------- ---------------
2           JULIO FERNÁNDEZ VEGA                               100872,716             C-00002
12          TOMÁS ORTEGA LÓPEZ                                 63273,724              C-00012
16          GONZALO MÉNDEZ GONZÁLEZ                            94211,5752             C-00016
24          SAMUEL TORRES LOZANO                               55617,028              C-00024
31          ANIANO NAVARRO MORENO                              113234,2424            C-00031
48          DIEGO VIDAL LORENZO                                104018,3226            C-00048
54          LEANDRO CALVO RAMOS                                77592,466              C-00054
58          ROBERTO VIDAL ARIAS                                48864,5515             C-00058
59          GUZMÁN PEÑA SANTANA                                33421,3515             C-00059
67          CONSTANTINO PASTOR FLORES                          123015,0082            C-00067
78          LINO SOTO MARTÍN                                   40538,4                C-00078
80          CARMEN CAMBIL CAMPOS                               11433,668              C-00080
81          JACOBO DÍAZ REYES                                  82790,904              C-00081
83          JACINTO GUTIÉRREZ MÁRQUEZ                          1172,8605              C-00083
84          MIGUEL SÁNCHEZ FERRER                              111725,0442            C-00084
86          CESÁREO ORTEGA LÓPEZ                               27417,228              C-00086
88          ARCADIO CORTÉS VEGA                                30401,2255             C-00088
89          SIMÓN CABALLERO DURÁN                              96781,4412             C-00089
90          AARÓN GÓMEZ PARRA                                  15008,0525             C-00090
94          GERMÁN AGUILAR MÉNDEZ                              11714,488              C-00094
99          VIDAL RODRÍGUEZ DURÁN                              36321,046              C-00099
100         ANNA VEGA FLORES                                   36664,1005             C-00100
107         BONIFACIO PASCUAL BENÍTEZ                          129475,2898            C-00107
121         PURIFICACIÓN CORTÉS SANTANA                        123641,443             C-00121
131         ÁNGELA ESTEBAN CALVO                               4062,257               C-00131
142         JERÓNIMO ARIAS LORENZO                             114536,1706            C-00142
145         ONÉSIMO CALVO JIMÉNEZ                              32331,559              C-00145
168         JESÚS LEÓN CAMBIL                                  91515,21               C-00168
171         MIQUEAS MORENO CRESPO                              33436,485              C-00171
173         ROMUALDO ROMÁN NIETO                               133717,9516            C-00173
189         FRANCISCO DURÁN CABALLERO                          7628,6995              C-00189
191         TOMAS PRIETO PRIETO                                14970,328              C-00191
194         HÉCTOR NAVARRO LEÓN                                60185,4355             C-00194
202         ALMUDENA MOLINA VELASCO                            6694,5455              C-00202
218         HELIODORO PÉREZ ORTEGA                             135645,6848            C-00218
231         EPIFANÍA GALLARDO HERRERA                          41328,9995             C-00231
234         SEGISMUNDO PRIETO MONTORO                          97687,62               C-00234
239         RUPERTO MONTORO BLANCO                             9875,8865              C-00239
242         VALENTÍN PARRA ROMÁN                               122229,986             C-00242
245         DOMINGO HIDALGO MONTORO                            139414,9438            C-00245
246         BENEDICTO DURÁN LEÓN                               84661,511              C-00246
260         SANTIAGO GALLEGO CABALLERO                         38025,042              C-00260
262         CELINA MARTÍNEZ ARIAS                              32731,927              C-00262
264         DIEGO JIMÉNEZ RUBIO                                26685,0155             C-00264
272         MATILDE MARTÍN IGLESIAS                            47594,4015             C-00272
274         NIEVES CALVO VICENTE                               14737,255              C-00274
280         ADELAIDA ROMÁN MOYA                                24253,671              C-00280
287         BLANCA MÁRQUEZ PASTOR                              51337,753              C-00287
288         ALICIA ALONSO BENÍTEZ                              60600,3195             C-00288
292         HUMBERTO FERRER MONTERO                            11661,269              C-00292
294         ASCENSIÓN MARTÍNEZ HERNÁNDEZ                       133846,976             C-00294
311         AITOR GIMÉNEZ FUENTES                              9221,422               C-00311
313         SIMÓN VIDAL CABRERA                                85566,3005             C-00313
323         CONSUELO PASCUAL MONTERO                           14159,5315             C-00323
328         AURELIANO MARTÍNEZ PRIETO                          65551,14               C-00328
336         SALOMÉ PARRA DURÁN                                 119331,3268            C-00336
339         NATIVIDAD SUÁREZ AGUILAR                           90335,7945             C-00339
364         EZEQUIEL MÉNDEZ MOLINA                             92588,2255             C-00364
369         TEODORA AGUILAR MORALES                            135883,11              C-00369
370         GUZMÁN CAMBIL PRIETO                               137478,9762            C-00370
377         AURELIANO NAVARRO CRUZ                             94657,8872             C-00377
381         MARCELO HERRERO CARMONA                            115443,0544            C-00381
386         OSCAR HERRERA SÁEZ                                 119635,1536            C-00386
389         ERNESTO ORTIZ CASTILLO                             44604,685              C-00389
392         PABLO PASTOR BENÍTEZ                               88609,8155             C-00392
394         HÉCTOR CABRERA VÁZQUEZ                             52052,229              C-00394
399         CLEOFÁS MORA RAMÍREZ                               89048,7915             C-00399
408         JOSEP DELGADO NAVARRO                              102281,823             C-00408
417         NURIA PRIETO RUBIO                                 16769,4095             C-00417
423         ANNA VELASCO ESTEBAN                               48977,858              C-00423
425         EUGENIO FERRER SANTANA                             136363,7038            C-00425
430         OSEAS GALLEGO DÍAZ                                 77874,7585             C-00430
434         AGUSTÍN DOMÍNGUEZ VARGAS                           65510,1                C-00434
445         HOMERO CARRASCO SANTOS                             126166,8188            C-00445
449         CIRO FERRER CARRASCO                               71835,8745             C-00449
460         ABRAHÁN GARRIDO GIL                                2010,295               C-00459
465         AARÓN VIDAL GARRIDO                                124284,9012            C-00464
466         XAVIER CASTRO SÁNCHEZ                              40322,408              C-00465
469         VLADIMIRO RODRÍGUEZ SANTOS                         61927,821              C-00468
473         ASCENSIÓN FLORES GARRIDO                           48797,4055             C-00472
474         MARCELO NAVARRO DURÁN                              123722,6402            C-00473
475         ARIADNA ORTEGA MOLINA                              72551,5285             C-00474
477         DANIEL SUÁREZ CABALLERO                            113964,9984            C-00476
482         BEATRIZ DOMÍNGUEZ LÓPEZ                            71973,71               C-00481
483         OTO CANO GIL                                       119106,4882            C-00482
489         SEVERINO SÁEZ MUÑOZ                                42357,878              C-00488
491         RAÚL NIETO LÓPEZ                                   38379,05               C-00490
492         CÁNDIDA SOTO GUTIÉRREZ                             114178,3878            C-00491
494         ANSELMO LÓPEZ MORALES                              29813,47               C-00493
495         ORIOL CAMPOS BLANCO                                120809,7118            C-00494
497         SUSANA LEÓN GONZÁLEZ                               127590,4018            C-00496
499         LOURDES MEDINA MÉNDEZ                              37205,8095             C-00498
500         VIRGINIA TORRES DÍEZ                               64938,5895             C-00499
508         MAXIMILIANO CARRASCO LEÓN                          104469,3064            C-00507
511         CATALINA VELASCO GONZÁLEZ                          103234,4754            C-00510
515         EPIFANÍA VARGAS VICENTE                            124569,6648            C-00514
524         MONTSERRAT RAMÍREZ NIETO                           14994,0875             C-00523
526         FACUNDO CABALLERO PRIETO                           90994,496              C-00525
535         MARCELO FUENTES DOMÍNGUEZ                          110191,4436            C-00534
537         MARCOS ORTIZ CANO                                  50235,81               C-00536
539         ROGELIO ESTEBAN MARTÍN                             102668,2476            C-00538
540         TEODOSIA GARRIDO GIMÉNEZ                           38927,7035             C-00539
547         ROQUE PEÑA MARÍN                                   88141,095              C-00546
556         ROSA GUERRERO CAMBIL                               131835,8836            C-00555
558         BELÉN GARCÍA ORTIZ                                 111159,841             C-00557
561         NICOLÁS PEÑA MÁRQUEZ                               94415,1604             C-00560
565         MARCOS ALONSO SÁNCHEZ                              136815,026             C-00564
574         JOAQUÍN SÁEZ ORTIZ                                 14474,3995             C-00573
577         VALERIANO ALONSO VIDAL                             134204,411             C-00576
578         LEOCADIA VIDAL DÍAZ                                74602,721              C-00577
595         VENANCIO BLESA FUENTES                             41988,328              C-00594
601         NICANOR DÍEZ DELGADO                               24095,667              C-00600
611         LEONCIO MONTERO DURÁN                              66089,9135             C-00610
619         ISABEL GIMÉNEZ GALLARDO                            118546,314             C-00618
630         EVA CALVO GALLEGO                                  137535,6018            C-00629
631         OSWALDO CABRERA VEGA                               93282,324              C-00630
638         ROGELIO HERRERO GIMÉNEZ                            8305,584               C-00637
640         NARCISO ROMERO BLESA                               54354,364              C-00639
641         MÍRIAM REYES PASCUAL                               54441,08               C-00640
643         LORENA MARTÍN PRIETO                               111835,0336            C-00642
646         ATANASIO GIL LORENZO                               19669,237              C-00645
651         ROSA FUENTES ALONSO                                136449,8548            C-00650
654         ADRIÁN VÁZQUEZ FUENTES                             9899,798               C-00653
657         MAGDALENA LOZANO SOLER                             28313,762              C-00656
659         MARC GALLEGO PÉREZ                                 61496,4355             C-00658
665         BALDOMERO AGUILAR MORALES                          90657,151              C-00664
675         MÍRIAM RAMÍREZ IGLESIAS                            45555,293              C-00674
686         ALBINA CABALLERO NÚÑEZ                             111735,7978            C-00685
687         JUSTINO NIETO CAMPOS                               12220,99               C-00686
692         PATRICIA CASTRO CRESPO                             139939,6988            C-00691
694         LIDUVINA SANTOS MOLINA                             54904,433              C-00693
695         ALEJANDRO SOTO SOLER                               107990,4242            C-00694
697         AARÓN SANTOS FERRER                                77805,646              C-00696
702         FELICIANO MEDINA FERRER                            74696,467              C-00701
704         BALDOMERO GARCÍA ROMERO                            107541,5178            C-00703
709         SUSANA BLESA TORRES                                115191,5856            C-00708
714         AMADEO GÓMEZ HERRERA                               52082,762              C-00713
720         ONÉSIMO RAMÍREZ PEÑA                               132226,7356            C-00719
725         ORIOL HERNÁNDEZ SÁEZ                               95318,3876             C-00724
732         GERARDO DOMÍNGUEZ PEÑA                             53511,8185             C-00731
735         MARINA BLESA VIDAL                                 135605,3306            C-00734
746         TEÓFANES MUÑOZ VÁZQUEZ                             128503,0196            C-00745
749         GERARDO SÁEZ CRESPO                                138475,9214            C-00748
751         ADALBERTO MÁRQUEZ BLESA                            51178,1435             C-00750
759         DAMIÁN VEGA GUERRERO                               111028,3068            C-00758
760         RODRIGO GARCÍA MOLINA                              7213,844               C-00759
761         ISABEL DÍAZ MARTÍN                                 58718,3125             C-00760
770         CLOTILDE LORENZO CANO                              28478,7675             C-00769
782         EULALIA RAMOS BENÍTEZ                              74739,255              C-00781
789         GISELA CANO MARTÍN                                 133330,8314            C-00788
794         SERGIO VICENTE CRESPO                              31825,9215             C-00793
811         ANASTASIA GUERRERO SANTIAGO                        88587,9655             C-00810
816         GERTRUDIS GARCÍA CASTRO                            66442,0975             C-00815
826         SOFÍA HERNÁNDEZ LOZANO                             135910,6708            C-00825
828         SERGIO SOTO FERRER                                 74682,426              C-00827
834         BEATRIZ CARRASCO LEÓN                              120938,661             C-00833
835         ALIPIO ROMERO CABALLERO                            139431,4502            C-00834
838         ADALBERTO FERNÁNDEZ VEGA                           107483,4634            C-00837
840         PURIFICACIÓN TORRES SERRANO                        50696,8735             C-00839
841         ÁNGELA PEÑA GIMÉNEZ                                122371,7756            C-00840
844         VALENTÍN SUÁREZ GIL                                30473,2165             C-00843
846         JEREMÍAS MÉNDEZ PARRA                              136602,4074            C-00845
847         HERACLIO MARÍN MONTERO                             129669,9074            C-00846
849         FABIO VICENTE LEÓN                                 74183,9705             C-00848
854         SONIA MOLINA VICENTE                               92563,2405             C-00853
862         ESTHER DURÁN SÁEZ                                  86109,615              C-00861
869         VELERIO BRAVO CRUZ                                 86903,5965             C-00868
873         FRANCESC CRUZ CASTRO                               68415,827              C-00872
878         HONORIO ORTEGA CARMONA                             84374,402              C-00877
892         GENOVEVA ROMERO IGLESIAS                           122025,2446            C-00891
893         ERNESTO HERRERO SÁEZ                               89030,1525             C-00892
894         JACOB CAMPOS GIMÉNEZ                               17193,841              C-00893
895         ANSELMO SERRANO HERRERO                            110244,3468            C-00894
905         FRANCESC HIDALGO DURÁN                             132810,7858            C-00904
906         CLAUDIO HERRERA CANO                               96584,3796             C-00905
922         ESTER SANTOS BLANCO                                65613,365              C-00921
925         LORENZO MARTÍN HIDALGO                             85670,6105             C-00924
932         JORDI GARCÍA HERNÁNDEZ                             117384,0322            C-00931
941         JORGE HERRERA TORRES                               43893,2015             C-00940
942         TEÓFANES SANTIAGO IGLESIAS                         104038,636             C-00941
946         CARLOS GALLEGO FERRER                              60465,3625             C-00945
947         DOLORES ROMÁN MONTORO                              61267,704              C-00946
950         CRISTINA BRAVO GIL                                 134621,0754            C-00949
955         TITO CANO VARGAS                                   94774,318              C-00954
963         ONÉSIMO GALLARDO LEÓN                              53306,7515             C-00962
971         BLAS VÁZQUEZ IGLESIAS                              43354,656              C-00970
985         GUIDO DÍEZ HERRERA                                 59669,1485             C-00984
998         GONZALO PARRA PASTOR                               70082,45               C-00997
1004        EZEQUIEL PASTOR ARIAS                              134239,7268            C-01003
1008        TITO GUERRERO GALLEGO                              15877,8915             C-01007
1018        ODÓN CRUZ CAMBIL                                   17362,1525             C-01017
1026        IRENEO CARMONA GIMÉNEZ                             94635,346              C-01025
1034        MAGDALENA SERRANO FERRER                           45277,057              C-01033
1035        ANTONIO CASTRO GALLARDO                            107727,3464            C-01034
1037        RAMÓN MÁRQUEZ GONZÁLEZ                             13620,8435             C-01036
1048        BERNARDA LÓPEZ CAMBIL                              135293,73              C-01047
1056        PILAR CASTILLO MONTORO                             67694,9765             C-01055
1066        PAULA ORTEGA GUTIÉRREZ                             67207,1895             C-01065
1073        ARTURO RUBIO CAMBIL                                1241,1275              C-01072
1081        DIEGO HERRERA MÁRQUEZ                              66372,681              C-01080
1082        ALONSO CAMBIL VIDAL                                52163,2935             C-01081
1094        ANSELMO MORENO SUÁREZ                              2284,978               C-01093
1099        IVÁN FERNÁNDEZ ESTEBAN                             83846,1545             C-01098
1127        HOMERO SOTO CALVO                                  95822,4344             C-01126
1128        ALBERTO MORA SERRANO                               126890,8914            C-01127
1137        FERNANDO HIDALGO PARRA                             28767,4345             C-01136
1139        CLOTILDE ÁLVAREZ MORENO                            141097,29              C-01138
1151        TRINIDAD CRESPO ROMÁN                              4333,1495              C-01150
1152        GERTRUDIS CASTRO MÉNDEZ                            13122,2265             C-01151
1153        LUCIANO TORRES ÁLVAREZ                             88050,6455             C-01152
1159        MATILDE RAMOS HERRERO                              58370,983              C-01158
1168        JACINTO BLESA GARCÍA                               73282,183              C-01167
1172        RAFAEL RUIZ CAMPOS                                 61964,358              C-01171
1187        CRISTINA FERNÁNDEZ CANO                            131834,5394            C-01186
1193        LADISLAO BLANCO VEGA                               54258,186              C-01192
1195        JOSÉ GUERRERO BLESA                                132447,034             C-01194
1197        JERÓNIMO NAVARRO ALONSO                            88589,457              C-01196
1198        JULIÁN HERRERA GONZÁLEZ                            106259,8184            C-01197
1201        JORGE MORENO CAMBIL                                99020,4178             C-01200
1204        ELVIRA MORALES MOLINA                              40327,3385             C-01203
1208        ELISA NIETO FERRER                                 25168,1125             C-01207
1209        ALBINA CAMPOS RAMOS                                86280,292              C-01208
1212        ANDRÉS DÍAZ HERRERA                                141272,9666            C-01211
1214        FRANCISCO VEGA FUENTES                             53312,6795             C-01213
1217        SALVIO PARRA SANZ                                  97950,3406             C-01216
1228        MARCIANO SANZ DURÁN                                80975,4445             C-01227
1229        CLAUDIA GONZÁLEZ CORTÉS                            13720,736              C-01228
1233        BLAS ROMÁN GALLEGO                                 128562,531             C-01232
1235        SEBASTIÁN HERRERA SOLER                            118565,2174            C-01234
1237        CATALINA VELASCO FERNÁNDEZ                         119167,9548            C-01236
1246        VICENTA PARRA MORA                                 30226,8435             C-01245
1250        EDMUNDO DURÁN PASTOR                               84008,253              C-01249
1252        ARACELI ORTEGA ÁLVAREZ                             76020,2635             C-01251
1268        VIDAL DELGADO RUIZ                                 90854,6465             C-01267
1278        OSWALDO VIDAL GUERRERO                             51797,2395             C-01277
1283        MARINA VARGAS REY                                  15427,5915             C-01282
1284        AUGUSTO FLORES CABRERA                             31981,009              C-01283
1287        DANIEL PASTOR BLANCO                               124834,6132            C-01286
1291        SAMUEL CARRASCO CRESPO                             127729,4936            C-01290
1295        ROMÁN PASCUAL RAMOS                                105577,9612            C-01294
1297        NICODEMO ESTEBAN CALVO                             128244,6324            C-01296
1300        YOLANDA GARCÍA CABRERA                             68859,7525             C-01299
1302        SILVIA HERRERA GUERRERO                            45190,8825             C-01301
1309        JOSÉ ÁLVAREZ GARRIDO                               80844,5345             C-01308
1314        ELISEO ÁLVAREZ ORTEGA                              90845,498              C-01313
1315        TRINIDAD CARRASCO SÁNCHEZ                          32829,2355             C-01314
1317        TITO VARGAS PEÑA                                   134625,6438            C-01316
1339        JOAN FLORES SANZ                                   89651,7945             C-01338
1361        CLAUDIO MARTÍN ÁLVAREZ                             72821,6705             C-01360
1362        ÁNGELA PÉREZ SOLER                                 107502,5924            C-01361
1376        VICTORINO BLESA REY                                20893,73               C-01375
1378        DANIEL BENÍTEZ CAMPOS                              10870,1565             C-01377
1389        ARNALDO SÁNCHEZ MORA                               92971,4365             C-01388
1398        PATRICIO SANTANA VICENTE                           138697,4794            C-01397
1403        JUVENAL PEÑA MOYA                                  114828,708             C-01402
1409        RAMIRO SERRANO GÓMEZ                               58918,1735             C-01408
1410        PABLO PEÑA MÉNDEZ                                  12384,6465             C-01409
1415        ASCENSIÓN SUÁREZ DÍEZ                              41762,551              C-01414
1423        PABLO SOTO BRAVO                                   120186,8114            C-01422
1438        BÁRBARA CRESPO CABRERA                             140073,1036            C-01437
1440        HÉCTOR ALONSO CABALLERO                            3501,719               C-01439
1444        MARC RAMÍREZ MÁRQUEZ                               26471,655              C-01443
1468        EUGENIO CASTILLO CALVO                             49947,0005             C-01467
1471        SIMÓN CARMONA GONZÁLEZ                             75732,347              C-01470
1478        JORGE MÉNDEZ REYES                                 105465,039             C-01477
1480        PORFIRIO MORA GIMÉNEZ                              75277,5155             C-01479
1482        EVA CASTILLO MARÍN                                 81802,7235             C-01481
1485        DÁMASO DÍEZ PÉREZ                                  24851,582              C-01484
1489        ROQUE ROMÁN FUENTES                                133245,0376            C-01488
1491        PASCUAL LORENZO REY                                58877,808              C-01490
1492        GUZMÁN GALLEGO HERRERA                             94077,17               C-01491
1495        JAIME DOMÍNGUEZ SOTO                               104790,9462            C-01494
1498        NARCISO VÁZQUEZ SANTANA                            11738,8365             C-01497
1507        MARCOS AGUILAR VÁZQUEZ                             131410,6746            C-01506
1514        LEONARDO GUTIÉRREZ CASTRO                          133511,7344            C-01513
1520        COSME MÉNDEZ GIMÉNEZ                               10514,809              C-01519
1521        TEODOSIA MOYA CABALLERO                            125279,3366            C-01520
1524        EDMUNDO SANTOS REYES                               105083,7468            C-01523
1526        REMEDIOS CAMBIL VELASCO                            92622,758              C-01525
1528        PONCIO RUIZ PRIETO                                 108461,7026            C-01527
1543        NEMESIO ALONSO SANTIAGO                            42631,231              C-01542
1544        VALENTÍN AGUILAR SANTIAGO                          140853,783             C-01543
1556        ORESTES ALONSO MEDINA                              17471,0035             C-01555
1560        FRANCISCO CABRERA CASTILLO                         52941,2675             C-01559
1574        NARCISO SÁEZ AGUILAR                               53843,834              C-01573
1575        CEFERINO ALONSO DOMÍNGUEZ                          104194,065             C-01574
1578        CLAUDIA SÁNCHEZ JIMÉNEZ                            78331,2905             C-01577
1580        ADÓN SUÁREZ SANTANA                                88023,5325             C-01579
1586        MARC GONZÁLEZ FUENTES                              42274,088              C-01585
1590        SALVADOR MOLINA RUBIO                              105071,8276            C-01589
1596        SOLEDAD SANTIAGO ESTEBAN                           134063,646             C-01595
1600        LEOPOLDO GALLARDO PEÑA                             96777,0702             C-01599
1601        ALIPIO RUBIO SANTOS                                32030,523              C-01600
1611        CLAUDIA GÓMEZ ARIAS                                137865,5324            C-01610
1628        ROQUE MEDINA SANTOS                                38138,662              C-01627
1641        PATRICIO SUÁREZ NIETO                              52801,285              C-01640
1658        BENJAMÍN SANTIAGO CARMONA                          121260,5076            C-01657
1665        ALEJANDRA MEDINA PÉREZ                             16428,312              C-01664
1666        ENRIQUE MORA ROMÁN                                 28827,94               C-01665
1668        VÍCTOR REY CAMPOS                                  57147,3925             C-01667
1681        VICENTA CRESPO GALLARDO                            108730,1666            C-01680
1682        ÁLVARO NIETO BLESA                                 15834,011              C-01681
1686        DOMINGO CALVO CRUZ                                 112770,8788            C-01685
1689        LEÓN DÍAZ DURÁN                                    85365,575              C-01688
1693        DIMAS GALLEGO VICENTE                              43297,979              C-01692
1697        CONSTANTINO GARRIDO FUENTES                        99654,7486             C-01696
1707        VICTORIO LEÓN CARRASCO                             105412,4836            C-01706
1716        MARIO NIETO RODRÍGUEZ                              127937,0174            C-01715
1718        EMILIO ÁLVAREZ VICENTE                             38149,9195             C-01717
1735        GUZMÁN MUÑOZ MORALES                               11923,4785             C-01734
1746        SIMÓN RAMOS BLANCO                                 50395,391              C-01745
1757        AQUILES RODRÍGUEZ CASTRO                           36763,3185             C-01756
1758        ALFREDO ROMERO CANO                                7746,2905              C-01757
1759        REINALDO PÉREZ MORA                                9674,458               C-01758
1760        HILDEGARDA RAMOS MÁRQUEZ                           5087,3355              C-01759
1761        MARCELO MONTERO MARTÍNEZ                           38514,387              C-01760
1772        LUIS IBÁÑEZ CANO                                   138058,7588            C-01771
1774        BRUNO GUTIÉRREZ RUIZ                               1684,825               C-01773
1786        PATRICIA ÁLVAREZ ROMÁN                             97232,566              C-01785
1787        OTO ESTEBAN VIDAL                                  141298,7226            C-01786
1793        FACUNDO ORTEGA DOMÍNGUEZ                           80222,389              C-01792
1799        ALFREDO ORTIZ BENÍTEZ                              102249,4118            C-01798
1805        LEÓN GIL MEDINA                                    19149,1785             C-01804
1806        NATALIA SÁNCHEZ REY                                65667,04               C-01805
1825        AURELIO PRIETO NAVARRO                             75587,035              C-01824
1828        ROMÁN PASCUAL JIMÉNEZ                              80198,2495             C-01827
1830        PROBO LORENZO FERNÁNDEZ                            40538,8275             C-01829
1835        BARTOLOMÉ CASTILLO DELGADO                         33919,4175             C-01834
1836        BARTOLOMÉ AGUILAR GUERRERO                         14312,263              C-01835
1838        ADOLFO SANTIAGO MORA                               2950,4435              C-01837
1840        AGUSTÍN BLESA MARTÍN                               130089,5516            C-01839
1846        ADRIÁN RUIZ RODRÍGUEZ                              128728,2718            C-01845
1850        MONTSERRAT RAMOS ARIAS                             100503,6156            C-01849
1856        ÁNGELA NIETO CRESPO                                79024,9425             C-01855
1857        JACOB ARIAS MORENO                                 8617,146               C-01856
1859        PRIMO MARTÍNEZ MUÑOZ                               127946,8028            C-01858
1864        MARIO MORALES LÓPEZ                                138045,5142            C-01863
1865        AGUSTÍN CASTRO NIETO                               93018,6325             C-01864
1874        IRENEO HERRERA ÁLVAREZ                             58942,2655             C-01873
1875        CELIA VICENTE MOLINA                               1502,1685              C-01874
1877        CALIXTO FUENTES FERRER                             51427,6705             C-01876
1883        FULGENCIO MONTERO CRESPO                           85882,337              C-01882
1888        JOSEP ORTIZ VIDAL                                  38941,6875             C-01887
1898        JULIA RODRÍGUEZ MOLINA                             2862,8915              C-01897
1902        EPIFANÍA SÁEZ ALONSO                               118521,1878            C-01901
1904        MERCEDES CRUZ SÁEZ                                 33194,1305             C-01903
1908        NURIA VEGA ÁLVAREZ                                 13915,1725             C-01907
1909        PRIMO CALVO PÉREZ                                  2908,862               C-01908
1911        EMILIO GALLEGO SANZ                                118510,3872            C-01910
1913        MARINA DÍAZ LEÓN                                   31037,1935             C-01912
1914        RENATO RAMOS HERRERA                               27338,207              C-01913
1915        CESÁREO MORALES ESTEBAN                            96420,6974             C-01914
1916        VICTORIA SÁNCHEZ GARCÍA                            82344,119              C-01915
1919        JOAN ESTEBAN ROMÁN                                 35263,4965             C-01918
1920        NURIA SOTO BENÍTEZ                                 113924,898             C-01919
1921        JOSÉ NÚÑEZ ORTEGA                                  18062,901              C-01920
1930        LINO CAMPOS PÉREZ                                  56744,469              C-01929
1931        FAUSTINO PASCUAL REYES                             94655,2364             C-01930
1932        BALTASAR GIMÉNEZ REYES                             105588,1602            C-01931
1936        PANCRACIO MARTÍNEZ SANTANA                         71725,6175             C-01935
1938        IVÁN GARRIDO SANTOS                                12810,693              C-01937
1944        YOLANDA IBÁÑEZ CASTILLO                            108959,0848            C-01943
1948        IFIGENIA GARCÍA DÍAZ                               36234,8715             C-01947
1950        VIRGILIO RUBIO BLANCO                              41636,505              C-01949
1952        MANUEL MARTÍNEZ ORTEGA                             133069,8592            C-01951
1957        ISAAC SUÁREZ SANTIAGO                              89149,4535             C-01956
1959        BERNABÉ GARRIDO RODRÍGUEZ                          47078,561              C-01958
1961        ARTURO ESTEBAN GALLARDO                            62395,2305             C-01960
1963        NATALIA MUÑOZ CRESPO                               44227,326              C-01962
1966        VIRGILIO FUENTES GARCÍA                            1239,617               C-01965
1967        CONSUELO MORA CRUZ                                 4060,7465              C-01966
1974        HUMBERTO IBÁÑEZ CARRASCO                           115599,8464            C-01973
1978        BLAS CORTÉS RAMÍREZ                                123877,0258            C-01977
1985        BENITO VICENTE GIMÉNEZ                             52889,198              C-01984
1990        PASCUAL SANTANA CORTÉS                             25781,784              C-01989
1991        ZACARÍAS RAMÍREZ MÁRQUEZ                           7484,8125              C-01990
1998        DOLORES ARIAS FERNÁNDEZ                            31185,916              C-01997
2012        DOMINGO GIL VELASCO                                29080,8775             C-02011
2022        FÁTIMA CRESPO MOYA                                 119596,8768            C-02021
2028        CAROLINA VELASCO BRAVO                             58065,0165             C-02027
2029        RUPERTO BRAVO ROMÁN                                60984,0055             C-02028
2049        NICODEMO SANZ FERRER                               65357,72               C-02048
2051        EFRÉN DOMÍNGUEZ ARIAS                              99167,7346             C-02050
2057        OTO GONZÁLEZ MARÍN                                 107450,037             C-02056
2063        BENITO GALLEGO CALVO                               109744,1728            C-02062
2067        CIPRIANO RODRÍGUEZ GIL                             93343,3045             C-02066
2070        LINO MÁRQUEZ VICENTE                               52134,6225             C-02069
2072        CONRADO REYES PRIETO                               40026,806              C-02071
2073        TEÓFANES NAVARRO GÓMEZ                             112699,3072            C-02072
2086        ISMAEL HERNÁNDEZ CALVO                             21814,983              C-02085
2094        ESIQUIO RUIZ MOYA                                  65222,155              C-02093
2099        CRISTINA DURÁN MUÑOZ                               13261,791              C-02098
2100        JUANA CORTÉS CABRERA                               96287,0012             C-02099
2106        DEMÓCRITO HERRERO CANO                             104144,3672            C-02105
2110        JOSAFAT SANTOS HERRERA                             16683,273              C-02109
2115        SOFÍA CAMBIL MOYA                                  83660,933              C-02114
2119        VÍCTOR MÉNDEZ GIMÉNEZ                              85004,252              C-02118
2125        ROMÁN PASTOR ROMÁN                                 125948,9362            C-02124
2127        GONZALO GUTIÉRREZ LÓPEZ                            64695,1995             C-02126
2131        ADÓN MORENO MÉNDEZ                                 58123,0805             C-02130
2138        FERNANDO GALLEGO RAMOS                             96215,5612             C-02137
2141        MATILDE MEDINA LORENZO                             25693,0445             C-02140
2144        CELIA NÚÑEZ LOZANO                                 108660,757             C-02143
2150        ARTURO RAMOS RUBIO                                 69219,2135             C-02149
2151        BELÉN MARTÍNEZ BRAVO                               94606,1872             C-02150
2182        RAMÓN CORTÉS GUTIÉRREZ                             77702,495              C-02181
2189        ANA CASTILLO PASTOR                                74875,9505             C-02188
2194        MATILDE GONZÁLEZ CASTILLO                          133949,107             C-02193
2196        BEGOÑA FERNÁNDEZ MORENO                            124271,6566            C-02195
2198        ANTERO MUÑOZ CABALLERO                             132681,893             C-02197
2205        ALBERT NIETO PARRA                                 108236,582             C-02204
2210        CONSUELO CARRASCO MOLINA                           131499,7772            C-02209
2211        PURIFICACIÓN SANTIAGO SÁNCHEZ                      43025,006              C-02210
2217        EMILIO SUÁREZ VICENTE                              108511,4474            C-02216
2228        FABIOLA FERNÁNDEZ FERRER                           52160,1205             C-02227
2229        NIEVES CANO BENÍTEZ                                25545,2435             C-02228
2233        ISAÍAS NIETO CARMONA                               75078,956              C-02232
2241        RIGOBERTO GIMÉNEZ RUBIO                            37715,342              C-02240
2242        AMBROSIO DÍAZ GALLEGO                              6499,349               C-02241
2249        BRUNO VÁZQUEZ VÁZQUEZ                              54990,5315             C-02248
2253        ELISEO MOLINA CANO                                 80271,9125             C-02252
2256        GERMÁN FERNÁNDEZ MEDINA                            97640,4132             C-02255
2259        PRISCILA HERNÁNDEZ GUERRERO                        60295,2365             C-02258
2260        VALENTÍN GALLEGO CRESPO                            976,3245               C-02259
2267        CASIANO SANTANA BLESA                              110186,7154            C-02266
2273        PORFIRIO MONTERO GONZÁLEZ                          77176,271              C-02272
2274        CLEOFÁS MEDINA MORA                                76395,5325             C-02273
2280        AURORA SANTANA DÍAZ                                105221,1842            C-02279
2281        ADÓN MÁRQUEZ DÍEZ                                  140837,521             C-02280
2282        DEMÓCRITO SANTOS CRUZ                              55755,158              C-02281
2287        DOLORES ORTIZ SERRANO                              25557,0425             C-02286
2288        SALOMÓN DOMÍNGUEZ PARRA                            101076,9216            C-02287
2290        ASUNCIÓN GALLARDO CALVO                            61626,785              C-02289
2291        PATRICIA ORTIZ VELASCO                             54596,443              C-02290
2292        BENIGNO GUTIÉRREZ DELGADO                          100173,7978            C-02291
2301        LEONOR REYES CALVO                                 74811,1035             C-02300
2310        BASILEO CANO MOYA                                  107731,426             C-02309
2311        ANNA FLORES CASTRO                                 62447,053              C-02310
2317        BENITO LOZANO LORENZO                              20130,918              C-02316
2328        MARGARITA CASTILLO VELASCO                         17030,669              C-02327
2329        JAIME TORRES SANTOS                                140931,709             C-02328
2342        TITO ESTEBAN REY                                   91474,949              C-02341
2357        BLANCA MEDINA ÁLVAREZ                              70105,592              C-02356
2363        CESÁREO ÁLVAREZ GÓMEZ                              124943,6532            C-02362
2373        CATALINA CALVO FUENTES                             88387,696              C-02372
2380        ROSALIA VICENTE ALONSO                             68043,712              C-02379
2389        NICODEMO DÍAZ CRUZ                                 46046,5095             C-02388
2390        MARIANO DÍEZ VARGAS                                59373,955              C-02389
2392        NICANOR RODRÍGUEZ SOLER                            6621,994               C-02391
2394        IRENE CAMPOS HERRERO                               118234,3092            C-02393
2399        SALOMÉ MORALES RUIZ                                27052,7605             C-02398
2405        CIRINO CARMONA CRESPO                              69439,775              C-02404
2408        EDGAR MORALES LEÓN                                 126844,258             C-02407
2418        PONCIO CRUZ VICENTE                                33438,1855             C-02417
2420        ALFONSO SANTOS HIDALGO                             99442,6376             C-02419
2428        JONÁS HERRERO CORTÉS                               46312,6235             C-02427
2429        ATANASIO MARTÍN GIL                                18250,051              C-02428
2434        EMILIANO HIDALGO HERNÁNDEZ                         37574,8845             C-02433
2436        ODÓN ÁLVAREZ JIMÉNEZ                               1749,1875              C-02435
2439        PATRICIA MÉNDEZ SÁEZ                               14872,2595             C-02438
2451        JAUME HERRERO VIDAL                                101819,108             C-02450
2453        JUSTINO BRAVO PRIETO                               43641,4325             C-02452
2469        MERCEDES IBÁÑEZ SANZ                               5517,1345              C-02468
2476        LAURA SANTANA GARRIDO                              131225,2972            C-02475
2478        ORESTES MONTERO DURÁN                              1810,8805              C-02477
2480        WILFREDO ORTIZ TORRES                              99072,9638             C-02479
2484        JONÁS ORTEGA PÉREZ                                 128084,5598            C-02483
2485        TEODORA SANTANA ORTIZ                              8370,8205              C-02484
2491        TEODORA REYES VÁZQUEZ                              66245,7515             C-02490
2501        JAIME RODRÍGUEZ DÍEZ                               1525,662               C-02500
2506        MARCIAL GARCÍA GALLARDO                            77894,034              C-02505
2514        EFRÉN HERNÁNDEZ ORTIZ                              62461,9205             C-02513
2523        HOMERO GALLARDO GARCÍA                             71545,621              C-02522
2530        MAR RUBIO VEGA                                     56595,0815             C-02529
2532        ADOLFO HIDALGO GÓMEZ                               93723,6655             C-02531
2545        GUSTAVO MONTERO RAMOS                              20138,2045             C-02544
2546        ISMAEL GIL BLANCO                                  48348,502              C-02545
2547        AUGUSTO HERRERO IBÁÑEZ                             115108,5084            C-02546
2548        GERMÁN GUTIÉRREZ BENÍTEZ                           105243,716             C-02547
2555        HILARIÓN SÁEZ ÁLVAREZ                              115299,0934            C-02554
2565        AURORA FUENTES VIDAL                               48505,3945             C-02564
2571        PATRICIA NIETO FUENTES                             37115,3885             C-02570
2572        NOÉ REYES VARGAS                                   98261,0952             C-02571
2574        PABLO GIL CANO                                     78442,45               C-02573
2575        PURIFICACIÓN VEGA IGLESIAS                         85127,809              C-02574
2576        ANDRÉS SOTO HIDALGO                                78000,833              C-02575
2584        MARCOS VIDAL LOZANO                                31262,372              C-02583
2593        HONORIO RAMOS MOLINA                               16340,2755             C-02592
2594        JOEL HERRERA CRUZ                                  41807,334              C-02593
2596        ELÍAS BLESA MOLINA                                 104364,9758            C-02595
2607        PANCRACIO SANTOS MARTÍNEZ                          6733,8375              C-02606
2612        DACIANO MARTÍNEZ DELGADO                           27004,776              C-02611
2622        RIGOBERTO AGUILAR ÁLVAREZ                          108693,0178            C-02621
2626        ALEJANDRO GIL MORALES                              16446,837              C-02625
2628        IGNACIO VÁZQUEZ ORTIZ                              72803,554              C-02627
2639        MÍRIAM DURÁN BRAVO                                 20317,8495             C-02638
2644        CAYO CASTRO CRESPO                                 139548,1418            C-02643
2651        MILAGROS DÍEZ BLESA                                67476,0395             C-02650
2658        FABIO ORTEGA CAMPOS                                53677,432              C-02657
2666        RAMÓN CARMONA RAMÍREZ                              34835,1225             C-02665
2677        LUZ BENÍTEZ MORENO                                 89315,7605             C-02676
2681        ILDEFONSO CAMBIL MEDINA                            26990,2885             C-02680
2687        CESÁREO BENÍTEZ ROMERO                             12264,8325             C-02686
2692        MARINA NIETO RUBIO                                 74448,2605             C-02691
2694        SONIA GUERRERO MÁRQUEZ                             10002,8445             C-02693
2697        ADELA IGLESIAS DELGADO                             68480,028              C-02696
2708        ABELARDO MONTERO CASTILLO                          41345,5865             C-02707
2709        EVARISTO PARRA CRUZ                                117840,5996            C-02708
2713        EUSEBIO SERRANO HERNÁNDEZ                          79910,143              C-02712
2718        CEFERINO SERRANO MUÑOZ                             108695,5088            C-02717
2720        ZACARÍAS FLORES MARTÍNEZ                           40008,946              C-02719
2723        EZEQUIEL GUTIÉRREZ DÍEZ                            41168,8295             C-02722
2735        REMEDIOS MARTÍNEZ IBÁÑEZ                           73765,752              C-02734
2737        VICTORINO CRESPO PASCUAL                           125878,4456            C-02736
2740        ENCARNACIÓN ORTIZ NIETO                            22733,139              C-02739
2742        HUGO ÁLVAREZ LEÓN                                  36220,0705             C-02741
2743        JONÁS MARÍN ÁLVAREZ                                101396,578             C-02742
2745        DACIANO ALONSO ROMÁN                               101223,1104            C-02744
2748        PORFIRIO SANTANA RODRÍGUEZ                         82190,5515             C-02747
2758        RITA FUENTES PRIETO                                132469,6786            C-02757
2762        ZACARÍAS VARGAS GUERRERO                           98319,347              C-02761
2766        ISMAEL BLESA VICENTE                               136364,8882            C-02765
2770        VELERIO BRAVO RUBIO                                6198,275               C-02769
2775        MELCHOR ROMERO VEGA                                49912,7245             C-02774
2776        ROCÍO GÓMEZ HERRERO                                135386,0474            C-02775
2777        ÁNGELES CABALLERO RUIZ                             100949,702             C-02776
2793        SIMÓN GUTIÉRREZ SANTANA                            20406,0475             C-02792
2803        FERNANDO AGUILAR VELASCO                           55716,816              C-02802
2807        FERNANDO CRUZ IGLESIAS                             52796,193              C-02806
2809        SANSÓN MOYA REYES                                  86327,5925             C-02808
2818        AMPARO MARTÍNEZ DELGADO                            14112,307              C-02817
2830        JOAQUÍM MEDINA ALONSO                              126481,653             C-02829
2836        FÉLIX SUÁREZ NIETO                                 29172,258              C-02835
2858        MARCIANO REYES VELASCO                             2299,3325              C-02857
2862        SALOMÉ GALLARDO ARIAS                              30511,6345             C-02861
2863        FULGENCIO VICENTE MEDINA                           111479,4316            C-02862
2875        ÓSCAR DOMÍNGUEZ MORALES                            79067,0465             C-02874
2880        JACOBO SÁEZ CASTRO                                 140196,5444            C-02879
2901        ENCARNACIÓN FLORES CARRASCO                        27751,5235             C-02900
2909        BERNABÉ GIMÉNEZ CALVO                              37369,7795             C-02908
2912        JUVENAL VÁZQUEZ VELASCO                            19989,5105             C-02911
2918        BERNABÉ HIDALGO SANTANA                            96469,85               C-02917
2925        ANIANO HERRERO PARRA                               86518,837              C-02924
2941        ESPERANZA TORRES SOLER                             99921,0788             C-02940
2944        BEGOÑA CARMONA MONTORO                             118617,566             C-02943
2969        VALERIANO PRIETO NIETO                             119273,8364            C-02968
2970        TRINIDAD GARRIDO CARRASCO                          124191,249             C-02969
2975        CONCEPCIÓN REYES ÁLVAREZ                           76770,8015             C-02974
2982        VALENTÍN SUÁREZ CABRERA                            116348,265             C-02981
2995        URBANO ORTIZ CALVO                                 122928,8666            C-02994
2997        FÁTIMA MOLINA SUÁREZ                               80432,0445             C-02996
3017        ESTEBAN CARMONA SANTIAGO                           75854,5455             C-03016
3025        PATRICIO GALLARDO MÉNDEZ                           136377,362             C-03024
3039        ARTEMIO PASTOR SUÁREZ                              84187,1665             C-03038
3040        ANDRÉS PASCUAL PASTOR                              76946,8745             C-03039
3042        BÁRBARA SUÁREZ BENÍTEZ                             139984,6402            C-03041
3043        GODOFREDO MARTÍN CRUZ                              119271,477             C-03042
3044        VELERIO SANTANA VÁZQUEZ                            44412,899              C-03043
3050        ERICO BENÍTEZ MARÍN                                21993,108              C-03049
3054        JUAN MUÑOZ VEGA                                    30661,478              C-03053
3060        ALEJANDRO SANZ CASTILLO                            2142,5825              C-03059
3067        DIMAS GIL AGUILAR                                  86844,231              C-03066
3068        NORBERTO SÁEZ BLANCO                               71659,4975             C-03067
3069        IRENEO ORTIZ FUENTES                               76961,096              C-03068
3073        ESTER VIDAL VICENTE                                128293,5594            C-03072
3078        OTO FERNÁNDEZ SANTOS                               86407,098              C-03077
3082        BENJAMÍN MORENO VÁZQUEZ                            11553,8335             C-03081
3088        ROBERTO MARTÍNEZ MORENO                            83432,4295             C-03087
3089        GLORIA MOYA MARTÍN                                 141815,0458            C-03088
3091        NURIA MONTERO DÍAZ                                 68654,3245             C-03090
3095        BLANCA VELASCO MARTÍNEZ                            116741,514             C-03094
3100        OSWALDO SÁEZ MORENO                                134599,7656            C-03099
3102        VENANCIO CRUZ GIL                                  102604,2242            C-03101
3103        EDMUNDO RUBIO MONTERO                              35991,7                C-03102
3107        EVARISTO GARRIDO SÁEZ                              107216,87              C-03106
3115        JOSÉ LORENZO PASCUAL                               48233,685              C-03114
3116        VANESA HIDALGO TORRES                              88893,8655             C-03115
3134        INÉS CASTRO MONTORO                                71963,4215             C-03133
3144        SEGISMUNDO PARRA MOLINA                            34169,239              C-03143
3146        ARTURO MARTÍNEZ GIL                                38837,843              C-03145
3155        JULIÁN GÓMEZ GUTIÉRREZ                             126514,2334            C-03154
3157        FABIOLA GALLEGO SANTANA                            28603,645              C-03156
3158        PORFIRIO ESTEBAN BLESA                             84962,9935             C-03157
3164        LORENZO MORENO SERRANO                             36688,5345             C-03163
3166        LEÓN ORTIZ BLESA                                   60573,881              C-03165
3167        GABRIEL CASTRO VICENTE                             27533,166              C-03166
3171        ROSALIA SANTOS GONZÁLEZ                            15263,669              C-03170
3172        ONÉSIMO LOZANO GALLEGO                             114018,7194            C-03171
3183        ADOLFO VIDAL DELGADO                               87089,5875             C-03182
3184        SONIA CRESPO MARTÍNEZ                              33651,603              C-03183
3196        SOLEDAD MÉNDEZ BLESA                               121477,7604            C-03195
3205        JOSÉ GUTIÉRREZ ORTIZ                               24288,726              C-03204
3206        ANNA BRAVO HERRERO                                 92608,0615             C-03205
3207        PANCRACIO SÁNCHEZ GÓMEZ                            137538,6944            C-03206
3209        MAR ESTEBAN NÚÑEZ                                  93156,1925             C-03208
3211        ARCADIO MOYA PARRA                                 114263,6458            C-03210
3214        ANA ROMÁN MORALES                                  83423,148              C-03213
3216        FABIO ALONSO CAMPOS                                76360,0215             C-03215
3226        AMARO TORRES ÁLVAREZ                               17648,1405             C-03225
3236        BEATRIZ GÓMEZ ARIAS                                13530,5365             C-03235
3237        ODÓN PEÑA MARTÍN                                   54631,118              C-03236
3238        GEMA MÁRQUEZ CASTRO                                21808,5515             C-03237
3247        JOSEP FERRER NAVARRO                               15180,3635             C-03246
3253        CIPRIANO HERRERA NIETO                             40822,792              C-03252
3260        ADÁN GARRIDO VIDAL                                 19929,271              C-03259
3265        CELIA MARTÍN GARRIDO                               131934,8844            C-03264
3271        TOBÍAS ÁLVAREZ FERNÁNDEZ                           140340,9096            C-03270
3274        JACOBO CABRERA DURÁN                               40667,1915             C-03273
3280        MARCIANO REY GALLARDO                              34533,8585             C-03279
3285        PRIMO MARTÍNEZ HERNÁNDEZ                           64018,619              C-03284
3286        ACACIO CABRERA MORENO                              54178,9465             C-03285
3287        ÓSCAR VIDAL MOLINA                                 38373,0745             C-03286
3289        ALMUDENA SÁEZ GARCÍA                               94389,7295             C-03288
3294        BERNABÉ FLORES MORA                                126068,3068            C-03293
3296        REBECA GIMÉNEZ SOLER                               26021,412              C-03295
3297        AURELIANO MORENO SERRANO                           121162,8792            C-03296
3298        ADÁN RAMÍREZ BLANCO                                119653,399             C-03297
3308        AMPARO GARCÍA FUENTES                              22460,28               C-03307
3312        FRANCISCA GUTIÉRREZ CARRASCO                       93488,6355             C-03311
3313        CASIMIRO VELASCO ÁLVAREZ                           35442,201              C-03312
3315        VALERIANO HERNÁNDEZ TORRES                         47841,3255             C-03314
3316        EPIFANÍA AGUILAR DURÁN                             70940,3855             C-03315
3327        ABEL FERRER MEDINA                                 17423,1235             C-03326
3330        BALDOMERO GIMÉNEZ ESTEBAN                          25517,5035             C-03329
3331        CARMEN LÓPEZ SERRANO                               63240,816              C-03330
3336        SALOMÉ IGLESIAS CAMPOS                             54834,5415             C-03335
3337        PÍO BRAVO VIDAL                                    117639,1294            C-03336
3348        MOISÉS BRAVO FERRER                                57257,7825             C-03347
3355        LORENZO CANO SÁEZ                                  118229,346             C-03354
3357        RAFAEL IGLESIAS LÓPEZ                              67719,9045             C-03356
3367        ADRIÁN RUBIO GUTIÉRREZ                             78567,8025             C-03366
3370        LUCRECIA DURÁN IGLESIAS                            105475,6704            C-03369
3372        BERNABÉ PASCUAL NÚÑEZ                              84955,6975             C-03371
3376        FEDERICO GUERRERO CASTILLO                         76252,567              C-03375
3385        AARÓN HERRERA PASCUAL                              13141,3405             C-03384
3388        JOSUÉ MOYA IBÁÑEZ                                  58450,118              C-03387
3395        MIQUEAS SANTIAGO GALLEGO                           138690,0158            C-03394
3406        ÁLVARO GUTIÉRREZ FERRER                            18142,9765             C-03405
3418        NOELIA NIETO PRIETO                                47771,4815             C-03417
3420        BERNARDA BENÍTEZ DÍAZ                              98374,7882             C-03419
3421        MARCIANO PEÑA MÉNDEZ                               139571,3316            C-03420
3426        HÉCTOR GÓMEZ MARTÍNEZ                              51648,2035             C-03425
3428        ADALBERTO ROMÁN LÓPEZ                              128014,4076            C-03427
3431        LORENA ORTEGA SANZ                                 89556,595              C-03430
3432        ANASTASIA CAMPOS VÁZQUEZ                           137657,3224            C-03431
3435        ARACELI MONTERO VIDAL                              113131,4722            C-03434
3443        NICODEMO DÍEZ NAVARRO                              41561,3315             C-03442
3460        NEMESIO IGLESIAS ROMÁN                             27334,54               C-03459
3463        ADELAIDA CRUZ HERRERO                              93082,9855             C-03462
3472        OSCAR LORENZO RAMOS                                16439,7215             C-03471
3475        HÉCTOR GALLARDO NÚÑEZ                              135185,8462            C-03474
3477        RAFAEL DELGADO FERNÁNDEZ                           26082,991              C-03476
3482        RAIMUNDO MORENO MORENO                             10165,4655             C-03481
3494        EDMUNDO DÍAZ ARIAS                                 127900,5266            C-03493
3498        CONCEPCIÓN SANZ LOZANO                             39262,6355             C-03497
3506        ALICIA FERNÁNDEZ GIL                               22368,7285             C-03505
3507        NEMESIO CAMPOS RUIZ                                47869,9585             C-03506
3521        ABRAHÁN HIDALGO MORALES                            117328,638             C-03520
3531        NOÉ GÓMEZ CRUZ                                     141490,539             C-03530
3540        EUGENIO GUTIÉRREZ IGLESIAS                         85613,962              C-03539
3545        ESPERANZA DÍEZ CARMONA                             27508,0765             C-03544
3558        ÁNGELES ÁLVAREZ SANTANA                            73401,237              C-03557
3566        GERMÁN GUERRERO BENÍTEZ                            136609,2036            C-03565
3568        EPIFANÍA REYES MORA                                21045,369              C-03567
3572        GISELA JIMÉNEZ HIDALGO                             65980,2265             C-03571
3576        MONTSERRAT MEDINA LORENZO                          6135,119               C-03575
3587        CARMEN MORENO ARIAS                                101214,6504            C-03586
3602        AUGUSTO VIDAL CORTÉS                               84715,984              C-03601
3606        BALDUINO MUÑOZ ROMÁN                               42090,206              C-03605
3618        AURORA GUTIÉRREZ FERNÁNDEZ                         115676,0616            C-03617
3621        VENANCIO ALONSO RODRÍGUEZ                          28791,175              C-03620
3628        ABDÓN REY RAMÍREZ                                  99595,8012             C-03627
3665        ARTURO SANTANA MEDINA                              63412,728              C-03664
3666        FAUSTINO PARRA CORTÉS                              131711,7002            C-03665
3667        EUGENIO CORTÉS IBÁÑEZ                              119025,4884            C-03666
3692        VANESA RUBIO PASCUAL                               112635,3402            C-03691
3698        CELSO MONTORO PRIETO                               97295,6306             C-03697
3700        CELSO ORTEGA VELASCO                               16639,535              C-03699
3703        ABDÓN MONTERO GIMÉNEZ                              58608,103              C-03702
3704        JOAN PASCUAL MOLINA                                80412,294              C-03703
3705        REINALDO MONTERO MONTERO                           97912,2048             C-03704
3716        CECILIA TORRES CAMBIL                              25677,1795             C-03715
3720        ÓSCAR DURÁN GIL                                    93728,121              C-03719
3726        ESIQUIO MARTÍN GUERRERO                            35287,256              C-03725
3727        CIRO PASTOR SANTIAGO                               58283,4785             C-03726
3729        ANTONIA HERNÁNDEZ SERRANO                          73599,027              C-03728
3733        SUSANA BLANCO AGUILAR                              3412,457               C-03732
3736        VIDAL CORTÉS FUENTES                               53760,2245             C-03735
3739        AMARO MORENO CAMBIL                                61076,0985             C-03738
3743        COLUMBA HIDALGO MUÑOZ                              98176,608              C-03742
3749        CONSTANTINO CAMPOS CALVO                           79301,877              C-03748
3756        CELSO VICENTE CASTILLO                             62921,597              C-03755
3757        ADALBERTO ARIAS IGLESIAS                           86984,793              C-03756
3759        LUZ MARTÍN CRUZ                                    44262,685              C-03758
3762        MANUEL CARRASCO MARTÍNEZ                           103051,7112            C-03761
3763        PRIMO REYES LOZANO                                 30332,4455             C-03762
3768        VICTORIA MARTÍNEZ FUENTES                          110276,617             C-03767
3770        DAMIÁN NÚÑEZ ORTIZ                                 48461,8275             C-03769
3773        ANDREA PARRA MÁRQUEZ                               128814,2348            C-03772
3775        BEATRIZ BLANCO BLANCO                              83376,788              C-03774
3780        GODOFREDO MONTERO BENÍTEZ                          107359,3646            C-03779
3787        ARESIO BLANCO NIETO                                99480,999              C-03786
3792        CRISTÓBAL GALLEGO MONTERO                          76807,842              C-03791
3804        EVA GUTIÉRREZ ARIAS                                2768,148               C-03803
3806        LADISLAO CABALLERO MUÑOZ                           88881,7625             C-03805
3813        ACACIO VICENTE LOZANO                              76427,614              C-03812
3824        ADÓN ROMERO VÁZQUEZ                                112356,2354            C-03823
3827        ROSARIO MOLINA REYES                               65551,2635             C-03826
3830        ROBERTO PÉREZ MOLINA                               121779,4252            C-03829
3832        FABIÁN DURÁN CARMONA                               32066,889              C-03831
3836        LAURA DELGADO DÍEZ                                 138287,1506            C-03835
3837        REMEDIOS GONZÁLEZ MOYA                             119618,4968            C-03836
3838        NICANOR RAMÍREZ MARTÍN                             38440,5625             C-03837
3842        MAXIMILIANO MORALES BRAVO                          94601,0548             C-03841
3846        FELICIANO FERRER GIMÉNEZ                           106504,9798            C-03845
3847        ISMAEL ÁLVAREZ SOTO                                43608,021              C-03846
3850        ÁUREA SANZ FUENTES                                 21709,457              C-03849
3852        DARIO MEDINA SÁNCHEZ                               5523,091               C-03851
3853        VICTORINO RAMOS DÍAZ                               7078,089               C-03852
3857        MATÍAS LOZANO NIETO                                72844,898              C-03856
3862        ALONSO LOZANO CRESPO                               1986,184               C-03861
3863        ÚRSULA IGLESIAS CAMPOS                             117357,0072            C-03862
3864        CONRADO PARRA ÁLVAREZ                              30469,065              C-03863
3866        DÁMASO MÉNDEZ NAVARRO                              50816,4405             C-03865
3868        TOBÍAS CARRASCO ARIAS                              72918,4565             C-03867
3880        CAYETANO HERRERO PASTOR                            48530,218              C-03879
3881        FERNANDO DÍEZ ROMÁN                                93552,4185             C-03880
3892        AARÓN IGLESIAS NÚÑEZ                               121406,4896            C-03891
3899        EDUVIGIS DÍEZ DELGADO                              71060,5415             C-03898
3900        JOAN SANTANA SOLER                                 95854,8738             C-03899
3902        HONORATO MOLINA GALLEGO                            88936,9005             C-03901
3904        ORESTES ORTIZ PASTOR                               119368,4944            C-03903
3915        PONCIO PASTOR AGUILAR                              22125,8325             C-03914
3919        LINO GÓMEZ GÓMEZ                                   127055,1094            C-03918
3929        CECILIA HERRERA BLESA                              32496,7735             C-03928
3932        TORIBIO GALLEGO FERRER                             26228,4835             C-03931
3934        ADOLFO VICENTE GARRIDO                             33994,439              C-03933
3936        LEÓN ARIAS VARGAS                                  110985,5744            C-03935
3943        ELENA GUTIÉRREZ NAVARRO                            41497,387              C-03942
3958        ANANÍAS MONTERO LORENZO                            51779,028              C-03957
3961        VIRGINIA RODRÍGUEZ GUTIÉRREZ                       123538,6258            C-03960
3970        AURELIANO ESTEBAN CORTÉS                           140590,0848            C-03969
3977        ABRAHÁN HERRERA LOZANO                             6428,365               C-03976
3980        SANSÓN GIL CORTÉS                                  64262,617              C-03979
3985        ADÓN CAMPOS IBÁÑEZ                                 65773,744              C-03984
3987        SEBASTIÁN MÁRQUEZ PARRA                            115520,1908            C-03986
3988        ROSA AGUILAR JIMÉNEZ                               105434,3574            C-03987
3994        ROSA SÁEZ CARMONA                                  77063,3445             C-03993
4000        HERACLIO ROMÁN MARÍN                               96308,7904             C-03999
4006        MATEO MARTÍNEZ SANTIAGO                            10942,195              C-04005
4011        JULIO IBÁÑEZ PASTOR                                13171,5315             C-04010
4012        IVÁN FLORES CAMPOS                                 54795,9145             C-04011
4014        GODOFREDO GUERRERO MARTÍNEZ                        63050,075              C-04013
4020        EUGENIA DÍAZ BLANCO                                87107,6945             C-04019
4036        JOAQUÍM FUENTES ÁLVAREZ                            70624,805              C-04035
4041        MARIANO GUERRERO TORRES                            85572,0195             C-04040
4050        CELSO GUTIÉRREZ IBÁÑEZ                             42126,7905             C-04049
4053        SIMÓN FERNÁNDEZ IGLESIAS                           12434,5215             C-04052
4054        LINO PRIETO MUÑOZ                                  30663,9955             C-04053
4077        BEATRIZ CABRERA GUERRERO                           10298,076              C-04076
4080        FELICIANO ROMERO PASTOR                            45380,9965             C-04079
4086        ADELA CALVO CARRASCO                               31301,0845             C-04085
4087        FÉLIX GIL AGUILAR                                  67347,1245             C-04086
4091        ADOLFO JIMÉNEZ CABALLERO                           121439,8878            C-04090
4096        ANTONIA ESTEBAN HERRERO                            25447,498              C-04095
4100        VALENTÍN DOMÍNGUEZ LÓPEZ                           31519,6985             C-04099
4102        INÉS BRAVO ARIAS                                   116608,6262            C-04101
4103        CIRILO RUBIO SÁEZ                                  43385,911              C-04102
4106        EZEQUIEL SÁEZ GUTIÉRREZ                            133584,4152            C-04105
4111        ATANASIO MÉNDEZ MÉNDEZ                             115224,1284            C-04110
4118        RUPERTO CAMPOS GIMÉNEZ                             122551,325             C-04117
4123        VICENTA HERRERO JIMÉNEZ                            10312,8675             C-04122
4127        CONSTANCIO CRUZ VÁZQUEZ                            66997,04               C-04126
4132        ISAÍAS VIDAL HERNÁNDEZ                             87540,904              C-04131
4134        MARTÍN PARRA ROMÁN                                 32013,309              C-04133
4141        RENATO MARÍN SANTOS                                88542,736              C-04140
4142        AARÓN CAMPOS MARÍN                                 48572,322              C-04141
4145        CÉSAR BENÍTEZ SANTOS                               44099,9975             C-04144
4150        SOLEDAD REY RUIZ                                   30423,6455             C-04149
4154        CRISTINA HIDALGO REY                               61573,6515             C-04153
4159        IGNACIO CAMBIL RAMOS                               2135,7805              C-04158
4164        MANUEL CALVO MARTÍNEZ                              83483,3495             C-04163
4166        EDUARDO ROMERO GIL                                 2847,454               C-04165
4167        YOLANDA HERNÁNDEZ VELASCO                          20419,9175             C-04166
4168        SEBASTIÁN ÁLVAREZ MARTÍN                           74724,7865             C-04167
4169        EMILIANO BLANCO SANTOS                             90653,389              C-04168
4173        LOURDES MOLINA RAMÍREZ                             31325,965              C-04172
4193        ACACIO PRIETO REY                                  78575,0225             C-04192
4194        AMBROSIO VELASCO CANO                              32404,975              C-04193
4195        ALBINA MONTERO MÁRQUEZ                             92492,475              C-04194
4204        FABIO PASTOR MEDINA                                114199,3592            C-04203
4213        LIDIA SÁNCHEZ PARRA                                138001,8794            C-04212
4217        SALOMÓN HERNÁNDEZ MONTERO                          17277,289              C-04216
4232        MARTÍN MONTERO DELGADO                             34686,78               C-04231
4245        ANSELMO ROMÁN PEÑA                                 38255,208              C-04244
4254        AMARO HERNÁNDEZ ARIAS                              59927,634              C-04253
4260        CAYO SUÁREZ SUÁREZ                                 2178,8345              C-04259
4270        MARCIAL HIDALGO VICENTE                            54335,8485             C-04269
4273        ANDRÉS VÁZQUEZ PRIETO                              127116,4162            C-04272
4281        ANIANO CARRASCO HERRERO                            26631,426              C-04280
4283        ADÓN SANZ ESTEBAN                                  71156,8905             C-04282
4296        DIMAS CABALLERO SÁNCHEZ                            40208,3605             C-04295
4298        DANIEL PASCUAL ROMERO                              92518,353              C-04297
4304        MERCEDES IGLESIAS PRIETO                           67801,5285             C-04303
4313        NOÉ VÁZQUEZ VEGA                                   55089,569              C-04312
4331        RITA MEDINA CORTÉS                                 136818,1186            C-04330
4337        PONCIO CASTRO LEÓN                                 26664,448              C-04336
4340        LUCANO ARIAS GUERRERO                              141508,587             C-04339
4353        CELINA MORENO BLESA                                61505,9355             C-04352
4354        SILVIA MORA FUENTES                                44100,1685             C-04353
4359        INMACULADA MOLINA GUERRERO                         141176,6636            C-04358
4363        MIGUEL HERNÁNDEZ IBÁÑEZ                            109295,8962            C-04362
4374        NARCISO GÓMEZ ÁLVAREZ                              53960,4085             C-04373
4379        MIQUEAS GARCÍA FERNÁNDEZ                           51133,5505             C-04378
4383        MOHAMED GIL CANO                                   79604,756              C-04382
4384        MOISÉS RUIZ ROMÁN                                  131229,3862            C-04383
4388        LEANDRO SANTOS AGUILAR                             35614,607              C-04387
4389        FACUNDO CASTRO CARRASCO                            19642,6085             C-04388
4392        ORIOL FUENTES VELASCO                              19763,135              C-04391
4396        EDUARDO MORENO JIMÉNEZ                             5160,2385              C-04395
4403        ANIANO CARRASCO BLESA                              47143,5505             C-04402
4411        BRUNO GARRIDO VÁZQUEZ                              54734,934              C-04410
4414        SALOMÉ PEÑA LÓPEZ                                  120717,6388            C-04413
4418        TEODORA SANTIAGO GÓMEZ                             42450,8735             C-04417
4435        AURELIANO MORA SANTOS                              100868,8244            C-04434
4445        FABIÁN GALLEGO TORRES                              125688,3964            C-04444
4451        AURELIA GARRIDO VELASCO                            119359,2072            C-04450
4459        NORBERTO HERRERO JIMÉNEZ                           131569,2244            C-04458
4467        VIRGINIA MORA MOLINA                               9080,138               C-04466
4471        JAVIER CARRASCO SÁNCHEZ                            54716,8175             C-04470
4474        CRISTÓBAL ROMÁN MUÑOZ                              31673,589              C-04473
4477        RAÚL NAVARRO DELGADO                               131145,7074            C-04476
4480        ADÁN LOZANO MARÍN                                  82990,974              C-04479
4482        EULALIA SANTIAGO VARGAS                            72088,1945             C-04481
4495        ÚRSULA LÓPEZ NAVARRO                               95857,2802             C-04494
4506        MERCEDES RUIZ RAMOS                                100325,5326            C-04505
4517        JUVENAL LEÓN ORTEGA                                123654,3586            C-04516
4523        COLUMBA RUBIO BRAVO                                53021,476              C-04522
4525        BEGOÑA PÉREZ CALVO                                 38586,093              C-04524
4527        BERNARDA GUERRERO ORTIZ                            30941,937              C-04526
4529        SUSANA RAMÍREZ RODRÍGUEZ                           115882,1848            C-04528
4531        JONÁS GIL DÍEZ                                     110994,2976            C-04530
4532        LADISLAO MUÑOZ DOMÍNGUEZ                           2560,7155              C-04531
4533        EUGENIO REY CASTILLO                               141721,9576            C-04532
4535        REBECA TORRES MOLINA                               112598,6426            C-04534
4537        JAVIER MÁRQUEZ MARTÍN                              131778,1864            C-04536
4544        CARINA GIMÉNEZ CALVO                               33108,146              C-04543
4545        ARÁNZAZU AGUILAR VARGAS                            114040,1514            C-04544
4546        OSEAS DÍAZ SANTOS                                  113294,3648            C-04545
4547        GUZMÁN VARGAS TORRES                               17374,8635             C-04546
4548        GISELA ROMERO CRESPO                               63341,535              C-04547
4554        VIDAL MARTÍN FERRER                                11326,4225             C-04553
4557        ROSALIA JIMÉNEZ REYES                              27389,4215             C-04556
4563        LEOCADIA FERRER GONZÁLEZ                           53642,149              C-04562
4587        SILVIA CANO CALVO                                  67682,6455             C-04586
4588        GUIDO VEGA MARTÍNEZ                                44958,275              C-04587
4595        ZACARÍAS SANTIAGO RAMOS                            59876,068              C-04594
4596        GISELA BLANCO HERRERA                              126760,4852            C-04595
4602        FRANCISCO LEÓN IBÁÑEZ                              122819,225             C-04601
4607        PETRONILA ROMERO RAMOS                             16372,205              C-04606
4609        LUCAS SANTANA MARTÍNEZ                             132418,8904            C-04608
4613        ROSALIA CAMPOS PÉREZ                               104674,0478            C-04612
4619        SALVIO PRIETO CAMBIL                               25661,837              C-04618
4621        ASUNCIÓN ÁLVAREZ CANO                              9447,8925              C-04620
4625        SALOMÉ CAMPOS HERNÁNDEZ                            132025,3876            C-04624
4630        JUVENAL ARIAS ARIAS                                44190,808              C-04629
4633        CAYETANO CORTÉS LORENZO                            40431,772              C-04632
4644        PABLO MONTERO NAVARRO                              85934,796              C-04643
4647        JULIO DELGADO GALLEGO                              51823,013              C-04646
4648        EDUVIGIS GIMÉNEZ SANTANA                           27801,9875             C-04647
4649        EUGENIO VÁZQUEZ GIL                                94474,418              C-04648
4650        ROSALIA FUENTES BRAVO                              138269,4034            C-04649
4670        FABIOLA RUBIO NIETO                                102304,5146            C-04669
4698        ALBINA MORENO SANTOS                               9317,0775              C-04697
4710        PONCIO ARIAS FUENTES                               92990,351              C-04709
4717        NOELIA GIMÉNEZ TORRES                              35019,641              C-04716
4720        CONSTANTINO HIDALGO SANTIAGO                       79619,177              C-04719
4730        VÍCTOR FUENTES BRAVO                               101592,0698            C-04729
4747        CASIMIRO VICENTE PÉREZ                             64974,9745             C-04746
4759        LINO CABRERA BRAVO                                 28749,1375             C-04758
4771        ESDRAS FERNÁNDEZ CARMONA                           94839,4482             C-04770
4775        ANIANO FERRER BENÍTEZ                              113679,464             C-04774
4777        NARCISO CALVO ÁLVAREZ                              23232,098              C-04776
4779        CONSUELO DELGADO SÁEZ                              94067,5296             C-04778
4783        IFIGENIA MONTERO FUENTES                           58443,1545             C-04782
4784        ABRAHÁN CALVO DURÁN                                120820,3902            C-04783
4791        HÉCTOR RODRÍGUEZ MARTÍNEZ                          81026,7445             C-04790
4796        LUIS CABALLERO GARCÍA                              116370,5806            C-04795
4801        URBANO MARTÍNEZ SOLER                              86231,215              C-04800
4809        FAUSTINO BRAVO VÁZQUEZ                             10426,0505             C-04808
4811        FRANCISCA FERNÁNDEZ MARTÍN                         40403,6995             C-04810
4812        ASUNCIÓN BLANCO GARCÍA                             85926,759              C-04811
4828        LEANDRO BLESA MOLINA                               115496,578             C-04827
4833        FEDERICO GALLEGO LEÓN                              61190,773              C-04832
4835        LORENZO HIDALGO HERRERO                            58571,7275             C-04834
4840        CONSTANCIO PEÑA NAVARRO                            91975,7795             C-04839
4866        CARMELO SANTOS SÁNCHEZ                             116969,3324            C-04865
4871        FAUSTO CRUZ CAMPOS                                 44794,02               C-04870
4884        ESIQUIO VÁZQUEZ FERRER                             52682,5065             C-04883
4890        ARACELI CASTILLO GUERRERO                          94233,7775             C-04889
4894        PRIMO SERRANO ROMÁN                                59609,4695             C-04893
4912        ESDRAS MONTORO VARGAS                              130120,7126            C-04911
4916        AITOR GIMÉNEZ LOZANO                               132074,794             C-04915
4918        DEMÓCRITO ARIAS GARRIDO                            107148,297             C-04917
4924        TITO VÁZQUEZ GARRIDO                               2201,169               C-04923
4930        FERMÍN MONTERO ESTEBAN                             131000,0262            C-04929
4938        LUCIANO PARRA VICENTE                              72281,4815             C-04937
4942        NORBERTO CALVO AGUILAR                             108026,3604            C-04941
4943        MÍRIAM VICENTE MUÑOZ                               101361,6758            C-04942
4944        LEANDRO FERNÁNDEZ IGLESIAS                         55960,662              C-04943
4948        EULALIA CRESPO MORALES                             95104,0394             C-04947
4951        JORDI MÁRQUEZ SERRANO                              67258,7175             C-04950
4953        BÁRBARA FLORES HERNÁNDEZ                           121077,2358            C-04952
4955        NIEVES CAMBIL JIMÉNEZ                              78617,725              C-04954
4957        RAFAEL VÁZQUEZ RAMOS                               65111,765              C-04956
4959        LUCAS SÁNCHEZ GALLARDO                             76718,2285             C-04958
4965        SONIA LEÓN GUERRERO                                11204,4235             C-04964
4966        ANTONIA MÉNDEZ ÁLVAREZ                             6224,0295              C-04965
4976        ANTERO MORENO LÓPEZ                                123113,8022            C-04975
4986        SUSANA SERRANO HERRERA                             64703,55               C-04985
4987        SIMEÓN SANTANA MUÑOZ                               29191,3245             C-04986
4990        MARIO BRAVO DELGADO                                41696,0795             C-04989
4995        MARTÍN HERNÁNDEZ LÓPEZ                             102487,072             C-04994
5004        FAUSTINO FUENTES HERRERO                           12473,177              C-05003
5023        OSCAR CABRERA NAVARRO                              52964,4665             C-05022
5037        ILDEFONSO ALONSO MARTÍNEZ                          99521,5694             C-05036
5047        FABIO NÚÑEZ ORTIZ                                  132409,5938            C-05046
5052        SAMUEL SANTIAGO NAVARRO                            119089,6434            C-05051
5055        CAMILO NAVARRO SANTANA                             101237,6146            C-05054
5062        ALFREDO SERRANO SÁEZ                               43994,69               C-05061
5067        ÁUREA RAMOS CRESPO                                 73292,3765             C-05066
5076        SALVADOR PASTOR IBÁÑEZ                             135661,0256            C-05075
5077        ESDRAS FLORES GALLEGO                              30610,216              C-05076
5081        TIMOTEO DÍAZ PARRA                                 98097,5258             C-05080
5089        SAMUEL HERNÁNDEZ GONZÁLEZ                          116997,664             C-05088
5093        RAMÓN MEDINA VIDAL                                 141339,0486            C-05092
5100        ESDRAS ORTEGA SANTIAGO                             95284,228              C-05099
5113        NORBERTO TORRES FLORES                             47226,1625             C-05112
5114        ALBINA MUÑOZ MARÍN                                 57861,0515             C-05113
5123        LUCAS PARRA DÍEZ                                   120452,1076            C-05122
5124        MARTÍN BRAVO ESTEBAN                               89859,3505             C-05123
5127        CASIO RODRÍGUEZ CAMPOS                             136470,5348            C-05126
5139        EUSEBIO MONTORO CASTRO                             7259,501               C-05138
5140        ENRIQUE HERNÁNDEZ BENÍTEZ                          54642,5845             C-05139
5146        RAMÓN ORTIZ VÁZQUEZ                                56480,3405             C-05145
5148        EDUARDO PARRA NÚÑEZ                                37901,7795             C-05147
5149        MARCELINO CARMONA MEDINA                           98420,9046             C-05148
5154        MOISÉS MARÍN JIMÉNEZ                               111290,548             C-05153
5157        CASIMIRO GARCÍA CORTÉS                             17091,7445             C-05156
5163        CLARA GUERRERO CANO                                82097,328              C-05162
5169        FACUNDO REY LOZANO                                 89349,305              C-05168
5173        BERNARDO BRAVO MÉNDEZ                              114537,0542            C-05172
5180        ANTERO NIETO MORENO                                98220,835              C-05179
5183        LEONCIO CASTILLO VÁZQUEZ                           127287,7312            C-05182
5185        CASIANO DOMÍNGUEZ CAMPOS                           99547,7672             C-05184
5187        ODÓN CARMONA BENÍTEZ                               38938,771              C-05186
5190        LUCIANO FUENTES SANTOS                             128055,6924            C-05189
5191        NARCISO GIMÉNEZ IBÁÑEZ                             54229,2775             C-05190
5195        FAUSTINO ESTEBAN CAMBIL                            71410,854              C-05194
5203        RUPERTO MARTÍN RODRÍGUEZ                           57814,321              C-05202
5204        FERNANDO VIDAL CARRASCO                            82364,6675             C-05203
5205        ANASTASIA GONZÁLEZ NAVARRO                         124386,6374            C-05204
5220        RIGOBERTO MONTERO MOLINA                           51605,8715             C-05219
5223        BORJA CABALLERO MARTÍNEZ                           1855,483               C-05222
5229        DIEGO SANTOS TORRES                                128988,2194            C-05228
5242        ACACIO IBÁÑEZ CRUZ                                 97919,2548             C-05241
5248        BERNARDO RODRÍGUEZ FUENTES                         99580,8364             C-05247
5251        HUGO SOLER PARRA                                   62441,581              C-05250
5252        CLAUDIO CORTÉS CRUZ                                52509,5305             C-05251
5255        FRANCISCA CRESPO LOZANO                            9362,9815              C-05254
5258        MANUEL GUERRERO RAMÍREZ                            93144,3365             C-05257
5260        ARNALDO PARRA SANTOS                               53399,0725             C-05259
5264        ARÁNZAZU BRAVO AGUILAR                             120326,7116            C-05263
5268        HILARIÓN BRAVO GALLARDO                            29760,3745             C-05267
5272        CONRADO HERRERO IBÁÑEZ                             11388,7235             C-05271
5281        MARCIANO HIDALGO VELASCO                           11993,427              C-05280
5282        LUIS FERRER SÁNCHEZ                                39381,1385             C-05281
5285        NOELIA RAMOS DÍAZ                                  77705,5445             C-05284
5292        ALBERTO RUBIO CANO                                 141295,9966            C-05291
5296        JACOB MÉNDEZ CASTRO                                112995,9242            C-05295
5298        ALIPIO ARIAS CANO                                  38459,5815             C-05297
5303        OSEAS SÁNCHEZ CALVO                                49940,8255             C-05302
5306        AITOR CRUZ MARÍN                                   59244,6695             C-05305
5310        JACOBO FERRER MONTERO                              37273,3545             C-05309
5312        ANNA FERNÁNDEZ PÉREZ                               94567,337              C-05311
5313        IRENEO CARMONA RUBIO                               119366,7272            C-05312
5314        RAMIRO SUÁREZ BRAVO                                73187,9145             C-05313
5326        NAZARIO RUIZ ORTEGA                                94280,09               C-05325
5334        OSWALDO PARRA CABALLERO                            64726,521              C-05333
5336        ALBINA PARRA FERNÁNDEZ                             119763,9242            C-05335
5337        ELENA CABALLERO IBÁÑEZ                             138595,104             C-05336
5347        ALEJANDRA LORENZO CAMPOS                           33570,1785             C-05346
5348        SIXTO NIETO GUTIÉRREZ                              67796,5315             C-05347
5352        ROCÍO SANTANA GONZÁLEZ                             14704,309              C-05351
5358        BENITO PÉREZ MEDINA                                35003,5195             C-05357
5359        NARCISO NÚÑEZ AGUILAR                              44252,482              C-05358
5365        ABDÓN CANO BLANCO                                  127676,5058            C-05364
5374        MAURICIO GUERRERO BLANCO                           113030,8546            C-05373
5379        DIMAS CRUZ NAVARRO                                 7789,734               C-05378
5380        ASUNCIÓN CAMBIL MONTERO                            129113,4274            C-05379

(1000 rows affected)


Completion time: 2020-07-26T18:04:19.8751814-04:00
